[0.073s] DEBUG:colcon:Command line arguments: ['/usr/bin/colcon', 'build']
[0.073s] DEBUG:colcon:Parsed command line arguments: Namespace(log_base=None, log_level=None, verb_name='build', build_base='build', install_base='install', merge_install=False, symlink_install=False, test_result_base=None, continue_on_error=False, executor='parallel', parallel_workers=16, event_handlers=None, ignore_user_meta=False, metas=['./colcon.meta'], base_paths=['.'], packages_ignore=None, packages_ignore_regex=None, paths=None, packages_up_to=None, packages_up_to_regex=None, packages_above=None, packages_above_and_dependencies=None, packages_above_depth=None, packages_select_by_dep=None, packages_skip_by_dep=None, packages_skip_up_to=None, packages_select_build_failed=False, packages_skip_build_finished=False, packages_select_test_failures=False, packages_skip_test_passed=False, packages_select=None, packages_skip=None, packages_select_regex=None, packages_skip_regex=None, packages_start=None, packages_end=None, allow_overriding=[], cmake_args=None, cmake_target=None, cmake_target_skip_unavailable=False, cmake_clean_cache=False, cmake_clean_first=False, cmake_force_configure=False, ament_cmake_args=None, catkin_cmake_args=None, catkin_skip_building_tests=False, verb_parser=<colcon_defaults.argument_parser.defaults.DefaultArgumentsDecorator object at 0x72a334c21330>, verb_extension=<colcon_core.verb.build.BuildVerb object at 0x72a334d66770>, main=<bound method BuildVerb.main of <colcon_core.verb.build.BuildVerb object at 0x72a334d66770>>)
[0.175s] Level 1:colcon.colcon_core.package_discovery:discover_packages(colcon_meta) check parameters
[0.175s] Level 1:colcon.colcon_core.package_discovery:discover_packages(recursive) check parameters
[0.176s] Level 1:colcon.colcon_core.package_discovery:discover_packages(ignore) check parameters
[0.176s] Level 1:colcon.colcon_core.package_discovery:discover_packages(path) check parameters
[0.176s] Level 1:colcon.colcon_core.package_discovery:discover_packages(colcon_meta) discover
[0.176s] Level 1:colcon.colcon_core.package_discovery:discover_packages(recursive) discover
[0.176s] INFO:colcon.colcon_core.package_discovery:Crawling recursively for packages in '/home/tofu/catkin_ws'
[0.176s] Level 1:colcon.colcon_core.package_identification:_identify(.) by extensions ['ignore', 'ignore_ament_install']
[0.176s] Level 1:colcon.colcon_core.package_identification:_identify(.) by extension 'ignore'
[0.176s] Level 1:colcon.colcon_core.package_identification:_identify(.) by extension 'ignore_ament_install'
[0.176s] Level 1:colcon.colcon_core.package_identification:_identify(.) by extensions ['colcon_pkg']
[0.176s] Level 1:colcon.colcon_core.package_identification:_identify(.) by extension 'colcon_pkg'
[0.176s] Level 1:colcon.colcon_core.package_identification:_identify(.) by extensions ['colcon_meta']
[0.176s] Level 1:colcon.colcon_core.package_identification:_identify(.) by extension 'colcon_meta'
[0.176s] Level 1:colcon.colcon_core.package_identification:_identify(.) by extensions ['ros']
[0.176s] Level 1:colcon.colcon_core.package_identification:_identify(.) by extension 'ros'
[0.184s] Level 1:colcon.colcon_core.package_identification:_identify(.) by extensions ['cmake', 'python']
[0.184s] Level 1:colcon.colcon_core.package_identification:_identify(.) by extension 'cmake'
[0.184s] Level 1:colcon.colcon_core.package_identification:_identify(.) by extension 'python'
[0.184s] Level 1:colcon.colcon_core.package_identification:_identify(.) by extensions ['python_setup_py']
[0.184s] Level 1:colcon.colcon_core.package_identification:_identify(.) by extension 'python_setup_py'
[0.184s] Level 1:colcon.colcon_core.package_identification:_identify(build) by extensions ['ignore', 'ignore_ament_install']
[0.184s] Level 1:colcon.colcon_core.package_identification:_identify(build) by extension 'ignore'
[0.184s] Level 1:colcon.colcon_core.package_identification:_identify(build) ignored
[0.184s] Level 1:colcon.colcon_core.package_identification:_identify(install) by extensions ['ignore', 'ignore_ament_install']
[0.184s] Level 1:colcon.colcon_core.package_identification:_identify(install) by extension 'ignore'
[0.184s] Level 1:colcon.colcon_core.package_identification:_identify(install) ignored
[0.184s] Level 1:colcon.colcon_core.package_identification:_identify(log) by extensions ['ignore', 'ignore_ament_install']
[0.185s] Level 1:colcon.colcon_core.package_identification:_identify(log) by extension 'ignore'
[0.185s] Level 1:colcon.colcon_core.package_identification:_identify(log) ignored
[0.185s] Level 1:colcon.colcon_core.package_identification:_identify(src) by extensions ['ignore', 'ignore_ament_install']
[0.185s] Level 1:colcon.colcon_core.package_identification:_identify(src) by extension 'ignore'
[0.185s] Level 1:colcon.colcon_core.package_identification:_identify(src) by extension 'ignore_ament_install'
[0.185s] Level 1:colcon.colcon_core.package_identification:_identify(src) by extensions ['colcon_pkg']
[0.185s] Level 1:colcon.colcon_core.package_identification:_identify(src) by extension 'colcon_pkg'
[0.185s] Level 1:colcon.colcon_core.package_identification:_identify(src) by extensions ['colcon_meta']
[0.185s] Level 1:colcon.colcon_core.package_identification:_identify(src) by extension 'colcon_meta'
[0.185s] Level 1:colcon.colcon_core.package_identification:_identify(src) by extensions ['ros']
[0.185s] Level 1:colcon.colcon_core.package_identification:_identify(src) by extension 'ros'
[0.185s] Level 1:colcon.colcon_core.package_identification:_identify(src) by extensions ['cmake', 'python']
[0.185s] Level 1:colcon.colcon_core.package_identification:_identify(src) by extension 'cmake'
[0.185s] Level 1:colcon.colcon_core.package_identification:_identify(src) by extension 'python'
[0.185s] Level 1:colcon.colcon_core.package_identification:_identify(src) by extensions ['python_setup_py']
[0.185s] Level 1:colcon.colcon_core.package_identification:_identify(src) by extension 'python_setup_py'
[0.185s] Level 1:colcon.colcon_core.package_identification:_identify(src/c_test) by extensions ['ignore', 'ignore_ament_install']
[0.185s] Level 1:colcon.colcon_core.package_identification:_identify(src/c_test) by extension 'ignore'
[0.185s] Level 1:colcon.colcon_core.package_identification:_identify(src/c_test) by extension 'ignore_ament_install'
[0.185s] Level 1:colcon.colcon_core.package_identification:_identify(src/c_test) by extensions ['colcon_pkg']
[0.185s] Level 1:colcon.colcon_core.package_identification:_identify(src/c_test) by extension 'colcon_pkg'
[0.185s] Level 1:colcon.colcon_core.package_identification:_identify(src/c_test) by extensions ['colcon_meta']
[0.186s] Level 1:colcon.colcon_core.package_identification:_identify(src/c_test) by extension 'colcon_meta'
[0.186s] Level 1:colcon.colcon_core.package_identification:_identify(src/c_test) by extensions ['ros']
[0.186s] Level 1:colcon.colcon_core.package_identification:_identify(src/c_test) by extension 'ros'
[0.187s] DEBUG:colcon.colcon_core.package_identification:Package 'src/c_test' with type 'ros.ament_cmake' and name 'c_test'
[0.187s] Level 1:colcon.colcon_core.package_identification:_identify(src/model) by extensions ['ignore', 'ignore_ament_install']
[0.187s] Level 1:colcon.colcon_core.package_identification:_identify(src/model) by extension 'ignore'
[0.187s] Level 1:colcon.colcon_core.package_identification:_identify(src/model) by extension 'ignore_ament_install'
[0.187s] Level 1:colcon.colcon_core.package_identification:_identify(src/model) by extensions ['colcon_pkg']
[0.188s] Level 1:colcon.colcon_core.package_identification:_identify(src/model) by extension 'colcon_pkg'
[0.188s] Level 1:colcon.colcon_core.package_identification:_identify(src/model) by extensions ['colcon_meta']
[0.188s] Level 1:colcon.colcon_core.package_identification:_identify(src/model) by extension 'colcon_meta'
[0.188s] Level 1:colcon.colcon_core.package_identification:_identify(src/model) by extensions ['ros']
[0.188s] Level 1:colcon.colcon_core.package_identification:_identify(src/model) by extension 'ros'
[0.188s] DEBUG:colcon.colcon_core.package_identification:Package 'src/model' with type 'ros.ament_cmake' and name 'model'
[0.188s] Level 1:colcon.colcon_core.package_identification:_identify(src/my_nav) by extensions ['ignore', 'ignore_ament_install']
[0.188s] Level 1:colcon.colcon_core.package_identification:_identify(src/my_nav) by extension 'ignore'
[0.188s] Level 1:colcon.colcon_core.package_identification:_identify(src/my_nav) by extension 'ignore_ament_install'
[0.188s] Level 1:colcon.colcon_core.package_identification:_identify(src/my_nav) by extensions ['colcon_pkg']
[0.188s] Level 1:colcon.colcon_core.package_identification:_identify(src/my_nav) by extension 'colcon_pkg'
[0.188s] Level 1:colcon.colcon_core.package_identification:_identify(src/my_nav) by extensions ['colcon_meta']
[0.188s] Level 1:colcon.colcon_core.package_identification:_identify(src/my_nav) by extension 'colcon_meta'
[0.188s] Level 1:colcon.colcon_core.package_identification:_identify(src/my_nav) by extensions ['ros']
[0.189s] Level 1:colcon.colcon_core.package_identification:_identify(src/my_nav) by extension 'ros'
[0.189s] DEBUG:colcon.colcon_core.package_identification:Package 'src/my_nav' with type 'ros.ament_cmake' and name 'my_nav'
[0.189s] Level 1:colcon.colcon_core.package_identification:_identify(src/py_test) by extensions ['ignore', 'ignore_ament_install']
[0.189s] Level 1:colcon.colcon_core.package_identification:_identify(src/py_test) by extension 'ignore'
[0.189s] Level 1:colcon.colcon_core.package_identification:_identify(src/py_test) by extension 'ignore_ament_install'
[0.189s] Level 1:colcon.colcon_core.package_identification:_identify(src/py_test) by extensions ['colcon_pkg']
[0.189s] Level 1:colcon.colcon_core.package_identification:_identify(src/py_test) by extension 'colcon_pkg'
[0.189s] Level 1:colcon.colcon_core.package_identification:_identify(src/py_test) by extensions ['colcon_meta']
[0.189s] Level 1:colcon.colcon_core.package_identification:_identify(src/py_test) by extension 'colcon_meta'
[0.189s] Level 1:colcon.colcon_core.package_identification:_identify(src/py_test) by extensions ['ros']
[0.189s] Level 1:colcon.colcon_core.package_identification:_identify(src/py_test) by extension 'ros'
[0.190s] DEBUG:colcon.colcon_core.package_identification:Package 'src/py_test' with type 'ros.ament_python' and name 'py_test'
[0.190s] Level 1:colcon.colcon_core.package_identification:_identify(src/robot) by extensions ['ignore', 'ignore_ament_install']
[0.190s] Level 1:colcon.colcon_core.package_identification:_identify(src/robot) by extension 'ignore'
[0.190s] Level 1:colcon.colcon_core.package_identification:_identify(src/robot) by extension 'ignore_ament_install'
[0.190s] Level 1:colcon.colcon_core.package_identification:_identify(src/robot) by extensions ['colcon_pkg']
[0.190s] Level 1:colcon.colcon_core.package_identification:_identify(src/robot) by extension 'colcon_pkg'
[0.190s] Level 1:colcon.colcon_core.package_identification:_identify(src/robot) by extensions ['colcon_meta']
[0.190s] Level 1:colcon.colcon_core.package_identification:_identify(src/robot) by extension 'colcon_meta'
[0.190s] Level 1:colcon.colcon_core.package_identification:_identify(src/robot) by extensions ['ros']
[0.190s] Level 1:colcon.colcon_core.package_identification:_identify(src/robot) by extension 'ros'
[0.190s] DEBUG:colcon.colcon_core.package_identification:Package 'src/robot' with type 'ros.ament_cmake' and name 'robot'
[0.191s] Level 1:colcon.colcon_core.package_discovery:discover_packages(recursive) using defaults
[0.191s] Level 1:colcon.colcon_core.package_discovery:discover_packages(ignore) discover
[0.191s] Level 1:colcon.colcon_core.package_discovery:discover_packages(ignore) using defaults
[0.191s] Level 1:colcon.colcon_core.package_discovery:discover_packages(path) discover
[0.191s] Level 1:colcon.colcon_core.package_discovery:discover_packages(path) using defaults
[0.212s] Level 1:colcon.colcon_core.package_discovery:discover_packages(prefix_path) check parameters
[0.212s] Level 1:colcon.colcon_core.package_discovery:discover_packages(prefix_path) discover
[0.214s] DEBUG:colcon.colcon_installed_package_information.package_discovery:Found 5 installed packages in /home/tofu/catkin_ws/install
[0.215s] DEBUG:colcon.colcon_installed_package_information.package_discovery:Found 465 installed packages in /opt/ros/humble
[0.216s] Level 1:colcon.colcon_core.package_discovery:discover_packages(prefix_path) using defaults
[0.249s] Level 5:colcon.colcon_core.verb:set package 'c_test' build argument 'cmake_args' from command line to 'None'
[0.249s] Level 5:colcon.colcon_core.verb:set package 'c_test' build argument 'cmake_target' from command line to 'None'
[0.249s] Level 5:colcon.colcon_core.verb:set package 'c_test' build argument 'cmake_target_skip_unavailable' from command line to 'False'
[0.249s] Level 5:colcon.colcon_core.verb:set package 'c_test' build argument 'cmake_clean_cache' from command line to 'False'
[0.249s] Level 5:colcon.colcon_core.verb:set package 'c_test' build argument 'cmake_clean_first' from command line to 'False'
[0.249s] Level 5:colcon.colcon_core.verb:set package 'c_test' build argument 'cmake_force_configure' from command line to 'False'
[0.249s] Level 5:colcon.colcon_core.verb:set package 'c_test' build argument 'ament_cmake_args' from command line to 'None'
[0.249s] Level 5:colcon.colcon_core.verb:set package 'c_test' build argument 'catkin_cmake_args' from command line to 'None'
[0.249s] Level 5:colcon.colcon_core.verb:set package 'c_test' build argument 'catkin_skip_building_tests' from command line to 'False'
[0.249s] DEBUG:colcon.colcon_core.verb:Building package 'c_test' with the following arguments: {'ament_cmake_args': None, 'build_base': '/home/tofu/catkin_ws/build/c_test', 'catkin_cmake_args': None, 'catkin_skip_building_tests': False, 'cmake_args': None, 'cmake_clean_cache': False, 'cmake_clean_first': False, 'cmake_force_configure': False, 'cmake_target': None, 'cmake_target_skip_unavailable': False, 'install_base': '/home/tofu/catkin_ws/install/c_test', 'merge_install': False, 'path': '/home/tofu/catkin_ws/src/c_test', 'symlink_install': False, 'test_result_base': None}
[0.249s] Level 5:colcon.colcon_core.verb:set package 'model' build argument 'cmake_args' from command line to 'None'
[0.249s] Level 5:colcon.colcon_core.verb:set package 'model' build argument 'cmake_target' from command line to 'None'
[0.249s] Level 5:colcon.colcon_core.verb:set package 'model' build argument 'cmake_target_skip_unavailable' from command line to 'False'
[0.249s] Level 5:colcon.colcon_core.verb:set package 'model' build argument 'cmake_clean_cache' from command line to 'False'
[0.250s] Level 5:colcon.colcon_core.verb:set package 'model' build argument 'cmake_clean_first' from command line to 'False'
[0.250s] Level 5:colcon.colcon_core.verb:set package 'model' build argument 'cmake_force_configure' from command line to 'False'
[0.250s] Level 5:colcon.colcon_core.verb:set package 'model' build argument 'ament_cmake_args' from command line to 'None'
[0.250s] Level 5:colcon.colcon_core.verb:set package 'model' build argument 'catkin_cmake_args' from command line to 'None'
[0.250s] Level 5:colcon.colcon_core.verb:set package 'model' build argument 'catkin_skip_building_tests' from command line to 'False'
[0.250s] DEBUG:colcon.colcon_core.verb:Building package 'model' with the following arguments: {'ament_cmake_args': None, 'build_base': '/home/tofu/catkin_ws/build/model', 'catkin_cmake_args': None, 'catkin_skip_building_tests': False, 'cmake_args': None, 'cmake_clean_cache': False, 'cmake_clean_first': False, 'cmake_force_configure': False, 'cmake_target': None, 'cmake_target_skip_unavailable': False, 'install_base': '/home/tofu/catkin_ws/install/model', 'merge_install': False, 'path': '/home/tofu/catkin_ws/src/model', 'symlink_install': False, 'test_result_base': None}
[0.250s] Level 5:colcon.colcon_core.verb:set package 'my_nav' build argument 'cmake_args' from command line to 'None'
[0.250s] Level 5:colcon.colcon_core.verb:set package 'my_nav' build argument 'cmake_target' from command line to 'None'
[0.250s] Level 5:colcon.colcon_core.verb:set package 'my_nav' build argument 'cmake_target_skip_unavailable' from command line to 'False'
[0.250s] Level 5:colcon.colcon_core.verb:set package 'my_nav' build argument 'cmake_clean_cache' from command line to 'False'
[0.250s] Level 5:colcon.colcon_core.verb:set package 'my_nav' build argument 'cmake_clean_first' from command line to 'False'
[0.250s] Level 5:colcon.colcon_core.verb:set package 'my_nav' build argument 'cmake_force_configure' from command line to 'False'
[0.250s] Level 5:colcon.colcon_core.verb:set package 'my_nav' build argument 'ament_cmake_args' from command line to 'None'
[0.250s] Level 5:colcon.colcon_core.verb:set package 'my_nav' build argument 'catkin_cmake_args' from command line to 'None'
[0.250s] Level 5:colcon.colcon_core.verb:set package 'my_nav' build argument 'catkin_skip_building_tests' from command line to 'False'
[0.250s] DEBUG:colcon.colcon_core.verb:Building package 'my_nav' with the following arguments: {'ament_cmake_args': None, 'build_base': '/home/tofu/catkin_ws/build/my_nav', 'catkin_cmake_args': None, 'catkin_skip_building_tests': False, 'cmake_args': None, 'cmake_clean_cache': False, 'cmake_clean_first': False, 'cmake_force_configure': False, 'cmake_target': None, 'cmake_target_skip_unavailable': False, 'install_base': '/home/tofu/catkin_ws/install/my_nav', 'merge_install': False, 'path': '/home/tofu/catkin_ws/src/my_nav', 'symlink_install': False, 'test_result_base': None}
[0.250s] Level 5:colcon.colcon_core.verb:set package 'py_test' build argument 'cmake_args' from command line to 'None'
[0.250s] Level 5:colcon.colcon_core.verb:set package 'py_test' build argument 'cmake_target' from command line to 'None'
[0.250s] Level 5:colcon.colcon_core.verb:set package 'py_test' build argument 'cmake_target_skip_unavailable' from command line to 'False'
[0.250s] Level 5:colcon.colcon_core.verb:set package 'py_test' build argument 'cmake_clean_cache' from command line to 'False'
[0.250s] Level 5:colcon.colcon_core.verb:set package 'py_test' build argument 'cmake_clean_first' from command line to 'False'
[0.250s] Level 5:colcon.colcon_core.verb:set package 'py_test' build argument 'cmake_force_configure' from command line to 'False'
[0.250s] Level 5:colcon.colcon_core.verb:set package 'py_test' build argument 'ament_cmake_args' from command line to 'None'
[0.250s] Level 5:colcon.colcon_core.verb:set package 'py_test' build argument 'catkin_cmake_args' from command line to 'None'
[0.250s] Level 5:colcon.colcon_core.verb:set package 'py_test' build argument 'catkin_skip_building_tests' from command line to 'False'
[0.250s] DEBUG:colcon.colcon_core.verb:Building package 'py_test' with the following arguments: {'ament_cmake_args': None, 'build_base': '/home/tofu/catkin_ws/build/py_test', 'catkin_cmake_args': None, 'catkin_skip_building_tests': False, 'cmake_args': None, 'cmake_clean_cache': False, 'cmake_clean_first': False, 'cmake_force_configure': False, 'cmake_target': None, 'cmake_target_skip_unavailable': False, 'install_base': '/home/tofu/catkin_ws/install/py_test', 'merge_install': False, 'path': '/home/tofu/catkin_ws/src/py_test', 'symlink_install': False, 'test_result_base': None}
[0.251s] Level 5:colcon.colcon_core.verb:set package 'robot' build argument 'cmake_args' from command line to 'None'
[0.251s] Level 5:colcon.colcon_core.verb:set package 'robot' build argument 'cmake_target' from command line to 'None'
[0.251s] Level 5:colcon.colcon_core.verb:set package 'robot' build argument 'cmake_target_skip_unavailable' from command line to 'False'
[0.251s] Level 5:colcon.colcon_core.verb:set package 'robot' build argument 'cmake_clean_cache' from command line to 'False'
[0.251s] Level 5:colcon.colcon_core.verb:set package 'robot' build argument 'cmake_clean_first' from command line to 'False'
[0.251s] Level 5:colcon.colcon_core.verb:set package 'robot' build argument 'cmake_force_configure' from command line to 'False'
[0.251s] Level 5:colcon.colcon_core.verb:set package 'robot' build argument 'ament_cmake_args' from command line to 'None'
[0.251s] Level 5:colcon.colcon_core.verb:set package 'robot' build argument 'catkin_cmake_args' from command line to 'None'
[0.251s] Level 5:colcon.colcon_core.verb:set package 'robot' build argument 'catkin_skip_building_tests' from command line to 'False'
[0.251s] DEBUG:colcon.colcon_core.verb:Building package 'robot' with the following arguments: {'ament_cmake_args': None, 'build_base': '/home/tofu/catkin_ws/build/robot', 'catkin_cmake_args': None, 'catkin_skip_building_tests': False, 'cmake_args': None, 'cmake_clean_cache': False, 'cmake_clean_first': False, 'cmake_force_configure': False, 'cmake_target': None, 'cmake_target_skip_unavailable': False, 'install_base': '/home/tofu/catkin_ws/install/robot', 'merge_install': False, 'path': '/home/tofu/catkin_ws/src/robot', 'symlink_install': False, 'test_result_base': None}
[0.251s] INFO:colcon.colcon_core.executor:Executing jobs using 'parallel' executor
[0.252s] DEBUG:colcon.colcon_parallel_executor.executor.parallel:run_until_complete
[0.252s] INFO:colcon.colcon_ros.task.ament_cmake.build:Building ROS package in '/home/tofu/catkin_ws/src/c_test' with build type 'ament_cmake'
[0.252s] INFO:colcon.colcon_cmake.task.cmake.build:Building CMake package in '/home/tofu/catkin_ws/src/c_test'
[0.254s] INFO:colcon.colcon_core.plugin_system:Skipping extension 'colcon_core.shell.bat': Not used on non-Windows systems
[0.254s] INFO:colcon.colcon_core.shell:Skip shell extension 'powershell' for command environment: Not usable outside of PowerShell
[0.254s] DEBUG:colcon.colcon_core.shell:Skip shell extension 'dsv' for command environment
[0.258s] INFO:colcon.colcon_ros.task.ament_cmake.build:Building ROS package in '/home/tofu/catkin_ws/src/model' with build type 'ament_cmake'
[0.258s] INFO:colcon.colcon_cmake.task.cmake.build:Building CMake package in '/home/tofu/catkin_ws/src/model'
[0.258s] INFO:colcon.colcon_core.shell:Skip shell extension 'powershell' for command environment: Not usable outside of PowerShell
[0.258s] DEBUG:colcon.colcon_core.shell:Skip shell extension 'dsv' for command environment
[0.261s] INFO:colcon.colcon_ros.task.ament_cmake.build:Building ROS package in '/home/tofu/catkin_ws/src/my_nav' with build type 'ament_cmake'
[0.261s] INFO:colcon.colcon_cmake.task.cmake.build:Building CMake package in '/home/tofu/catkin_ws/src/my_nav'
[0.262s] INFO:colcon.colcon_core.shell:Skip shell extension 'powershell' for command environment: Not usable outside of PowerShell
[0.262s] DEBUG:colcon.colcon_core.shell:Skip shell extension 'dsv' for command environment
[0.265s] INFO:colcon.colcon_ros.task.ament_python.build:Building ROS package in '/home/tofu/catkin_ws/src/py_test' with build type 'ament_python'
[0.265s] Level 1:colcon.colcon_core.shell:create_environment_hook('py_test', 'ament_prefix_path')
[0.265s] INFO:colcon.colcon_core.shell:Creating environment hook '/home/tofu/catkin_ws/install/py_test/share/py_test/hook/ament_prefix_path.ps1'
[0.266s] INFO:colcon.colcon_core.shell:Creating environment descriptor '/home/tofu/catkin_ws/install/py_test/share/py_test/hook/ament_prefix_path.dsv'
[0.266s] INFO:colcon.colcon_core.shell:Creating environment hook '/home/tofu/catkin_ws/install/py_test/share/py_test/hook/ament_prefix_path.sh'
[0.267s] INFO:colcon.colcon_core.shell:Skip shell extension 'powershell' for command environment: Not usable outside of PowerShell
[0.267s] DEBUG:colcon.colcon_core.shell:Skip shell extension 'dsv' for command environment
[0.270s] INFO:colcon.colcon_ros.task.ament_cmake.build:Building ROS package in '/home/tofu/catkin_ws/src/robot' with build type 'ament_cmake'
[0.270s] INFO:colcon.colcon_cmake.task.cmake.build:Building CMake package in '/home/tofu/catkin_ws/src/robot'
[0.270s] INFO:colcon.colcon_core.shell:Skip shell extension 'powershell' for command environment: Not usable outside of PowerShell
[0.270s] DEBUG:colcon.colcon_core.shell:Skip shell extension 'dsv' for command environment
[0.278s] DEBUG:colcon.colcon_core.event_handler.log_command:Invoking command in '/home/tofu/catkin_ws/build/c_test': CMAKE_PREFIX_PATH=${CMAKE_PREFIX_PATH}:/home/tofu/catkin_ws/install/py_test:/opt/ros/humble /usr/bin/cmake --build /home/tofu/catkin_ws/build/c_test -- -j16 -l16
[0.282s] DEBUG:colcon.colcon_core.event_handler.log_command:Invoking command in '/home/tofu/catkin_ws/build/model': CMAKE_PREFIX_PATH=${CMAKE_PREFIX_PATH}:/home/tofu/catkin_ws/install/py_test:/opt/ros/humble /usr/bin/cmake --build /home/tofu/catkin_ws/build/model -- -j16 -l16
[0.283s] DEBUG:colcon.colcon_core.event_handler.log_command:Invoking command in '/home/tofu/catkin_ws/build/my_nav': CMAKE_PREFIX_PATH=${CMAKE_PREFIX_PATH}:/home/tofu/catkin_ws/install/py_test:/opt/ros/humble /usr/bin/cmake --build /home/tofu/catkin_ws/build/my_nav -- -j16 -l16
[0.449s] INFO:colcon.colcon_core.task.python.build:Building Python package in '/home/tofu/catkin_ws/src/py_test'
[0.449s] INFO:colcon.colcon_core.shell:Skip shell extension 'powershell' for command environment: Not usable outside of PowerShell
[0.449s] DEBUG:colcon.colcon_core.shell:Skip shell extension 'dsv' for command environment
[0.466s] DEBUG:colcon.colcon_core.event_handler.log_command:Invoking command in '/home/tofu/catkin_ws/build/robot': CMAKE_PREFIX_PATH=${CMAKE_PREFIX_PATH}:/home/tofu/catkin_ws/install/py_test:/opt/ros/humble /usr/bin/cmake --build /home/tofu/catkin_ws/build/robot -- -j16 -l16
[0.468s] DEBUG:colcon.colcon_core.event_handler.log_command:Invoked command in '/home/tofu/catkin_ws/build/model' returned '0': CMAKE_PREFIX_PATH=${CMAKE_PREFIX_PATH}:/home/tofu/catkin_ws/install/py_test:/opt/ros/humble /usr/bin/cmake --build /home/tofu/catkin_ws/build/model -- -j16 -l16
[0.479s] DEBUG:colcon.colcon_core.event_handler.log_command:Invoking command in '/home/tofu/catkin_ws/build/model': CMAKE_PREFIX_PATH=${CMAKE_PREFIX_PATH}:/home/tofu/catkin_ws/install/py_test:/opt/ros/humble /usr/bin/cmake --install /home/tofu/catkin_ws/build/model
[0.489s] Level 1:colcon.colcon_core.environment:create_environment_scripts_only(model)
[0.490s] DEBUG:colcon.colcon_core.event_handler.log_command:Invoked command in '/home/tofu/catkin_ws/build/model' returned '0': CMAKE_PREFIX_PATH=${CMAKE_PREFIX_PATH}:/home/tofu/catkin_ws/install/py_test:/opt/ros/humble /usr/bin/cmake --install /home/tofu/catkin_ws/build/model
[0.491s] Level 1:colcon.colcon_core.environment:checking '/home/tofu/catkin_ws/install/model' for CMake module files
[0.491s] Level 1:colcon.colcon_core.environment:checking '/home/tofu/catkin_ws/install/model' for CMake config files
[0.492s] Level 1:colcon.colcon_core.shell:create_environment_hook('model', 'cmake_prefix_path')
[0.492s] INFO:colcon.colcon_core.shell:Creating environment hook '/home/tofu/catkin_ws/install/model/share/model/hook/cmake_prefix_path.ps1'
[0.493s] INFO:colcon.colcon_core.shell:Creating environment descriptor '/home/tofu/catkin_ws/install/model/share/model/hook/cmake_prefix_path.dsv'
[0.493s] INFO:colcon.colcon_core.shell:Creating environment hook '/home/tofu/catkin_ws/install/model/share/model/hook/cmake_prefix_path.sh'
[0.494s] Level 1:colcon.colcon_core.environment:checking '/home/tofu/catkin_ws/install/model/bin'
[0.494s] Level 1:colcon.colcon_core.environment:checking '/home/tofu/catkin_ws/install/model/lib/pkgconfig/model.pc'
[0.494s] Level 1:colcon.colcon_core.environment:checking '/home/tofu/catkin_ws/install/model/lib/python3.10/site-packages'
[0.494s] Level 1:colcon.colcon_core.environment:checking '/home/tofu/catkin_ws/install/model/bin'
[0.494s] INFO:colcon.colcon_core.shell:Creating package script '/home/tofu/catkin_ws/install/model/share/model/package.ps1'
[0.495s] INFO:colcon.colcon_core.shell:Creating package descriptor '/home/tofu/catkin_ws/install/model/share/model/package.dsv'
[0.495s] INFO:colcon.colcon_core.shell:Creating package script '/home/tofu/catkin_ws/install/model/share/model/package.sh'
[0.496s] INFO:colcon.colcon_core.shell:Creating package script '/home/tofu/catkin_ws/install/model/share/model/package.bash'
[0.497s] INFO:colcon.colcon_core.shell:Creating package script '/home/tofu/catkin_ws/install/model/share/model/package.zsh'
[0.497s] Level 1:colcon.colcon_core.environment:create_file_with_runtime_dependencies(/home/tofu/catkin_ws/install/model/share/colcon-core/packages/model)
[0.498s] Level 1:colcon.colcon_core.environment:create_environment_scripts_only(model)
[0.498s] Level 1:colcon.colcon_core.environment:checking '/home/tofu/catkin_ws/install/model' for CMake module files
[0.498s] Level 1:colcon.colcon_core.environment:checking '/home/tofu/catkin_ws/install/model' for CMake config files
[0.498s] Level 1:colcon.colcon_core.shell:create_environment_hook('model', 'cmake_prefix_path')
[0.499s] INFO:colcon.colcon_core.shell:Creating environment hook '/home/tofu/catkin_ws/install/model/share/model/hook/cmake_prefix_path.ps1'
[0.499s] INFO:colcon.colcon_core.shell:Creating environment descriptor '/home/tofu/catkin_ws/install/model/share/model/hook/cmake_prefix_path.dsv'
[0.499s] INFO:colcon.colcon_core.shell:Creating environment hook '/home/tofu/catkin_ws/install/model/share/model/hook/cmake_prefix_path.sh'
[0.500s] Level 1:colcon.colcon_core.environment:checking '/home/tofu/catkin_ws/install/model/bin'
[0.500s] Level 1:colcon.colcon_core.environment:checking '/home/tofu/catkin_ws/install/model/lib/pkgconfig/model.pc'
[0.500s] Level 1:colcon.colcon_core.environment:checking '/home/tofu/catkin_ws/install/model/lib/python3.10/site-packages'
[0.500s] Level 1:colcon.colcon_core.environment:checking '/home/tofu/catkin_ws/install/model/bin'
[0.500s] INFO:colcon.colcon_core.shell:Creating package script '/home/tofu/catkin_ws/install/model/share/model/package.ps1'
[0.501s] INFO:colcon.colcon_core.shell:Creating package descriptor '/home/tofu/catkin_ws/install/model/share/model/package.dsv'
[0.501s] INFO:colcon.colcon_core.shell:Creating package script '/home/tofu/catkin_ws/install/model/share/model/package.sh'
[0.502s] INFO:colcon.colcon_core.shell:Creating package script '/home/tofu/catkin_ws/install/model/share/model/package.bash'
[0.502s] INFO:colcon.colcon_core.shell:Creating package script '/home/tofu/catkin_ws/install/model/share/model/package.zsh'
[0.502s] Level 1:colcon.colcon_core.environment:create_file_with_runtime_dependencies(/home/tofu/catkin_ws/install/model/share/colcon-core/packages/model)
[0.534s] DEBUG:colcon.colcon_core.event_handler.log_command:Invoked command in '/home/tofu/catkin_ws/build/robot' returned '0': CMAKE_PREFIX_PATH=${CMAKE_PREFIX_PATH}:/home/tofu/catkin_ws/install/py_test:/opt/ros/humble /usr/bin/cmake --build /home/tofu/catkin_ws/build/robot -- -j16 -l16
[0.536s] DEBUG:colcon.colcon_core.event_handler.log_command:Invoking command in '/home/tofu/catkin_ws/build/robot': CMAKE_PREFIX_PATH=${CMAKE_PREFIX_PATH}:/home/tofu/catkin_ws/install/py_test:/opt/ros/humble /usr/bin/cmake --install /home/tofu/catkin_ws/build/robot
[0.547s] Level 1:colcon.colcon_core.environment:create_environment_scripts_only(robot)
[0.548s] Level 1:colcon.colcon_core.environment:checking '/home/tofu/catkin_ws/install/robot' for CMake module files
[0.548s] DEBUG:colcon.colcon_core.event_handler.log_command:Invoked command in '/home/tofu/catkin_ws/build/robot' returned '0': CMAKE_PREFIX_PATH=${CMAKE_PREFIX_PATH}:/home/tofu/catkin_ws/install/py_test:/opt/ros/humble /usr/bin/cmake --install /home/tofu/catkin_ws/build/robot
[0.548s] Level 1:colcon.colcon_core.environment:checking '/home/tofu/catkin_ws/install/robot' for CMake config files
[0.549s] Level 1:colcon.colcon_core.shell:create_environment_hook('robot', 'cmake_prefix_path')
[0.549s] INFO:colcon.colcon_core.shell:Creating environment hook '/home/tofu/catkin_ws/install/robot/share/robot/hook/cmake_prefix_path.ps1'
[0.549s] INFO:colcon.colcon_core.shell:Creating environment descriptor '/home/tofu/catkin_ws/install/robot/share/robot/hook/cmake_prefix_path.dsv'
[0.550s] INFO:colcon.colcon_core.shell:Creating environment hook '/home/tofu/catkin_ws/install/robot/share/robot/hook/cmake_prefix_path.sh'
[0.550s] Level 1:colcon.colcon_core.environment:checking '/home/tofu/catkin_ws/install/robot/lib'
[0.551s] Level 1:colcon.colcon_core.environment:checking '/home/tofu/catkin_ws/install/robot/bin'
[0.551s] Level 1:colcon.colcon_core.environment:checking '/home/tofu/catkin_ws/install/robot/lib/pkgconfig/robot.pc'
[0.551s] Level 1:colcon.colcon_core.environment:checking '/home/tofu/catkin_ws/install/robot/lib/python3.10/site-packages'
[0.551s] Level 1:colcon.colcon_core.environment:checking '/home/tofu/catkin_ws/install/robot/bin'
[0.551s] INFO:colcon.colcon_core.shell:Creating package script '/home/tofu/catkin_ws/install/robot/share/robot/package.ps1'
[0.552s] INFO:colcon.colcon_core.shell:Creating package descriptor '/home/tofu/catkin_ws/install/robot/share/robot/package.dsv'
[0.552s] INFO:colcon.colcon_core.shell:Creating package script '/home/tofu/catkin_ws/install/robot/share/robot/package.sh'
[0.552s] INFO:colcon.colcon_core.shell:Creating package script '/home/tofu/catkin_ws/install/robot/share/robot/package.bash'
[0.553s] INFO:colcon.colcon_core.shell:Creating package script '/home/tofu/catkin_ws/install/robot/share/robot/package.zsh'
[0.553s] Level 1:colcon.colcon_core.environment:create_file_with_runtime_dependencies(/home/tofu/catkin_ws/install/robot/share/colcon-core/packages/robot)
[0.554s] Level 1:colcon.colcon_core.environment:create_environment_scripts_only(robot)
[0.554s] Level 1:colcon.colcon_core.environment:checking '/home/tofu/catkin_ws/install/robot' for CMake module files
[0.554s] Level 1:colcon.colcon_core.environment:checking '/home/tofu/catkin_ws/install/robot' for CMake config files
[0.555s] Level 1:colcon.colcon_core.shell:create_environment_hook('robot', 'cmake_prefix_path')
[0.555s] INFO:colcon.colcon_core.shell:Creating environment hook '/home/tofu/catkin_ws/install/robot/share/robot/hook/cmake_prefix_path.ps1'
[0.555s] INFO:colcon.colcon_core.shell:Creating environment descriptor '/home/tofu/catkin_ws/install/robot/share/robot/hook/cmake_prefix_path.dsv'
[0.556s] INFO:colcon.colcon_core.shell:Creating environment hook '/home/tofu/catkin_ws/install/robot/share/robot/hook/cmake_prefix_path.sh'
[0.556s] Level 1:colcon.colcon_core.environment:checking '/home/tofu/catkin_ws/install/robot/lib'
[0.556s] Level 1:colcon.colcon_core.environment:checking '/home/tofu/catkin_ws/install/robot/bin'
[0.556s] Level 1:colcon.colcon_core.environment:checking '/home/tofu/catkin_ws/install/robot/lib/pkgconfig/robot.pc'
[0.556s] Level 1:colcon.colcon_core.environment:checking '/home/tofu/catkin_ws/install/robot/lib/python3.10/site-packages'
[0.557s] Level 1:colcon.colcon_core.environment:checking '/home/tofu/catkin_ws/install/robot/bin'
[0.557s] INFO:colcon.colcon_core.shell:Creating package script '/home/tofu/catkin_ws/install/robot/share/robot/package.ps1'
[0.557s] INFO:colcon.colcon_core.shell:Creating package descriptor '/home/tofu/catkin_ws/install/robot/share/robot/package.dsv'
[0.558s] INFO:colcon.colcon_core.shell:Creating package script '/home/tofu/catkin_ws/install/robot/share/robot/package.sh'
[0.558s] INFO:colcon.colcon_core.shell:Creating package script '/home/tofu/catkin_ws/install/robot/share/robot/package.bash'
[0.558s] INFO:colcon.colcon_core.shell:Creating package script '/home/tofu/catkin_ws/install/robot/share/robot/package.zsh'
[0.559s] Level 1:colcon.colcon_core.environment:create_file_with_runtime_dependencies(/home/tofu/catkin_ws/install/robot/share/colcon-core/packages/robot)
[0.562s] DEBUG:colcon.colcon_core.event_handler.log_command:Invoked command in '/home/tofu/catkin_ws/build/c_test' returned '0': CMAKE_PREFIX_PATH=${CMAKE_PREFIX_PATH}:/home/tofu/catkin_ws/install/py_test:/opt/ros/humble /usr/bin/cmake --build /home/tofu/catkin_ws/build/c_test -- -j16 -l16
[0.562s] DEBUG:colcon.colcon_core.event_handler.log_command:Invoking command in '/home/tofu/catkin_ws/build/c_test': CMAKE_PREFIX_PATH=${CMAKE_PREFIX_PATH}:/home/tofu/catkin_ws/install/py_test:/opt/ros/humble /usr/bin/cmake --install /home/tofu/catkin_ws/build/c_test
[0.614s] Level 1:colcon.colcon_core.environment:create_environment_scripts_only(c_test)
[0.614s] DEBUG:colcon.colcon_core.event_handler.log_command:Invoked command in '/home/tofu/catkin_ws/build/c_test' returned '0': CMAKE_PREFIX_PATH=${CMAKE_PREFIX_PATH}:/home/tofu/catkin_ws/install/py_test:/opt/ros/humble /usr/bin/cmake --install /home/tofu/catkin_ws/build/c_test
[0.615s] Level 1:colcon.colcon_core.environment:checking '/home/tofu/catkin_ws/install/c_test' for CMake module files
[0.615s] Level 1:colcon.colcon_core.environment:checking '/home/tofu/catkin_ws/install/c_test' for CMake config files
[0.616s] Level 1:colcon.colcon_core.shell:create_environment_hook('c_test', 'cmake_prefix_path')
[0.616s] INFO:colcon.colcon_core.shell:Creating environment hook '/home/tofu/catkin_ws/install/c_test/share/c_test/hook/cmake_prefix_path.ps1'
[0.616s] INFO:colcon.colcon_core.shell:Creating environment descriptor '/home/tofu/catkin_ws/install/c_test/share/c_test/hook/cmake_prefix_path.dsv'
[0.617s] INFO:colcon.colcon_core.shell:Creating environment hook '/home/tofu/catkin_ws/install/c_test/share/c_test/hook/cmake_prefix_path.sh'
[0.617s] Level 1:colcon.colcon_core.environment:checking '/home/tofu/catkin_ws/install/c_test/lib'
[0.617s] Level 1:colcon.colcon_core.shell:create_environment_hook('c_test', 'ld_library_path_lib')
[0.618s] INFO:colcon.colcon_core.shell:Creating environment hook '/home/tofu/catkin_ws/install/c_test/share/c_test/hook/ld_library_path_lib.ps1'
[0.618s] INFO:colcon.colcon_core.shell:Creating environment descriptor '/home/tofu/catkin_ws/install/c_test/share/c_test/hook/ld_library_path_lib.dsv'
[0.618s] INFO:colcon.colcon_core.shell:Creating environment hook '/home/tofu/catkin_ws/install/c_test/share/c_test/hook/ld_library_path_lib.sh'
[0.619s] Level 1:colcon.colcon_core.environment:checking '/home/tofu/catkin_ws/install/c_test/bin'
[0.619s] Level 1:colcon.colcon_core.environment:checking '/home/tofu/catkin_ws/install/c_test/lib/pkgconfig/c_test.pc'
[0.619s] Level 1:colcon.colcon_core.environment:checking '/home/tofu/catkin_ws/install/c_test/lib/python3.10/site-packages'
[0.619s] Level 1:colcon.colcon_core.environment:checking '/home/tofu/catkin_ws/install/c_test/bin'
[0.619s] INFO:colcon.colcon_core.shell:Creating package script '/home/tofu/catkin_ws/install/c_test/share/c_test/package.ps1'
[0.620s] INFO:colcon.colcon_core.shell:Creating package descriptor '/home/tofu/catkin_ws/install/c_test/share/c_test/package.dsv'
[0.620s] INFO:colcon.colcon_core.shell:Creating package script '/home/tofu/catkin_ws/install/c_test/share/c_test/package.sh'
[0.621s] INFO:colcon.colcon_core.shell:Creating package script '/home/tofu/catkin_ws/install/c_test/share/c_test/package.bash'
[0.621s] INFO:colcon.colcon_core.shell:Creating package script '/home/tofu/catkin_ws/install/c_test/share/c_test/package.zsh'
[0.621s] Level 1:colcon.colcon_core.environment:create_file_with_runtime_dependencies(/home/tofu/catkin_ws/install/c_test/share/colcon-core/packages/c_test)
[0.622s] Level 1:colcon.colcon_core.environment:create_environment_scripts_only(c_test)
[0.622s] Level 1:colcon.colcon_core.environment:checking '/home/tofu/catkin_ws/install/c_test' for CMake module files
[0.622s] Level 1:colcon.colcon_core.environment:checking '/home/tofu/catkin_ws/install/c_test' for CMake config files
[0.623s] Level 1:colcon.colcon_core.shell:create_environment_hook('c_test', 'cmake_prefix_path')
[0.623s] INFO:colcon.colcon_core.shell:Creating environment hook '/home/tofu/catkin_ws/install/c_test/share/c_test/hook/cmake_prefix_path.ps1'
[0.623s] INFO:colcon.colcon_core.shell:Creating environment descriptor '/home/tofu/catkin_ws/install/c_test/share/c_test/hook/cmake_prefix_path.dsv'
[0.624s] INFO:colcon.colcon_core.shell:Creating environment hook '/home/tofu/catkin_ws/install/c_test/share/c_test/hook/cmake_prefix_path.sh'
[0.624s] Level 1:colcon.colcon_core.environment:checking '/home/tofu/catkin_ws/install/c_test/lib'
[0.624s] Level 1:colcon.colcon_core.shell:create_environment_hook('c_test', 'ld_library_path_lib')
[0.624s] INFO:colcon.colcon_core.shell:Creating environment hook '/home/tofu/catkin_ws/install/c_test/share/c_test/hook/ld_library_path_lib.ps1'
[0.625s] INFO:colcon.colcon_core.shell:Creating environment descriptor '/home/tofu/catkin_ws/install/c_test/share/c_test/hook/ld_library_path_lib.dsv'
[0.625s] INFO:colcon.colcon_core.shell:Creating environment hook '/home/tofu/catkin_ws/install/c_test/share/c_test/hook/ld_library_path_lib.sh'
[0.625s] Level 1:colcon.colcon_core.environment:checking '/home/tofu/catkin_ws/install/c_test/bin'
[0.625s] Level 1:colcon.colcon_core.environment:checking '/home/tofu/catkin_ws/install/c_test/lib/pkgconfig/c_test.pc'
[0.625s] Level 1:colcon.colcon_core.environment:checking '/home/tofu/catkin_ws/install/c_test/lib/python3.10/site-packages'
[0.626s] Level 1:colcon.colcon_core.environment:checking '/home/tofu/catkin_ws/install/c_test/bin'
[0.626s] INFO:colcon.colcon_core.shell:Creating package script '/home/tofu/catkin_ws/install/c_test/share/c_test/package.ps1'
[0.626s] INFO:colcon.colcon_core.shell:Creating package descriptor '/home/tofu/catkin_ws/install/c_test/share/c_test/package.dsv'
[0.627s] INFO:colcon.colcon_core.shell:Creating package script '/home/tofu/catkin_ws/install/c_test/share/c_test/package.sh'
[0.627s] INFO:colcon.colcon_core.shell:Creating package script '/home/tofu/catkin_ws/install/c_test/share/c_test/package.bash'
[0.628s] INFO:colcon.colcon_core.shell:Creating package script '/home/tofu/catkin_ws/install/c_test/share/c_test/package.zsh'
[0.628s] Level 1:colcon.colcon_core.environment:create_file_with_runtime_dependencies(/home/tofu/catkin_ws/install/c_test/share/colcon-core/packages/c_test)
[0.709s] DEBUG:colcon.colcon_core.event_handler.log_command:Invoking command in '/home/tofu/catkin_ws/src/py_test': PYTHONPATH=/home/tofu/catkin_ws/build/py_test/prefix_override:/usr/lib/python3/dist-packages/colcon_core/task/python/colcon_distutils_commands:/home/tofu/catkin_ws/install/py_test/lib/python3.10/site-packages:${PYTHONPATH} /usr/bin/python3 -W ignore:setup.py install is deprecated -W ignore:easy_install command is deprecated setup.py egg_info --egg-base ../../build/py_test build --build-base /home/tofu/catkin_ws/build/py_test/build install --record /home/tofu/catkin_ws/build/py_test/install.log --single-version-externally-managed install_data
[0.899s] Level 1:colcon.colcon_core.environment:checking '/home/tofu/catkin_ws/install/py_test' for CMake module files
[0.900s] DEBUG:colcon.colcon_core.event_handler.log_command:Invoked command in '/home/tofu/catkin_ws/src/py_test' returned '0': PYTHONPATH=/home/tofu/catkin_ws/build/py_test/prefix_override:/usr/lib/python3/dist-packages/colcon_core/task/python/colcon_distutils_commands:/home/tofu/catkin_ws/install/py_test/lib/python3.10/site-packages:${PYTHONPATH} /usr/bin/python3 -W ignore:setup.py install is deprecated -W ignore:easy_install command is deprecated setup.py egg_info --egg-base ../../build/py_test build --build-base /home/tofu/catkin_ws/build/py_test/build install --record /home/tofu/catkin_ws/build/py_test/install.log --single-version-externally-managed install_data
[0.900s] Level 1:colcon.colcon_core.environment:checking '/home/tofu/catkin_ws/install/py_test' for CMake config files
[0.900s] Level 1:colcon.colcon_core.environment:checking '/home/tofu/catkin_ws/install/py_test/lib'
[0.900s] Level 1:colcon.colcon_core.environment:checking '/home/tofu/catkin_ws/install/py_test/bin'
[0.901s] Level 1:colcon.colcon_core.environment:checking '/home/tofu/catkin_ws/install/py_test/lib/pkgconfig/py_test.pc'
[0.901s] Level 1:colcon.colcon_core.environment:checking '/home/tofu/catkin_ws/install/py_test/lib/python3.10/site-packages'
[0.901s] Level 1:colcon.colcon_core.shell:create_environment_hook('py_test', 'pythonpath')
[0.901s] INFO:colcon.colcon_core.shell:Creating environment hook '/home/tofu/catkin_ws/install/py_test/share/py_test/hook/pythonpath.ps1'
[0.902s] INFO:colcon.colcon_core.shell:Creating environment descriptor '/home/tofu/catkin_ws/install/py_test/share/py_test/hook/pythonpath.dsv'
[0.902s] INFO:colcon.colcon_core.shell:Creating environment hook '/home/tofu/catkin_ws/install/py_test/share/py_test/hook/pythonpath.sh'
[0.903s] Level 1:colcon.colcon_core.environment:checking '/home/tofu/catkin_ws/install/py_test/bin'
[0.903s] Level 1:colcon.colcon_core.environment:create_environment_scripts_only(py_test)
[0.903s] INFO:colcon.colcon_core.shell:Creating package script '/home/tofu/catkin_ws/install/py_test/share/py_test/package.ps1'
[0.904s] INFO:colcon.colcon_core.shell:Creating package descriptor '/home/tofu/catkin_ws/install/py_test/share/py_test/package.dsv'
[0.904s] INFO:colcon.colcon_core.shell:Creating package script '/home/tofu/catkin_ws/install/py_test/share/py_test/package.sh'
[0.905s] INFO:colcon.colcon_core.shell:Creating package script '/home/tofu/catkin_ws/install/py_test/share/py_test/package.bash'
[0.905s] INFO:colcon.colcon_core.shell:Creating package script '/home/tofu/catkin_ws/install/py_test/share/py_test/package.zsh'
[0.905s] Level 1:colcon.colcon_core.environment:create_file_with_runtime_dependencies(/home/tofu/catkin_ws/install/py_test/share/colcon-core/packages/py_test)
[7.457s] DEBUG:colcon.colcon_core.event_handler.log_command:Invoked command in '/home/tofu/catkin_ws/build/my_nav' returned '0': CMAKE_PREFIX_PATH=${CMAKE_PREFIX_PATH}:/home/tofu/catkin_ws/install/py_test:/opt/ros/humble /usr/bin/cmake --build /home/tofu/catkin_ws/build/my_nav -- -j16 -l16
[7.459s] DEBUG:colcon.colcon_core.event_handler.log_command:Invoking command in '/home/tofu/catkin_ws/build/my_nav': CMAKE_PREFIX_PATH=${CMAKE_PREFIX_PATH}:/home/tofu/catkin_ws/install/py_test:/opt/ros/humble /usr/bin/cmake --install /home/tofu/catkin_ws/build/my_nav
[7.493s] Level 1:colcon.colcon_core.environment:create_environment_scripts_only(my_nav)
[7.494s] DEBUG:colcon.colcon_core.event_handler.log_command:Invoked command in '/home/tofu/catkin_ws/build/my_nav' returned '0': CMAKE_PREFIX_PATH=${CMAKE_PREFIX_PATH}:/home/tofu/catkin_ws/install/py_test:/opt/ros/humble /usr/bin/cmake --install /home/tofu/catkin_ws/build/my_nav
[7.494s] Level 1:colcon.colcon_core.environment:checking '/home/tofu/catkin_ws/install/my_nav' for CMake module files
[7.495s] Level 1:colcon.colcon_core.environment:checking '/home/tofu/catkin_ws/install/my_nav' for CMake config files
[7.495s] Level 1:colcon.colcon_core.shell:create_environment_hook('my_nav', 'cmake_prefix_path')
[7.495s] INFO:colcon.colcon_core.shell:Creating environment hook '/home/tofu/catkin_ws/install/my_nav/share/my_nav/hook/cmake_prefix_path.ps1'
[7.496s] INFO:colcon.colcon_core.shell:Creating environment descriptor '/home/tofu/catkin_ws/install/my_nav/share/my_nav/hook/cmake_prefix_path.dsv'
[7.496s] INFO:colcon.colcon_core.shell:Creating environment hook '/home/tofu/catkin_ws/install/my_nav/share/my_nav/hook/cmake_prefix_path.sh'
[7.497s] Level 1:colcon.colcon_core.environment:checking '/home/tofu/catkin_ws/install/my_nav/lib'
[7.497s] Level 1:colcon.colcon_core.environment:checking '/home/tofu/catkin_ws/install/my_nav/bin'
[7.497s] Level 1:colcon.colcon_core.environment:checking '/home/tofu/catkin_ws/install/my_nav/lib/pkgconfig/my_nav.pc'
[7.497s] Level 1:colcon.colcon_core.environment:checking '/home/tofu/catkin_ws/install/my_nav/lib/python3.10/site-packages'
[7.497s] Level 1:colcon.colcon_core.environment:checking '/home/tofu/catkin_ws/install/my_nav/bin'
[7.498s] INFO:colcon.colcon_core.shell:Creating package script '/home/tofu/catkin_ws/install/my_nav/share/my_nav/package.ps1'
[7.498s] INFO:colcon.colcon_core.shell:Creating package descriptor '/home/tofu/catkin_ws/install/my_nav/share/my_nav/package.dsv'
[7.498s] INFO:colcon.colcon_core.shell:Creating package script '/home/tofu/catkin_ws/install/my_nav/share/my_nav/package.sh'
[7.499s] INFO:colcon.colcon_core.shell:Creating package script '/home/tofu/catkin_ws/install/my_nav/share/my_nav/package.bash'
[7.499s] INFO:colcon.colcon_core.shell:Creating package script '/home/tofu/catkin_ws/install/my_nav/share/my_nav/package.zsh'
[7.500s] Level 1:colcon.colcon_core.environment:create_file_with_runtime_dependencies(/home/tofu/catkin_ws/install/my_nav/share/colcon-core/packages/my_nav)
[7.500s] Level 1:colcon.colcon_core.environment:create_environment_scripts_only(my_nav)
[7.500s] Level 1:colcon.colcon_core.environment:checking '/home/tofu/catkin_ws/install/my_nav' for CMake module files
[7.501s] Level 1:colcon.colcon_core.environment:checking '/home/tofu/catkin_ws/install/my_nav' for CMake config files
[7.501s] Level 1:colcon.colcon_core.shell:create_environment_hook('my_nav', 'cmake_prefix_path')
[7.501s] INFO:colcon.colcon_core.shell:Creating environment hook '/home/tofu/catkin_ws/install/my_nav/share/my_nav/hook/cmake_prefix_path.ps1'
[7.501s] INFO:colcon.colcon_core.shell:Creating environment descriptor '/home/tofu/catkin_ws/install/my_nav/share/my_nav/hook/cmake_prefix_path.dsv'
[7.502s] INFO:colcon.colcon_core.shell:Creating environment hook '/home/tofu/catkin_ws/install/my_nav/share/my_nav/hook/cmake_prefix_path.sh'
[7.502s] Level 1:colcon.colcon_core.environment:checking '/home/tofu/catkin_ws/install/my_nav/lib'
[7.503s] Level 1:colcon.colcon_core.environment:checking '/home/tofu/catkin_ws/install/my_nav/bin'
[7.503s] Level 1:colcon.colcon_core.environment:checking '/home/tofu/catkin_ws/install/my_nav/lib/pkgconfig/my_nav.pc'
[7.503s] Level 1:colcon.colcon_core.environment:checking '/home/tofu/catkin_ws/install/my_nav/lib/python3.10/site-packages'
[7.503s] Level 1:colcon.colcon_core.environment:checking '/home/tofu/catkin_ws/install/my_nav/bin'
[7.503s] INFO:colcon.colcon_core.shell:Creating package script '/home/tofu/catkin_ws/install/my_nav/share/my_nav/package.ps1'
[7.504s] INFO:colcon.colcon_core.shell:Creating package descriptor '/home/tofu/catkin_ws/install/my_nav/share/my_nav/package.dsv'
[7.504s] INFO:colcon.colcon_core.shell:Creating package script '/home/tofu/catkin_ws/install/my_nav/share/my_nav/package.sh'
[7.504s] INFO:colcon.colcon_core.shell:Creating package script '/home/tofu/catkin_ws/install/my_nav/share/my_nav/package.bash'
[7.505s] INFO:colcon.colcon_core.shell:Creating package script '/home/tofu/catkin_ws/install/my_nav/share/my_nav/package.zsh'
[7.505s] Level 1:colcon.colcon_core.environment:create_file_with_runtime_dependencies(/home/tofu/catkin_ws/install/my_nav/share/colcon-core/packages/my_nav)
[7.506s] DEBUG:colcon.colcon_parallel_executor.executor.parallel:closing loop
[7.506s] DEBUG:colcon.colcon_parallel_executor.executor.parallel:loop closed
[7.506s] DEBUG:colcon.colcon_parallel_executor.executor.parallel:run_until_complete finished with '0'
[7.506s] DEBUG:colcon.colcon_core.event_reactor:joining thread
[7.511s] INFO:colcon.colcon_core.plugin_system:Skipping extension 'colcon_notification.desktop_notification.terminal_notifier': Not used on non-Darwin systems
[7.512s] INFO:colcon.colcon_core.plugin_system:Skipping extension 'colcon_notification.desktop_notification.win32': Not used on non-Windows systems
[7.512s] INFO:colcon.colcon_notification.desktop_notification:Sending desktop notification using 'notify2'
[7.523s] DEBUG:colcon.colcon_core.event_reactor:joined thread
[7.523s] INFO:colcon.colcon_core.shell:Creating prefix script '/home/tofu/catkin_ws/install/local_setup.ps1'
[7.524s] INFO:colcon.colcon_core.shell:Creating prefix util module '/home/tofu/catkin_ws/install/_local_setup_util_ps1.py'
[7.525s] INFO:colcon.colcon_core.shell:Creating prefix chain script '/home/tofu/catkin_ws/install/setup.ps1'
[7.526s] INFO:colcon.colcon_core.shell:Creating prefix script '/home/tofu/catkin_ws/install/local_setup.sh'
[7.527s] INFO:colcon.colcon_core.shell:Creating prefix util module '/home/tofu/catkin_ws/install/_local_setup_util_sh.py'
[7.527s] INFO:colcon.colcon_core.shell:Creating prefix chain script '/home/tofu/catkin_ws/install/setup.sh'
[7.528s] INFO:colcon.colcon_core.shell:Creating prefix script '/home/tofu/catkin_ws/install/local_setup.bash'
[7.528s] INFO:colcon.colcon_core.shell:Creating prefix chain script '/home/tofu/catkin_ws/install/setup.bash'
[7.529s] INFO:colcon.colcon_core.shell:Creating prefix script '/home/tofu/catkin_ws/install/local_setup.zsh'
[7.530s] INFO:colcon.colcon_core.shell:Creating prefix chain script '/home/tofu/catkin_ws/install/setup.zsh'
