[0.063s] DEBUG:colcon:Command line arguments: ['/usr/bin/colcon', 'build']
[0.064s] DEBUG:colcon:Parsed command line arguments: Namespace(log_base=None, log_level=None, verb_name='build', build_base='build', install_base='install', merge_install=False, symlink_install=False, test_result_base=None, continue_on_error=False, executor='parallel', parallel_workers=16, event_handlers=None, ignore_user_meta=False, metas=['./colcon.meta'], base_paths=['.'], packages_ignore=None, packages_ignore_regex=None, paths=None, packages_up_to=None, packages_up_to_regex=None, packages_above=None, packages_above_and_dependencies=None, packages_above_depth=None, packages_select_by_dep=None, packages_skip_by_dep=None, packages_skip_up_to=None, packages_select_build_failed=False, packages_skip_build_finished=False, packages_select_test_failures=False, packages_skip_test_passed=False, packages_select=None, packages_skip=None, packages_select_regex=None, packages_skip_regex=None, packages_start=None, packages_end=None, allow_overriding=[], cmake_args=None, cmake_target=None, cmake_target_skip_unavailable=False, cmake_clean_cache=False, cmake_clean_first=False, cmake_force_configure=False, ament_cmake_args=None, catkin_cmake_args=None, catkin_skip_building_tests=False, verb_parser=<colcon_defaults.argument_parser.defaults.DefaultArgumentsDecorator object at 0x7b47f6e65360>, verb_extension=<colcon_core.verb.build.BuildVerb object at 0x7b47f6f6e7a0>, main=<bound method BuildVerb.main of <colcon_core.verb.build.BuildVerb object at 0x7b47f6f6e7a0>>)
[0.163s] Level 1:colcon.colcon_core.package_discovery:discover_packages(colcon_meta) check parameters
[0.163s] Level 1:colcon.colcon_core.package_discovery:discover_packages(recursive) check parameters
[0.163s] Level 1:colcon.colcon_core.package_discovery:discover_packages(ignore) check parameters
[0.163s] Level 1:colcon.colcon_core.package_discovery:discover_packages(path) check parameters
[0.163s] Level 1:colcon.colcon_core.package_discovery:discover_packages(colcon_meta) discover
[0.163s] Level 1:colcon.colcon_core.package_discovery:discover_packages(recursive) discover
[0.164s] INFO:colcon.colcon_core.package_discovery:Crawling recursively for packages in '/home/tofu/catkin_ws'
[0.164s] Level 1:colcon.colcon_core.package_identification:_identify(.) by extensions ['ignore', 'ignore_ament_install']
[0.164s] Level 1:colcon.colcon_core.package_identification:_identify(.) by extension 'ignore'
[0.164s] Level 1:colcon.colcon_core.package_identification:_identify(.) by extension 'ignore_ament_install'
[0.164s] Level 1:colcon.colcon_core.package_identification:_identify(.) by extensions ['colcon_pkg']
[0.164s] Level 1:colcon.colcon_core.package_identification:_identify(.) by extension 'colcon_pkg'
[0.164s] Level 1:colcon.colcon_core.package_identification:_identify(.) by extensions ['colcon_meta']
[0.164s] Level 1:colcon.colcon_core.package_identification:_identify(.) by extension 'colcon_meta'
[0.164s] Level 1:colcon.colcon_core.package_identification:_identify(.) by extensions ['ros']
[0.164s] Level 1:colcon.colcon_core.package_identification:_identify(.) by extension 'ros'
[0.171s] Level 1:colcon.colcon_core.package_identification:_identify(.) by extensions ['cmake', 'python']
[0.171s] Level 1:colcon.colcon_core.package_identification:_identify(.) by extension 'cmake'
[0.171s] Level 1:colcon.colcon_core.package_identification:_identify(.) by extension 'python'
[0.171s] Level 1:colcon.colcon_core.package_identification:_identify(.) by extensions ['python_setup_py']
[0.171s] Level 1:colcon.colcon_core.package_identification:_identify(.) by extension 'python_setup_py'
[0.171s] Level 1:colcon.colcon_core.package_identification:_identify(build) by extensions ['ignore', 'ignore_ament_install']
[0.171s] Level 1:colcon.colcon_core.package_identification:_identify(build) by extension 'ignore'
[0.171s] Level 1:colcon.colcon_core.package_identification:_identify(build) ignored
[0.171s] Level 1:colcon.colcon_core.package_identification:_identify(install) by extensions ['ignore', 'ignore_ament_install']
[0.171s] Level 1:colcon.colcon_core.package_identification:_identify(install) by extension 'ignore'
[0.171s] Level 1:colcon.colcon_core.package_identification:_identify(install) ignored
[0.171s] Level 1:colcon.colcon_core.package_identification:_identify(log) by extensions ['ignore', 'ignore_ament_install']
[0.171s] Level 1:colcon.colcon_core.package_identification:_identify(log) by extension 'ignore'
[0.172s] Level 1:colcon.colcon_core.package_identification:_identify(log) ignored
[0.172s] Level 1:colcon.colcon_core.package_identification:_identify(src) by extensions ['ignore', 'ignore_ament_install']
[0.172s] Level 1:colcon.colcon_core.package_identification:_identify(src) by extension 'ignore'
[0.172s] Level 1:colcon.colcon_core.package_identification:_identify(src) by extension 'ignore_ament_install'
[0.172s] Level 1:colcon.colcon_core.package_identification:_identify(src) by extensions ['colcon_pkg']
[0.172s] Level 1:colcon.colcon_core.package_identification:_identify(src) by extension 'colcon_pkg'
[0.172s] Level 1:colcon.colcon_core.package_identification:_identify(src) by extensions ['colcon_meta']
[0.172s] Level 1:colcon.colcon_core.package_identification:_identify(src) by extension 'colcon_meta'
[0.172s] Level 1:colcon.colcon_core.package_identification:_identify(src) by extensions ['ros']
[0.172s] Level 1:colcon.colcon_core.package_identification:_identify(src) by extension 'ros'
[0.172s] Level 1:colcon.colcon_core.package_identification:_identify(src) by extensions ['cmake', 'python']
[0.172s] Level 1:colcon.colcon_core.package_identification:_identify(src) by extension 'cmake'
[0.172s] Level 1:colcon.colcon_core.package_identification:_identify(src) by extension 'python'
[0.172s] Level 1:colcon.colcon_core.package_identification:_identify(src) by extensions ['python_setup_py']
[0.172s] Level 1:colcon.colcon_core.package_identification:_identify(src) by extension 'python_setup_py'
[0.172s] Level 1:colcon.colcon_core.package_identification:_identify(src/c_test) by extensions ['ignore', 'ignore_ament_install']
[0.172s] Level 1:colcon.colcon_core.package_identification:_identify(src/c_test) by extension 'ignore'
[0.172s] Level 1:colcon.colcon_core.package_identification:_identify(src/c_test) by extension 'ignore_ament_install'
[0.172s] Level 1:colcon.colcon_core.package_identification:_identify(src/c_test) by extensions ['colcon_pkg']
[0.172s] Level 1:colcon.colcon_core.package_identification:_identify(src/c_test) by extension 'colcon_pkg'
[0.172s] Level 1:colcon.colcon_core.package_identification:_identify(src/c_test) by extensions ['colcon_meta']
[0.172s] Level 1:colcon.colcon_core.package_identification:_identify(src/c_test) by extension 'colcon_meta'
[0.172s] Level 1:colcon.colcon_core.package_identification:_identify(src/c_test) by extensions ['ros']
[0.172s] Level 1:colcon.colcon_core.package_identification:_identify(src/c_test) by extension 'ros'
[0.174s] DEBUG:colcon.colcon_core.package_identification:Package 'src/c_test' with type 'ros.ament_cmake' and name 'c_test'
[0.174s] Level 1:colcon.colcon_core.package_identification:_identify(src/model) by extensions ['ignore', 'ignore_ament_install']
[0.174s] Level 1:colcon.colcon_core.package_identification:_identify(src/model) by extension 'ignore'
[0.174s] Level 1:colcon.colcon_core.package_identification:_identify(src/model) by extension 'ignore_ament_install'
[0.174s] Level 1:colcon.colcon_core.package_identification:_identify(src/model) by extensions ['colcon_pkg']
[0.174s] Level 1:colcon.colcon_core.package_identification:_identify(src/model) by extension 'colcon_pkg'
[0.174s] Level 1:colcon.colcon_core.package_identification:_identify(src/model) by extensions ['colcon_meta']
[0.174s] Level 1:colcon.colcon_core.package_identification:_identify(src/model) by extension 'colcon_meta'
[0.174s] Level 1:colcon.colcon_core.package_identification:_identify(src/model) by extensions ['ros']
[0.174s] Level 1:colcon.colcon_core.package_identification:_identify(src/model) by extension 'ros'
[0.175s] DEBUG:colcon.colcon_core.package_identification:Package 'src/model' with type 'ros.ament_cmake' and name 'model'
[0.175s] Level 1:colcon.colcon_core.package_identification:_identify(src/my_nav) by extensions ['ignore', 'ignore_ament_install']
[0.175s] Level 1:colcon.colcon_core.package_identification:_identify(src/my_nav) by extension 'ignore'
[0.175s] Level 1:colcon.colcon_core.package_identification:_identify(src/my_nav) by extension 'ignore_ament_install'
[0.175s] Level 1:colcon.colcon_core.package_identification:_identify(src/my_nav) by extensions ['colcon_pkg']
[0.175s] Level 1:colcon.colcon_core.package_identification:_identify(src/my_nav) by extension 'colcon_pkg'
[0.175s] Level 1:colcon.colcon_core.package_identification:_identify(src/my_nav) by extensions ['colcon_meta']
[0.175s] Level 1:colcon.colcon_core.package_identification:_identify(src/my_nav) by extension 'colcon_meta'
[0.175s] Level 1:colcon.colcon_core.package_identification:_identify(src/my_nav) by extensions ['ros']
[0.175s] Level 1:colcon.colcon_core.package_identification:_identify(src/my_nav) by extension 'ros'
[0.175s] DEBUG:colcon.colcon_core.package_identification:Package 'src/my_nav' with type 'ros.ament_cmake' and name 'my_nav'
[0.176s] Level 1:colcon.colcon_core.package_identification:_identify(src/py_test) by extensions ['ignore', 'ignore_ament_install']
[0.176s] Level 1:colcon.colcon_core.package_identification:_identify(src/py_test) by extension 'ignore'
[0.176s] Level 1:colcon.colcon_core.package_identification:_identify(src/py_test) by extension 'ignore_ament_install'
[0.176s] Level 1:colcon.colcon_core.package_identification:_identify(src/py_test) by extensions ['colcon_pkg']
[0.176s] Level 1:colcon.colcon_core.package_identification:_identify(src/py_test) by extension 'colcon_pkg'
[0.176s] Level 1:colcon.colcon_core.package_identification:_identify(src/py_test) by extensions ['colcon_meta']
[0.176s] Level 1:colcon.colcon_core.package_identification:_identify(src/py_test) by extension 'colcon_meta'
[0.176s] Level 1:colcon.colcon_core.package_identification:_identify(src/py_test) by extensions ['ros']
[0.176s] Level 1:colcon.colcon_core.package_identification:_identify(src/py_test) by extension 'ros'
[0.176s] DEBUG:colcon.colcon_core.package_identification:Package 'src/py_test' with type 'ros.ament_python' and name 'py_test'
[0.176s] Level 1:colcon.colcon_core.package_identification:_identify(src/robot) by extensions ['ignore', 'ignore_ament_install']
[0.176s] Level 1:colcon.colcon_core.package_identification:_identify(src/robot) by extension 'ignore'
[0.177s] Level 1:colcon.colcon_core.package_identification:_identify(src/robot) by extension 'ignore_ament_install'
[0.177s] Level 1:colcon.colcon_core.package_identification:_identify(src/robot) by extensions ['colcon_pkg']
[0.177s] Level 1:colcon.colcon_core.package_identification:_identify(src/robot) by extension 'colcon_pkg'
[0.177s] Level 1:colcon.colcon_core.package_identification:_identify(src/robot) by extensions ['colcon_meta']
[0.177s] Level 1:colcon.colcon_core.package_identification:_identify(src/robot) by extension 'colcon_meta'
[0.177s] Level 1:colcon.colcon_core.package_identification:_identify(src/robot) by extensions ['ros']
[0.177s] Level 1:colcon.colcon_core.package_identification:_identify(src/robot) by extension 'ros'
[0.177s] DEBUG:colcon.colcon_core.package_identification:Package 'src/robot' with type 'ros.ament_cmake' and name 'robot'
[0.177s] Level 1:colcon.colcon_core.package_discovery:discover_packages(recursive) using defaults
[0.177s] Level 1:colcon.colcon_core.package_discovery:discover_packages(ignore) discover
[0.177s] Level 1:colcon.colcon_core.package_discovery:discover_packages(ignore) using defaults
[0.177s] Level 1:colcon.colcon_core.package_discovery:discover_packages(path) discover
[0.177s] Level 1:colcon.colcon_core.package_discovery:discover_packages(path) using defaults
[0.196s] Level 1:colcon.colcon_core.package_discovery:discover_packages(prefix_path) check parameters
[0.196s] Level 1:colcon.colcon_core.package_discovery:discover_packages(prefix_path) discover
[0.197s] DEBUG:colcon.colcon_installed_package_information.package_discovery:Found 5 installed packages in /home/tofu/catkin_ws/install
[0.199s] DEBUG:colcon.colcon_installed_package_information.package_discovery:Found 465 installed packages in /opt/ros/humble
[0.200s] Level 1:colcon.colcon_core.package_discovery:discover_packages(prefix_path) using defaults
[0.232s] Level 5:colcon.colcon_core.verb:set package 'c_test' build argument 'cmake_args' from command line to 'None'
[0.233s] Level 5:colcon.colcon_core.verb:set package 'c_test' build argument 'cmake_target' from command line to 'None'
[0.233s] Level 5:colcon.colcon_core.verb:set package 'c_test' build argument 'cmake_target_skip_unavailable' from command line to 'False'
[0.233s] Level 5:colcon.colcon_core.verb:set package 'c_test' build argument 'cmake_clean_cache' from command line to 'False'
[0.233s] Level 5:colcon.colcon_core.verb:set package 'c_test' build argument 'cmake_clean_first' from command line to 'False'
[0.233s] Level 5:colcon.colcon_core.verb:set package 'c_test' build argument 'cmake_force_configure' from command line to 'False'
[0.233s] Level 5:colcon.colcon_core.verb:set package 'c_test' build argument 'ament_cmake_args' from command line to 'None'
[0.233s] Level 5:colcon.colcon_core.verb:set package 'c_test' build argument 'catkin_cmake_args' from command line to 'None'
[0.233s] Level 5:colcon.colcon_core.verb:set package 'c_test' build argument 'catkin_skip_building_tests' from command line to 'False'
[0.233s] DEBUG:colcon.colcon_core.verb:Building package 'c_test' with the following arguments: {'ament_cmake_args': None, 'build_base': '/home/tofu/catkin_ws/build/c_test', 'catkin_cmake_args': None, 'catkin_skip_building_tests': False, 'cmake_args': None, 'cmake_clean_cache': False, 'cmake_clean_first': False, 'cmake_force_configure': False, 'cmake_target': None, 'cmake_target_skip_unavailable': False, 'install_base': '/home/tofu/catkin_ws/install/c_test', 'merge_install': False, 'path': '/home/tofu/catkin_ws/src/c_test', 'symlink_install': False, 'test_result_base': None}
[0.233s] Level 5:colcon.colcon_core.verb:set package 'model' build argument 'cmake_args' from command line to 'None'
[0.233s] Level 5:colcon.colcon_core.verb:set package 'model' build argument 'cmake_target' from command line to 'None'
[0.233s] Level 5:colcon.colcon_core.verb:set package 'model' build argument 'cmake_target_skip_unavailable' from command line to 'False'
[0.233s] Level 5:colcon.colcon_core.verb:set package 'model' build argument 'cmake_clean_cache' from command line to 'False'
[0.233s] Level 5:colcon.colcon_core.verb:set package 'model' build argument 'cmake_clean_first' from command line to 'False'
[0.233s] Level 5:colcon.colcon_core.verb:set package 'model' build argument 'cmake_force_configure' from command line to 'False'
[0.233s] Level 5:colcon.colcon_core.verb:set package 'model' build argument 'ament_cmake_args' from command line to 'None'
[0.233s] Level 5:colcon.colcon_core.verb:set package 'model' build argument 'catkin_cmake_args' from command line to 'None'
[0.233s] Level 5:colcon.colcon_core.verb:set package 'model' build argument 'catkin_skip_building_tests' from command line to 'False'
[0.233s] DEBUG:colcon.colcon_core.verb:Building package 'model' with the following arguments: {'ament_cmake_args': None, 'build_base': '/home/tofu/catkin_ws/build/model', 'catkin_cmake_args': None, 'catkin_skip_building_tests': False, 'cmake_args': None, 'cmake_clean_cache': False, 'cmake_clean_first': False, 'cmake_force_configure': False, 'cmake_target': None, 'cmake_target_skip_unavailable': False, 'install_base': '/home/tofu/catkin_ws/install/model', 'merge_install': False, 'path': '/home/tofu/catkin_ws/src/model', 'symlink_install': False, 'test_result_base': None}
[0.233s] Level 5:colcon.colcon_core.verb:set package 'my_nav' build argument 'cmake_args' from command line to 'None'
[0.233s] Level 5:colcon.colcon_core.verb:set package 'my_nav' build argument 'cmake_target' from command line to 'None'
[0.233s] Level 5:colcon.colcon_core.verb:set package 'my_nav' build argument 'cmake_target_skip_unavailable' from command line to 'False'
[0.233s] Level 5:colcon.colcon_core.verb:set package 'my_nav' build argument 'cmake_clean_cache' from command line to 'False'
[0.233s] Level 5:colcon.colcon_core.verb:set package 'my_nav' build argument 'cmake_clean_first' from command line to 'False'
[0.233s] Level 5:colcon.colcon_core.verb:set package 'my_nav' build argument 'cmake_force_configure' from command line to 'False'
[0.233s] Level 5:colcon.colcon_core.verb:set package 'my_nav' build argument 'ament_cmake_args' from command line to 'None'
[0.233s] Level 5:colcon.colcon_core.verb:set package 'my_nav' build argument 'catkin_cmake_args' from command line to 'None'
[0.233s] Level 5:colcon.colcon_core.verb:set package 'my_nav' build argument 'catkin_skip_building_tests' from command line to 'False'
[0.234s] DEBUG:colcon.colcon_core.verb:Building package 'my_nav' with the following arguments: {'ament_cmake_args': None, 'build_base': '/home/tofu/catkin_ws/build/my_nav', 'catkin_cmake_args': None, 'catkin_skip_building_tests': False, 'cmake_args': None, 'cmake_clean_cache': False, 'cmake_clean_first': False, 'cmake_force_configure': False, 'cmake_target': None, 'cmake_target_skip_unavailable': False, 'install_base': '/home/tofu/catkin_ws/install/my_nav', 'merge_install': False, 'path': '/home/tofu/catkin_ws/src/my_nav', 'symlink_install': False, 'test_result_base': None}
[0.234s] Level 5:colcon.colcon_core.verb:set package 'py_test' build argument 'cmake_args' from command line to 'None'
[0.234s] Level 5:colcon.colcon_core.verb:set package 'py_test' build argument 'cmake_target' from command line to 'None'
[0.234s] Level 5:colcon.colcon_core.verb:set package 'py_test' build argument 'cmake_target_skip_unavailable' from command line to 'False'
[0.234s] Level 5:colcon.colcon_core.verb:set package 'py_test' build argument 'cmake_clean_cache' from command line to 'False'
[0.234s] Level 5:colcon.colcon_core.verb:set package 'py_test' build argument 'cmake_clean_first' from command line to 'False'
[0.234s] Level 5:colcon.colcon_core.verb:set package 'py_test' build argument 'cmake_force_configure' from command line to 'False'
[0.234s] Level 5:colcon.colcon_core.verb:set package 'py_test' build argument 'ament_cmake_args' from command line to 'None'
[0.234s] Level 5:colcon.colcon_core.verb:set package 'py_test' build argument 'catkin_cmake_args' from command line to 'None'
[0.234s] Level 5:colcon.colcon_core.verb:set package 'py_test' build argument 'catkin_skip_building_tests' from command line to 'False'
[0.234s] DEBUG:colcon.colcon_core.verb:Building package 'py_test' with the following arguments: {'ament_cmake_args': None, 'build_base': '/home/tofu/catkin_ws/build/py_test', 'catkin_cmake_args': None, 'catkin_skip_building_tests': False, 'cmake_args': None, 'cmake_clean_cache': False, 'cmake_clean_first': False, 'cmake_force_configure': False, 'cmake_target': None, 'cmake_target_skip_unavailable': False, 'install_base': '/home/tofu/catkin_ws/install/py_test', 'merge_install': False, 'path': '/home/tofu/catkin_ws/src/py_test', 'symlink_install': False, 'test_result_base': None}
[0.234s] Level 5:colcon.colcon_core.verb:set package 'robot' build argument 'cmake_args' from command line to 'None'
[0.234s] Level 5:colcon.colcon_core.verb:set package 'robot' build argument 'cmake_target' from command line to 'None'
[0.234s] Level 5:colcon.colcon_core.verb:set package 'robot' build argument 'cmake_target_skip_unavailable' from command line to 'False'
[0.234s] Level 5:colcon.colcon_core.verb:set package 'robot' build argument 'cmake_clean_cache' from command line to 'False'
[0.234s] Level 5:colcon.colcon_core.verb:set package 'robot' build argument 'cmake_clean_first' from command line to 'False'
[0.234s] Level 5:colcon.colcon_core.verb:set package 'robot' build argument 'cmake_force_configure' from command line to 'False'
[0.234s] Level 5:colcon.colcon_core.verb:set package 'robot' build argument 'ament_cmake_args' from command line to 'None'
[0.234s] Level 5:colcon.colcon_core.verb:set package 'robot' build argument 'catkin_cmake_args' from command line to 'None'
[0.234s] Level 5:colcon.colcon_core.verb:set package 'robot' build argument 'catkin_skip_building_tests' from command line to 'False'
[0.234s] DEBUG:colcon.colcon_core.verb:Building package 'robot' with the following arguments: {'ament_cmake_args': None, 'build_base': '/home/tofu/catkin_ws/build/robot', 'catkin_cmake_args': None, 'catkin_skip_building_tests': False, 'cmake_args': None, 'cmake_clean_cache': False, 'cmake_clean_first': False, 'cmake_force_configure': False, 'cmake_target': None, 'cmake_target_skip_unavailable': False, 'install_base': '/home/tofu/catkin_ws/install/robot', 'merge_install': False, 'path': '/home/tofu/catkin_ws/src/robot', 'symlink_install': False, 'test_result_base': None}
[0.234s] INFO:colcon.colcon_core.executor:Executing jobs using 'parallel' executor
[0.235s] DEBUG:colcon.colcon_parallel_executor.executor.parallel:run_until_complete
[0.235s] INFO:colcon.colcon_ros.task.ament_cmake.build:Building ROS package in '/home/tofu/catkin_ws/src/c_test' with build type 'ament_cmake'
[0.235s] INFO:colcon.colcon_cmake.task.cmake.build:Building CMake package in '/home/tofu/catkin_ws/src/c_test'
[0.237s] INFO:colcon.colcon_core.plugin_system:Skipping extension 'colcon_core.shell.bat': Not used on non-Windows systems
[0.238s] INFO:colcon.colcon_core.shell:Skip shell extension 'powershell' for command environment: Not usable outside of PowerShell
[0.238s] DEBUG:colcon.colcon_core.shell:Skip shell extension 'dsv' for command environment
[0.241s] INFO:colcon.colcon_ros.task.ament_cmake.build:Building ROS package in '/home/tofu/catkin_ws/src/model' with build type 'ament_cmake'
[0.241s] INFO:colcon.colcon_cmake.task.cmake.build:Building CMake package in '/home/tofu/catkin_ws/src/model'
[0.241s] INFO:colcon.colcon_core.shell:Skip shell extension 'powershell' for command environment: Not usable outside of PowerShell
[0.241s] DEBUG:colcon.colcon_core.shell:Skip shell extension 'dsv' for command environment
[0.245s] INFO:colcon.colcon_ros.task.ament_cmake.build:Building ROS package in '/home/tofu/catkin_ws/src/my_nav' with build type 'ament_cmake'
[0.245s] INFO:colcon.colcon_cmake.task.cmake.build:Building CMake package in '/home/tofu/catkin_ws/src/my_nav'
[0.245s] INFO:colcon.colcon_core.shell:Skip shell extension 'powershell' for command environment: Not usable outside of PowerShell
[0.245s] DEBUG:colcon.colcon_core.shell:Skip shell extension 'dsv' for command environment
[0.248s] INFO:colcon.colcon_ros.task.ament_python.build:Building ROS package in '/home/tofu/catkin_ws/src/py_test' with build type 'ament_python'
[0.248s] Level 1:colcon.colcon_core.shell:create_environment_hook('py_test', 'ament_prefix_path')
[0.248s] INFO:colcon.colcon_core.shell:Creating environment hook '/home/tofu/catkin_ws/install/py_test/share/py_test/hook/ament_prefix_path.ps1'
[0.249s] INFO:colcon.colcon_core.shell:Creating environment descriptor '/home/tofu/catkin_ws/install/py_test/share/py_test/hook/ament_prefix_path.dsv'
[0.249s] INFO:colcon.colcon_core.shell:Creating environment hook '/home/tofu/catkin_ws/install/py_test/share/py_test/hook/ament_prefix_path.sh'
[0.250s] INFO:colcon.colcon_core.shell:Skip shell extension 'powershell' for command environment: Not usable outside of PowerShell
[0.250s] DEBUG:colcon.colcon_core.shell:Skip shell extension 'dsv' for command environment
[0.253s] INFO:colcon.colcon_ros.task.ament_cmake.build:Building ROS package in '/home/tofu/catkin_ws/src/robot' with build type 'ament_cmake'
[0.253s] INFO:colcon.colcon_cmake.task.cmake.build:Building CMake package in '/home/tofu/catkin_ws/src/robot'
[0.253s] INFO:colcon.colcon_core.shell:Skip shell extension 'powershell' for command environment: Not usable outside of PowerShell
[0.253s] DEBUG:colcon.colcon_core.shell:Skip shell extension 'dsv' for command environment
[0.260s] DEBUG:colcon.colcon_core.event_handler.log_command:Invoking command in '/home/tofu/catkin_ws/build/c_test': CMAKE_PREFIX_PATH=${CMAKE_PREFIX_PATH}:/home/tofu/catkin_ws/install/py_test:/opt/ros/humble /usr/bin/cmake --build /home/tofu/catkin_ws/build/c_test -- -j16 -l16
[0.263s] DEBUG:colcon.colcon_core.event_handler.log_command:Invoking command in '/home/tofu/catkin_ws/build/model': CMAKE_PREFIX_PATH=${CMAKE_PREFIX_PATH}:/home/tofu/catkin_ws/install/py_test:/opt/ros/humble /usr/bin/cmake --build /home/tofu/catkin_ws/build/model -- -j16 -l16
[0.266s] DEBUG:colcon.colcon_core.event_handler.log_command:Invoking command in '/home/tofu/catkin_ws/build/my_nav': CMAKE_PREFIX_PATH=${CMAKE_PREFIX_PATH}:/home/tofu/catkin_ws/install/py_test:/opt/ros/humble /usr/bin/cmake --build /home/tofu/catkin_ws/build/my_nav -- -j16 -l16
[0.430s] INFO:colcon.colcon_core.task.python.build:Building Python package in '/home/tofu/catkin_ws/src/py_test'
[0.430s] INFO:colcon.colcon_core.shell:Skip shell extension 'powershell' for command environment: Not usable outside of PowerShell
[0.430s] DEBUG:colcon.colcon_core.shell:Skip shell extension 'dsv' for command environment
[0.448s] DEBUG:colcon.colcon_core.event_handler.log_command:Invoking command in '/home/tofu/catkin_ws/build/robot': CMAKE_PREFIX_PATH=${CMAKE_PREFIX_PATH}:/home/tofu/catkin_ws/install/py_test:/opt/ros/humble /usr/bin/cmake --build /home/tofu/catkin_ws/build/robot -- -j16 -l16
[0.449s] DEBUG:colcon.colcon_core.event_handler.log_command:Invoked command in '/home/tofu/catkin_ws/build/model' returned '0': CMAKE_PREFIX_PATH=${CMAKE_PREFIX_PATH}:/home/tofu/catkin_ws/install/py_test:/opt/ros/humble /usr/bin/cmake --build /home/tofu/catkin_ws/build/model -- -j16 -l16
[0.458s] DEBUG:colcon.colcon_core.event_handler.log_command:Invoking command in '/home/tofu/catkin_ws/build/model': CMAKE_PREFIX_PATH=${CMAKE_PREFIX_PATH}:/home/tofu/catkin_ws/install/py_test:/opt/ros/humble /usr/bin/cmake --install /home/tofu/catkin_ws/build/model
[0.468s] Level 1:colcon.colcon_core.environment:create_environment_scripts_only(model)
[0.468s] DEBUG:colcon.colcon_core.event_handler.log_command:Invoked command in '/home/tofu/catkin_ws/build/model' returned '0': CMAKE_PREFIX_PATH=${CMAKE_PREFIX_PATH}:/home/tofu/catkin_ws/install/py_test:/opt/ros/humble /usr/bin/cmake --install /home/tofu/catkin_ws/build/model
[0.470s] Level 1:colcon.colcon_core.environment:checking '/home/tofu/catkin_ws/install/model' for CMake module files
[0.471s] Level 1:colcon.colcon_core.environment:checking '/home/tofu/catkin_ws/install/model' for CMake config files
[0.471s] Level 1:colcon.colcon_core.shell:create_environment_hook('model', 'cmake_prefix_path')
[0.471s] INFO:colcon.colcon_core.shell:Creating environment hook '/home/tofu/catkin_ws/install/model/share/model/hook/cmake_prefix_path.ps1'
[0.472s] INFO:colcon.colcon_core.shell:Creating environment descriptor '/home/tofu/catkin_ws/install/model/share/model/hook/cmake_prefix_path.dsv'
[0.472s] INFO:colcon.colcon_core.shell:Creating environment hook '/home/tofu/catkin_ws/install/model/share/model/hook/cmake_prefix_path.sh'
[0.473s] Level 1:colcon.colcon_core.environment:checking '/home/tofu/catkin_ws/install/model/bin'
[0.473s] Level 1:colcon.colcon_core.environment:checking '/home/tofu/catkin_ws/install/model/lib/pkgconfig/model.pc'
[0.473s] Level 1:colcon.colcon_core.environment:checking '/home/tofu/catkin_ws/install/model/lib/python3.10/site-packages'
[0.473s] Level 1:colcon.colcon_core.environment:checking '/home/tofu/catkin_ws/install/model/bin'
[0.474s] INFO:colcon.colcon_core.shell:Creating package script '/home/tofu/catkin_ws/install/model/share/model/package.ps1'
[0.475s] INFO:colcon.colcon_core.shell:Creating package descriptor '/home/tofu/catkin_ws/install/model/share/model/package.dsv'
[0.475s] INFO:colcon.colcon_core.shell:Creating package script '/home/tofu/catkin_ws/install/model/share/model/package.sh'
[0.476s] INFO:colcon.colcon_core.shell:Creating package script '/home/tofu/catkin_ws/install/model/share/model/package.bash'
[0.476s] INFO:colcon.colcon_core.shell:Creating package script '/home/tofu/catkin_ws/install/model/share/model/package.zsh'
[0.477s] Level 1:colcon.colcon_core.environment:create_file_with_runtime_dependencies(/home/tofu/catkin_ws/install/model/share/colcon-core/packages/model)
[0.478s] Level 1:colcon.colcon_core.environment:create_environment_scripts_only(model)
[0.478s] Level 1:colcon.colcon_core.environment:checking '/home/tofu/catkin_ws/install/model' for CMake module files
[0.478s] Level 1:colcon.colcon_core.environment:checking '/home/tofu/catkin_ws/install/model' for CMake config files
[0.480s] Level 1:colcon.colcon_core.shell:create_environment_hook('model', 'cmake_prefix_path')
[0.480s] INFO:colcon.colcon_core.shell:Creating environment hook '/home/tofu/catkin_ws/install/model/share/model/hook/cmake_prefix_path.ps1'
[0.480s] INFO:colcon.colcon_core.shell:Creating environment descriptor '/home/tofu/catkin_ws/install/model/share/model/hook/cmake_prefix_path.dsv'
[0.481s] INFO:colcon.colcon_core.shell:Creating environment hook '/home/tofu/catkin_ws/install/model/share/model/hook/cmake_prefix_path.sh'
[0.482s] Level 1:colcon.colcon_core.environment:checking '/home/tofu/catkin_ws/install/model/bin'
[0.482s] Level 1:colcon.colcon_core.environment:checking '/home/tofu/catkin_ws/install/model/lib/pkgconfig/model.pc'
[0.482s] Level 1:colcon.colcon_core.environment:checking '/home/tofu/catkin_ws/install/model/lib/python3.10/site-packages'
[0.482s] Level 1:colcon.colcon_core.environment:checking '/home/tofu/catkin_ws/install/model/bin'
[0.482s] INFO:colcon.colcon_core.shell:Creating package script '/home/tofu/catkin_ws/install/model/share/model/package.ps1'
[0.483s] INFO:colcon.colcon_core.shell:Creating package descriptor '/home/tofu/catkin_ws/install/model/share/model/package.dsv'
[0.483s] INFO:colcon.colcon_core.shell:Creating package script '/home/tofu/catkin_ws/install/model/share/model/package.sh'
[0.484s] INFO:colcon.colcon_core.shell:Creating package script '/home/tofu/catkin_ws/install/model/share/model/package.bash'
[0.484s] INFO:colcon.colcon_core.shell:Creating package script '/home/tofu/catkin_ws/install/model/share/model/package.zsh'
[0.485s] Level 1:colcon.colcon_core.environment:create_file_with_runtime_dependencies(/home/tofu/catkin_ws/install/model/share/colcon-core/packages/model)
[0.512s] DEBUG:colcon.colcon_core.event_handler.log_command:Invoked command in '/home/tofu/catkin_ws/build/robot' returned '0': CMAKE_PREFIX_PATH=${CMAKE_PREFIX_PATH}:/home/tofu/catkin_ws/install/py_test:/opt/ros/humble /usr/bin/cmake --build /home/tofu/catkin_ws/build/robot -- -j16 -l16
[0.514s] DEBUG:colcon.colcon_core.event_handler.log_command:Invoking command in '/home/tofu/catkin_ws/build/robot': CMAKE_PREFIX_PATH=${CMAKE_PREFIX_PATH}:/home/tofu/catkin_ws/install/py_test:/opt/ros/humble /usr/bin/cmake --install /home/tofu/catkin_ws/build/robot
[0.517s] DEBUG:colcon.colcon_core.event_handler.log_command:Invoked command in '/home/tofu/catkin_ws/build/c_test' returned '0': CMAKE_PREFIX_PATH=${CMAKE_PREFIX_PATH}:/home/tofu/catkin_ws/install/py_test:/opt/ros/humble /usr/bin/cmake --build /home/tofu/catkin_ws/build/c_test -- -j16 -l16
[0.519s] DEBUG:colcon.colcon_core.event_handler.log_command:Invoking command in '/home/tofu/catkin_ws/build/c_test': CMAKE_PREFIX_PATH=${CMAKE_PREFIX_PATH}:/home/tofu/catkin_ws/install/py_test:/opt/ros/humble /usr/bin/cmake --install /home/tofu/catkin_ws/build/c_test
[0.524s] Level 1:colcon.colcon_core.environment:create_environment_scripts_only(robot)
[0.524s] Level 1:colcon.colcon_core.environment:checking '/home/tofu/catkin_ws/install/robot' for CMake module files
[0.525s] DEBUG:colcon.colcon_core.event_handler.log_command:Invoked command in '/home/tofu/catkin_ws/build/robot' returned '0': CMAKE_PREFIX_PATH=${CMAKE_PREFIX_PATH}:/home/tofu/catkin_ws/install/py_test:/opt/ros/humble /usr/bin/cmake --install /home/tofu/catkin_ws/build/robot
[0.525s] Level 1:colcon.colcon_core.environment:checking '/home/tofu/catkin_ws/install/robot' for CMake config files
[0.525s] Level 1:colcon.colcon_core.shell:create_environment_hook('robot', 'cmake_prefix_path')
[0.525s] INFO:colcon.colcon_core.shell:Creating environment hook '/home/tofu/catkin_ws/install/robot/share/robot/hook/cmake_prefix_path.ps1'
[0.527s] INFO:colcon.colcon_core.shell:Creating environment descriptor '/home/tofu/catkin_ws/install/robot/share/robot/hook/cmake_prefix_path.dsv'
[0.528s] INFO:colcon.colcon_core.shell:Creating environment hook '/home/tofu/catkin_ws/install/robot/share/robot/hook/cmake_prefix_path.sh'
[0.533s] Level 1:colcon.colcon_core.environment:checking '/home/tofu/catkin_ws/install/robot/lib'
[0.533s] Level 1:colcon.colcon_core.environment:checking '/home/tofu/catkin_ws/install/robot/bin'
[0.533s] Level 1:colcon.colcon_core.environment:checking '/home/tofu/catkin_ws/install/robot/lib/pkgconfig/robot.pc'
[0.534s] Level 1:colcon.colcon_core.environment:checking '/home/tofu/catkin_ws/install/robot/lib/python3.10/site-packages'
[0.534s] Level 1:colcon.colcon_core.environment:checking '/home/tofu/catkin_ws/install/robot/bin'
[0.534s] INFO:colcon.colcon_core.shell:Creating package script '/home/tofu/catkin_ws/install/robot/share/robot/package.ps1'
[0.536s] INFO:colcon.colcon_core.shell:Creating package descriptor '/home/tofu/catkin_ws/install/robot/share/robot/package.dsv'
[0.537s] INFO:colcon.colcon_core.shell:Creating package script '/home/tofu/catkin_ws/install/robot/share/robot/package.sh'
[0.539s] INFO:colcon.colcon_core.shell:Creating package script '/home/tofu/catkin_ws/install/robot/share/robot/package.bash'
[0.540s] INFO:colcon.colcon_core.shell:Creating package script '/home/tofu/catkin_ws/install/robot/share/robot/package.zsh'
[0.541s] Level 1:colcon.colcon_core.environment:create_file_with_runtime_dependencies(/home/tofu/catkin_ws/install/robot/share/colcon-core/packages/robot)
[0.542s] Level 1:colcon.colcon_core.environment:create_environment_scripts_only(robot)
[0.542s] Level 1:colcon.colcon_core.environment:checking '/home/tofu/catkin_ws/install/robot' for CMake module files
[0.546s] Level 1:colcon.colcon_core.environment:checking '/home/tofu/catkin_ws/install/robot' for CMake config files
[0.546s] Level 1:colcon.colcon_core.shell:create_environment_hook('robot', 'cmake_prefix_path')
[0.547s] INFO:colcon.colcon_core.shell:Creating environment hook '/home/tofu/catkin_ws/install/robot/share/robot/hook/cmake_prefix_path.ps1'
[0.547s] INFO:colcon.colcon_core.shell:Creating environment descriptor '/home/tofu/catkin_ws/install/robot/share/robot/hook/cmake_prefix_path.dsv'
[0.548s] INFO:colcon.colcon_core.shell:Creating environment hook '/home/tofu/catkin_ws/install/robot/share/robot/hook/cmake_prefix_path.sh'
[0.549s] Level 1:colcon.colcon_core.environment:checking '/home/tofu/catkin_ws/install/robot/lib'
[0.549s] Level 1:colcon.colcon_core.environment:checking '/home/tofu/catkin_ws/install/robot/bin'
[0.549s] Level 1:colcon.colcon_core.environment:checking '/home/tofu/catkin_ws/install/robot/lib/pkgconfig/robot.pc'
[0.549s] Level 1:colcon.colcon_core.environment:checking '/home/tofu/catkin_ws/install/robot/lib/python3.10/site-packages'
[0.549s] Level 1:colcon.colcon_core.environment:checking '/home/tofu/catkin_ws/install/robot/bin'
[0.549s] INFO:colcon.colcon_core.shell:Creating package script '/home/tofu/catkin_ws/install/robot/share/robot/package.ps1'
[0.550s] INFO:colcon.colcon_core.shell:Creating package descriptor '/home/tofu/catkin_ws/install/robot/share/robot/package.dsv'
[0.550s] INFO:colcon.colcon_core.shell:Creating package script '/home/tofu/catkin_ws/install/robot/share/robot/package.sh'
[0.551s] INFO:colcon.colcon_core.shell:Creating package script '/home/tofu/catkin_ws/install/robot/share/robot/package.bash'
[0.551s] INFO:colcon.colcon_core.shell:Creating package script '/home/tofu/catkin_ws/install/robot/share/robot/package.zsh'
[0.551s] Level 1:colcon.colcon_core.environment:create_file_with_runtime_dependencies(/home/tofu/catkin_ws/install/robot/share/colcon-core/packages/robot)
[0.567s] Level 1:colcon.colcon_core.environment:create_environment_scripts_only(c_test)
[0.567s] Level 1:colcon.colcon_core.environment:checking '/home/tofu/catkin_ws/install/c_test' for CMake module files
[0.568s] DEBUG:colcon.colcon_core.event_handler.log_command:Invoked command in '/home/tofu/catkin_ws/build/c_test' returned '0': CMAKE_PREFIX_PATH=${CMAKE_PREFIX_PATH}:/home/tofu/catkin_ws/install/py_test:/opt/ros/humble /usr/bin/cmake --install /home/tofu/catkin_ws/build/c_test
[0.568s] Level 1:colcon.colcon_core.environment:checking '/home/tofu/catkin_ws/install/c_test' for CMake config files
[0.568s] Level 1:colcon.colcon_core.shell:create_environment_hook('c_test', 'cmake_prefix_path')
[0.568s] INFO:colcon.colcon_core.shell:Creating environment hook '/home/tofu/catkin_ws/install/c_test/share/c_test/hook/cmake_prefix_path.ps1'
[0.569s] INFO:colcon.colcon_core.shell:Creating environment descriptor '/home/tofu/catkin_ws/install/c_test/share/c_test/hook/cmake_prefix_path.dsv'
[0.569s] INFO:colcon.colcon_core.shell:Creating environment hook '/home/tofu/catkin_ws/install/c_test/share/c_test/hook/cmake_prefix_path.sh'
[0.570s] Level 1:colcon.colcon_core.environment:checking '/home/tofu/catkin_ws/install/c_test/lib'
[0.570s] Level 1:colcon.colcon_core.shell:create_environment_hook('c_test', 'ld_library_path_lib')
[0.570s] INFO:colcon.colcon_core.shell:Creating environment hook '/home/tofu/catkin_ws/install/c_test/share/c_test/hook/ld_library_path_lib.ps1'
[0.570s] INFO:colcon.colcon_core.shell:Creating environment descriptor '/home/tofu/catkin_ws/install/c_test/share/c_test/hook/ld_library_path_lib.dsv'
[0.571s] INFO:colcon.colcon_core.shell:Creating environment hook '/home/tofu/catkin_ws/install/c_test/share/c_test/hook/ld_library_path_lib.sh'
[0.571s] Level 1:colcon.colcon_core.environment:checking '/home/tofu/catkin_ws/install/c_test/bin'
[0.571s] Level 1:colcon.colcon_core.environment:checking '/home/tofu/catkin_ws/install/c_test/lib/pkgconfig/c_test.pc'
[0.571s] Level 1:colcon.colcon_core.environment:checking '/home/tofu/catkin_ws/install/c_test/lib/python3.10/site-packages'
[0.571s] Level 1:colcon.colcon_core.environment:checking '/home/tofu/catkin_ws/install/c_test/bin'
[0.572s] INFO:colcon.colcon_core.shell:Creating package script '/home/tofu/catkin_ws/install/c_test/share/c_test/package.ps1'
[0.572s] INFO:colcon.colcon_core.shell:Creating package descriptor '/home/tofu/catkin_ws/install/c_test/share/c_test/package.dsv'
[0.573s] INFO:colcon.colcon_core.shell:Creating package script '/home/tofu/catkin_ws/install/c_test/share/c_test/package.sh'
[0.573s] INFO:colcon.colcon_core.shell:Creating package script '/home/tofu/catkin_ws/install/c_test/share/c_test/package.bash'
[0.573s] INFO:colcon.colcon_core.shell:Creating package script '/home/tofu/catkin_ws/install/c_test/share/c_test/package.zsh'
[0.574s] Level 1:colcon.colcon_core.environment:create_file_with_runtime_dependencies(/home/tofu/catkin_ws/install/c_test/share/colcon-core/packages/c_test)
[0.574s] Level 1:colcon.colcon_core.environment:create_environment_scripts_only(c_test)
[0.574s] Level 1:colcon.colcon_core.environment:checking '/home/tofu/catkin_ws/install/c_test' for CMake module files
[0.575s] Level 1:colcon.colcon_core.environment:checking '/home/tofu/catkin_ws/install/c_test' for CMake config files
[0.575s] Level 1:colcon.colcon_core.shell:create_environment_hook('c_test', 'cmake_prefix_path')
[0.575s] INFO:colcon.colcon_core.shell:Creating environment hook '/home/tofu/catkin_ws/install/c_test/share/c_test/hook/cmake_prefix_path.ps1'
[0.575s] INFO:colcon.colcon_core.shell:Creating environment descriptor '/home/tofu/catkin_ws/install/c_test/share/c_test/hook/cmake_prefix_path.dsv'
[0.576s] INFO:colcon.colcon_core.shell:Creating environment hook '/home/tofu/catkin_ws/install/c_test/share/c_test/hook/cmake_prefix_path.sh'
[0.576s] Level 1:colcon.colcon_core.environment:checking '/home/tofu/catkin_ws/install/c_test/lib'
[0.576s] Level 1:colcon.colcon_core.shell:create_environment_hook('c_test', 'ld_library_path_lib')
[0.576s] INFO:colcon.colcon_core.shell:Creating environment hook '/home/tofu/catkin_ws/install/c_test/share/c_test/hook/ld_library_path_lib.ps1'
[0.577s] INFO:colcon.colcon_core.shell:Creating environment descriptor '/home/tofu/catkin_ws/install/c_test/share/c_test/hook/ld_library_path_lib.dsv'
[0.577s] INFO:colcon.colcon_core.shell:Creating environment hook '/home/tofu/catkin_ws/install/c_test/share/c_test/hook/ld_library_path_lib.sh'
[0.577s] Level 1:colcon.colcon_core.environment:checking '/home/tofu/catkin_ws/install/c_test/bin'
[0.577s] Level 1:colcon.colcon_core.environment:checking '/home/tofu/catkin_ws/install/c_test/lib/pkgconfig/c_test.pc'
[0.577s] Level 1:colcon.colcon_core.environment:checking '/home/tofu/catkin_ws/install/c_test/lib/python3.10/site-packages'
[0.578s] Level 1:colcon.colcon_core.environment:checking '/home/tofu/catkin_ws/install/c_test/bin'
[0.578s] INFO:colcon.colcon_core.shell:Creating package script '/home/tofu/catkin_ws/install/c_test/share/c_test/package.ps1'
[0.578s] INFO:colcon.colcon_core.shell:Creating package descriptor '/home/tofu/catkin_ws/install/c_test/share/c_test/package.dsv'
[0.579s] INFO:colcon.colcon_core.shell:Creating package script '/home/tofu/catkin_ws/install/c_test/share/c_test/package.sh'
[0.579s] INFO:colcon.colcon_core.shell:Creating package script '/home/tofu/catkin_ws/install/c_test/share/c_test/package.bash'
[0.579s] INFO:colcon.colcon_core.shell:Creating package script '/home/tofu/catkin_ws/install/c_test/share/c_test/package.zsh'
[0.580s] Level 1:colcon.colcon_core.environment:create_file_with_runtime_dependencies(/home/tofu/catkin_ws/install/c_test/share/colcon-core/packages/c_test)
[0.671s] DEBUG:colcon.colcon_core.event_handler.log_command:Invoking command in '/home/tofu/catkin_ws/src/py_test': PYTHONPATH=/home/tofu/catkin_ws/build/py_test/prefix_override:/usr/lib/python3/dist-packages/colcon_core/task/python/colcon_distutils_commands:/home/tofu/catkin_ws/install/py_test/lib/python3.10/site-packages:${PYTHONPATH} /usr/bin/python3 -W ignore:setup.py install is deprecated -W ignore:easy_install command is deprecated setup.py egg_info --egg-base ../../build/py_test build --build-base /home/tofu/catkin_ws/build/py_test/build install --record /home/tofu/catkin_ws/build/py_test/install.log --single-version-externally-managed install_data
[0.857s] Level 1:colcon.colcon_core.environment:checking '/home/tofu/catkin_ws/install/py_test' for CMake module files
[0.858s] DEBUG:colcon.colcon_core.event_handler.log_command:Invoked command in '/home/tofu/catkin_ws/src/py_test' returned '0': PYTHONPATH=/home/tofu/catkin_ws/build/py_test/prefix_override:/usr/lib/python3/dist-packages/colcon_core/task/python/colcon_distutils_commands:/home/tofu/catkin_ws/install/py_test/lib/python3.10/site-packages:${PYTHONPATH} /usr/bin/python3 -W ignore:setup.py install is deprecated -W ignore:easy_install command is deprecated setup.py egg_info --egg-base ../../build/py_test build --build-base /home/tofu/catkin_ws/build/py_test/build install --record /home/tofu/catkin_ws/build/py_test/install.log --single-version-externally-managed install_data
[0.858s] Level 1:colcon.colcon_core.environment:checking '/home/tofu/catkin_ws/install/py_test' for CMake config files
[0.859s] Level 1:colcon.colcon_core.environment:checking '/home/tofu/catkin_ws/install/py_test/lib'
[0.859s] Level 1:colcon.colcon_core.environment:checking '/home/tofu/catkin_ws/install/py_test/bin'
[0.859s] Level 1:colcon.colcon_core.environment:checking '/home/tofu/catkin_ws/install/py_test/lib/pkgconfig/py_test.pc'
[0.859s] Level 1:colcon.colcon_core.environment:checking '/home/tofu/catkin_ws/install/py_test/lib/python3.10/site-packages'
[0.859s] Level 1:colcon.colcon_core.shell:create_environment_hook('py_test', 'pythonpath')
[0.859s] INFO:colcon.colcon_core.shell:Creating environment hook '/home/tofu/catkin_ws/install/py_test/share/py_test/hook/pythonpath.ps1'
[0.860s] INFO:colcon.colcon_core.shell:Creating environment descriptor '/home/tofu/catkin_ws/install/py_test/share/py_test/hook/pythonpath.dsv'
[0.860s] INFO:colcon.colcon_core.shell:Creating environment hook '/home/tofu/catkin_ws/install/py_test/share/py_test/hook/pythonpath.sh'
[0.861s] Level 1:colcon.colcon_core.environment:checking '/home/tofu/catkin_ws/install/py_test/bin'
[0.861s] Level 1:colcon.colcon_core.environment:create_environment_scripts_only(py_test)
[0.861s] INFO:colcon.colcon_core.shell:Creating package script '/home/tofu/catkin_ws/install/py_test/share/py_test/package.ps1'
[0.861s] INFO:colcon.colcon_core.shell:Creating package descriptor '/home/tofu/catkin_ws/install/py_test/share/py_test/package.dsv'
[0.862s] INFO:colcon.colcon_core.shell:Creating package script '/home/tofu/catkin_ws/install/py_test/share/py_test/package.sh'
[0.862s] INFO:colcon.colcon_core.shell:Creating package script '/home/tofu/catkin_ws/install/py_test/share/py_test/package.bash'
[0.862s] INFO:colcon.colcon_core.shell:Creating package script '/home/tofu/catkin_ws/install/py_test/share/py_test/package.zsh'
[0.863s] Level 1:colcon.colcon_core.environment:create_file_with_runtime_dependencies(/home/tofu/catkin_ws/install/py_test/share/colcon-core/packages/py_test)
[9.239s] DEBUG:colcon.colcon_core.event_handler.log_command:Invoked command in '/home/tofu/catkin_ws/build/my_nav' returned '0': CMAKE_PREFIX_PATH=${CMAKE_PREFIX_PATH}:/home/tofu/catkin_ws/install/py_test:/opt/ros/humble /usr/bin/cmake --build /home/tofu/catkin_ws/build/my_nav -- -j16 -l16
[9.240s] DEBUG:colcon.colcon_core.event_handler.log_command:Invoking command in '/home/tofu/catkin_ws/build/my_nav': CMAKE_PREFIX_PATH=${CMAKE_PREFIX_PATH}:/home/tofu/catkin_ws/install/py_test:/opt/ros/humble /usr/bin/cmake --install /home/tofu/catkin_ws/build/my_nav
[9.272s] Level 1:colcon.colcon_core.environment:create_environment_scripts_only(my_nav)
[9.272s] Level 1:colcon.colcon_core.environment:checking '/home/tofu/catkin_ws/install/my_nav' for CMake module files
[9.273s] DEBUG:colcon.colcon_core.event_handler.log_command:Invoked command in '/home/tofu/catkin_ws/build/my_nav' returned '0': CMAKE_PREFIX_PATH=${CMAKE_PREFIX_PATH}:/home/tofu/catkin_ws/install/py_test:/opt/ros/humble /usr/bin/cmake --install /home/tofu/catkin_ws/build/my_nav
[9.273s] Level 1:colcon.colcon_core.environment:checking '/home/tofu/catkin_ws/install/my_nav' for CMake config files
[9.273s] Level 1:colcon.colcon_core.shell:create_environment_hook('my_nav', 'cmake_prefix_path')
[9.274s] INFO:colcon.colcon_core.shell:Creating environment hook '/home/tofu/catkin_ws/install/my_nav/share/my_nav/hook/cmake_prefix_path.ps1'
[9.274s] INFO:colcon.colcon_core.shell:Creating environment descriptor '/home/tofu/catkin_ws/install/my_nav/share/my_nav/hook/cmake_prefix_path.dsv'
[9.274s] INFO:colcon.colcon_core.shell:Creating environment hook '/home/tofu/catkin_ws/install/my_nav/share/my_nav/hook/cmake_prefix_path.sh'
[9.275s] Level 1:colcon.colcon_core.environment:checking '/home/tofu/catkin_ws/install/my_nav/lib'
[9.275s] Level 1:colcon.colcon_core.environment:checking '/home/tofu/catkin_ws/install/my_nav/bin'
[9.275s] Level 1:colcon.colcon_core.environment:checking '/home/tofu/catkin_ws/install/my_nav/lib/pkgconfig/my_nav.pc'
[9.275s] Level 1:colcon.colcon_core.environment:checking '/home/tofu/catkin_ws/install/my_nav/lib/python3.10/site-packages'
[9.275s] Level 1:colcon.colcon_core.environment:checking '/home/tofu/catkin_ws/install/my_nav/bin'
[9.276s] INFO:colcon.colcon_core.shell:Creating package script '/home/tofu/catkin_ws/install/my_nav/share/my_nav/package.ps1'
[9.276s] INFO:colcon.colcon_core.shell:Creating package descriptor '/home/tofu/catkin_ws/install/my_nav/share/my_nav/package.dsv'
[9.276s] INFO:colcon.colcon_core.shell:Creating package script '/home/tofu/catkin_ws/install/my_nav/share/my_nav/package.sh'
[9.277s] INFO:colcon.colcon_core.shell:Creating package script '/home/tofu/catkin_ws/install/my_nav/share/my_nav/package.bash'
[9.277s] INFO:colcon.colcon_core.shell:Creating package script '/home/tofu/catkin_ws/install/my_nav/share/my_nav/package.zsh'
[9.277s] Level 1:colcon.colcon_core.environment:create_file_with_runtime_dependencies(/home/tofu/catkin_ws/install/my_nav/share/colcon-core/packages/my_nav)
[9.278s] Level 1:colcon.colcon_core.environment:create_environment_scripts_only(my_nav)
[9.278s] Level 1:colcon.colcon_core.environment:checking '/home/tofu/catkin_ws/install/my_nav' for CMake module files
[9.278s] Level 1:colcon.colcon_core.environment:checking '/home/tofu/catkin_ws/install/my_nav' for CMake config files
[9.278s] Level 1:colcon.colcon_core.shell:create_environment_hook('my_nav', 'cmake_prefix_path')
[9.278s] INFO:colcon.colcon_core.shell:Creating environment hook '/home/tofu/catkin_ws/install/my_nav/share/my_nav/hook/cmake_prefix_path.ps1'
[9.279s] INFO:colcon.colcon_core.shell:Creating environment descriptor '/home/tofu/catkin_ws/install/my_nav/share/my_nav/hook/cmake_prefix_path.dsv'
[9.279s] INFO:colcon.colcon_core.shell:Creating environment hook '/home/tofu/catkin_ws/install/my_nav/share/my_nav/hook/cmake_prefix_path.sh'
[9.280s] Level 1:colcon.colcon_core.environment:checking '/home/tofu/catkin_ws/install/my_nav/lib'
[9.280s] Level 1:colcon.colcon_core.environment:checking '/home/tofu/catkin_ws/install/my_nav/bin'
[9.280s] Level 1:colcon.colcon_core.environment:checking '/home/tofu/catkin_ws/install/my_nav/lib/pkgconfig/my_nav.pc'
[9.280s] Level 1:colcon.colcon_core.environment:checking '/home/tofu/catkin_ws/install/my_nav/lib/python3.10/site-packages'
[9.280s] Level 1:colcon.colcon_core.environment:checking '/home/tofu/catkin_ws/install/my_nav/bin'
[9.280s] INFO:colcon.colcon_core.shell:Creating package script '/home/tofu/catkin_ws/install/my_nav/share/my_nav/package.ps1'
[9.281s] INFO:colcon.colcon_core.shell:Creating package descriptor '/home/tofu/catkin_ws/install/my_nav/share/my_nav/package.dsv'
[9.281s] INFO:colcon.colcon_core.shell:Creating package script '/home/tofu/catkin_ws/install/my_nav/share/my_nav/package.sh'
[9.281s] INFO:colcon.colcon_core.shell:Creating package script '/home/tofu/catkin_ws/install/my_nav/share/my_nav/package.bash'
[9.282s] INFO:colcon.colcon_core.shell:Creating package script '/home/tofu/catkin_ws/install/my_nav/share/my_nav/package.zsh'
[9.282s] Level 1:colcon.colcon_core.environment:create_file_with_runtime_dependencies(/home/tofu/catkin_ws/install/my_nav/share/colcon-core/packages/my_nav)
[9.282s] DEBUG:colcon.colcon_parallel_executor.executor.parallel:closing loop
[9.283s] DEBUG:colcon.colcon_parallel_executor.executor.parallel:loop closed
[9.283s] DEBUG:colcon.colcon_parallel_executor.executor.parallel:run_until_complete finished with '0'
[9.284s] DEBUG:colcon.colcon_core.event_reactor:joining thread
[9.288s] INFO:colcon.colcon_core.plugin_system:Skipping extension 'colcon_notification.desktop_notification.terminal_notifier': Not used on non-Darwin systems
[9.288s] INFO:colcon.colcon_core.plugin_system:Skipping extension 'colcon_notification.desktop_notification.win32': Not used on non-Windows systems
[9.288s] INFO:colcon.colcon_notification.desktop_notification:Sending desktop notification using 'notify2'
[9.299s] DEBUG:colcon.colcon_core.event_reactor:joined thread
[9.299s] INFO:colcon.colcon_core.shell:Creating prefix script '/home/tofu/catkin_ws/install/local_setup.ps1'
[9.300s] INFO:colcon.colcon_core.shell:Creating prefix util module '/home/tofu/catkin_ws/install/_local_setup_util_ps1.py'
[9.301s] INFO:colcon.colcon_core.shell:Creating prefix chain script '/home/tofu/catkin_ws/install/setup.ps1'
[9.302s] INFO:colcon.colcon_core.shell:Creating prefix script '/home/tofu/catkin_ws/install/local_setup.sh'
[9.303s] INFO:colcon.colcon_core.shell:Creating prefix util module '/home/tofu/catkin_ws/install/_local_setup_util_sh.py'
[9.303s] INFO:colcon.colcon_core.shell:Creating prefix chain script '/home/tofu/catkin_ws/install/setup.sh'
[9.304s] INFO:colcon.colcon_core.shell:Creating prefix script '/home/tofu/catkin_ws/install/local_setup.bash'
[9.305s] INFO:colcon.colcon_core.shell:Creating prefix chain script '/home/tofu/catkin_ws/install/setup.bash'
[9.305s] INFO:colcon.colcon_core.shell:Creating prefix script '/home/tofu/catkin_ws/install/local_setup.zsh'
[9.306s] INFO:colcon.colcon_core.shell:Creating prefix chain script '/home/tofu/catkin_ws/install/setup.zsh'
