[0.018s] Invoking command in '/home/tofu/catkin_ws/build/my_nav': CMAKE_PREFIX_PATH=${CMAKE_PREFIX_PATH}:/home/tofu/catkin_ws/install/py_test:/opt/ros/humble /usr/bin/cmake --build /home/tofu/catkin_ws/build/my_nav -- -j16 -l16
[0.191s] [35m[1mConsolidate compiler generated dependencies of target my_nav[0m
[0.191s] [ 25%] [32mBuilding CXX object CMakeFiles/my_nav.dir/src/diff_drive_controller.cpp.o[0m
[6.030s] [ 50%] [32m[1mLinking CXX static library libmy_nav.a[0m
[6.201s] [ 50%] Built target my_nav
[6.225s] [ 75%] [32mBuilding CXX object CMakeFiles/t_main.dir/src/t_main.cpp.o[0m
[8.396s] [100%] [32m[1mLinking CXX executable t_main[0m
[8.679s] [100%] Built target t_main
[8.688s] Invoked command in '/home/tofu/catkin_ws/build/my_nav' returned '0': CMAKE_PREFIX_PATH=${CMAKE_PREFIX_PATH}:/home/tofu/catkin_ws/install/py_test:/opt/ros/humble /usr/bin/cmake --build /home/tofu/catkin_ws/build/my_nav -- -j16 -l16
[8.690s] Invoking command in '/home/tofu/catkin_ws/build/my_nav': CMAKE_PREFIX_PATH=${CMAKE_PREFIX_PATH}:/home/tofu/catkin_ws/install/py_test:/opt/ros/humble /usr/bin/cmake --install /home/tofu/catkin_ws/build/my_nav
[8.696s] -- Install configuration: ""
[8.696s] -- Installing: /home/tofu/catkin_ws/install/my_nav/lib/libmy_nav.a
[8.712s] -- Installing: /home/tofu/catkin_ws/install/my_nav/lib/my_nav/t_main
[8.717s] -- Set runtime path of "/home/tofu/catkin_ws/install/my_nav/lib/my_nav/t_main" to ""
[8.717s] -- Up-to-date: /home/tofu/catkin_ws/install/my_nav/include/my_nav
[8.717s] -- Up-to-date: /home/tofu/catkin_ws/install/my_nav/include/my_nav/my_nav
[8.717s] -- Installing: /home/tofu/catkin_ws/install/my_nav/include/my_nav/diff_drive_controller.hpp
[8.718s] -- Up-to-date: /home/tofu/catkin_ws/install/my_nav/share/my_nav/launch
[8.718s] -- Up-to-date: /home/tofu/catkin_ws/install/my_nav/share/ament_index/resource_index/package_run_dependencies/my_nav
[8.718s] -- Up-to-date: /home/tofu/catkin_ws/install/my_nav/share/ament_index/resource_index/parent_prefix_path/my_nav
[8.718s] -- Up-to-date: /home/tofu/catkin_ws/install/my_nav/share/my_nav/environment/ament_prefix_path.sh
[8.718s] -- Up-to-date: /home/tofu/catkin_ws/install/my_nav/share/my_nav/environment/ament_prefix_path.dsv
[8.718s] -- Up-to-date: /home/tofu/catkin_ws/install/my_nav/share/my_nav/environment/path.sh
[8.718s] -- Up-to-date: /home/tofu/catkin_ws/install/my_nav/share/my_nav/environment/path.dsv
[8.718s] -- Up-to-date: /home/tofu/catkin_ws/install/my_nav/share/my_nav/local_setup.bash
[8.718s] -- Up-to-date: /home/tofu/catkin_ws/install/my_nav/share/my_nav/local_setup.sh
[8.718s] -- Up-to-date: /home/tofu/catkin_ws/install/my_nav/share/my_nav/local_setup.zsh
[8.718s] -- Up-to-date: /home/tofu/catkin_ws/install/my_nav/share/my_nav/local_setup.dsv
[8.718s] -- Installing: /home/tofu/catkin_ws/install/my_nav/share/my_nav/package.dsv
[8.718s] -- Up-to-date: /home/tofu/catkin_ws/install/my_nav/share/ament_index/resource_index/packages/my_nav
[8.718s] -- Up-to-date: /home/tofu/catkin_ws/install/my_nav/share/my_nav/cmake/my_navConfig.cmake
[8.718s] -- Up-to-date: /home/tofu/catkin_ws/install/my_nav/share/my_nav/cmake/my_navConfig-version.cmake
[8.719s] -- Up-to-date: /home/tofu/catkin_ws/install/my_nav/share/my_nav/package.xml
[8.720s] Invoked command in '/home/tofu/catkin_ws/build/my_nav' returned '0': CMAKE_PREFIX_PATH=${CMAKE_PREFIX_PATH}:/home/tofu/catkin_ws/install/py_test:/opt/ros/humble /usr/bin/cmake --install /home/tofu/catkin_ws/build/my_nav
