[0.015s] Invoking command in '/home/tofu/catkin_ws/build/model': CMAKE_PREFIX_PATH=/opt/ros/humble /usr/bin/cmake /home/tofu/catkin_ws/src/model -DCMAKE_INSTALL_PREFIX=/home/tofu/catkin_ws/install/model
[0.181s] -- The C compiler identification is GNU 11.4.0
[0.181s] -- The CXX compiler identification is GNU 11.4.0
[0.182s] -- Detecting C compiler ABI info
[0.182s] -- Detecting C compiler ABI info - done
[0.182s] -- Check for working C compiler: /usr/bin/cc - skipped
[0.182s] -- Detecting C compile features
[0.182s] -- Detecting C compile features - done
[0.182s] -- Detecting CXX compiler ABI info
[0.237s] -- Detecting CXX compiler ABI info - done
[0.242s] -- Check for working CXX compiler: /usr/bin/c++ - skipped
[0.242s] -- Detecting CXX compile features
[0.242s] -- Detecting CXX compile features - done
[0.244s] -- Found ament_cmake: 1.3.14 (/opt/ros/humble/share/ament_cmake/cmake)
[0.346s] -- Found Python3: /usr/bin/python3 (found version "3.10.12") found components: Interpreter 
[0.408s] -- Found rclcpp: 16.0.19 (/opt/ros/humble/share/rclcpp/cmake)
[0.439s] -- Found rosidl_generator_c: 3.1.8 (/opt/ros/humble/share/rosidl_generator_c/cmake)
[0.443s] -- Found rosidl_adapter: 3.1.8 (/opt/ros/humble/share/rosidl_adapter/cmake)
[0.449s] -- Found rosidl_generator_cpp: 3.1.8 (/opt/ros/humble/share/rosidl_generator_cpp/cmake)
[0.457s] -- Using all available rosidl_typesupport_c: rosidl_typesupport_fastrtps_c;rosidl_typesupport_introspection_c
[0.468s] -- Using all available rosidl_typesupport_cpp: rosidl_typesupport_fastrtps_cpp;rosidl_typesupport_introspection_cpp
[0.498s] -- Found rmw_implementation_cmake: 6.1.2 (/opt/ros/humble/share/rmw_implementation_cmake/cmake)
[0.500s] -- Found rmw_fastrtps_cpp: 6.2.10 (/opt/ros/humble/share/rmw_fastrtps_cpp/cmake)
[0.574s] -- Found OpenSSL: /usr/lib/x86_64-linux-gnu/libcrypto.so (found version "3.0.2")  
[0.595s] -- Found FastRTPS: /opt/ros/humble/include  
[0.627s] -- Using RMW implementation 'rmw_fastrtps_cpp' as default
[0.634s] -- Looking for pthread.h
[0.703s] -- Looking for pthread.h - found
[0.703s] -- Performing Test CMAKE_HAVE_LIBC_PTHREAD
[0.773s] -- Performing Test CMAKE_HAVE_LIBC_PTHREAD - Success
[0.773s] -- Found Threads: TRUE  
[0.805s] -- Found ament_lint_auto: 0.12.15 (/opt/ros/humble/share/ament_lint_auto/cmake)
[0.870s] -- Added test 'flake8' to check Python code syntax and style conventions
[0.871s] -- Added test 'lint_cmake' to check CMake code style
[0.871s] -- Added test 'pep257' to check Python code against some of the docstring style conventions in PEP 257
[0.873s] -- Added test 'xmllint' to check XML markup files
[0.874s] -- Configuring done
[0.879s] -- Generating done
[0.881s] -- Build files have been written to: /home/tofu/catkin_ws/build/model
[0.890s] Invoked command in '/home/tofu/catkin_ws/build/model' returned '0': CMAKE_PREFIX_PATH=/opt/ros/humble /usr/bin/cmake /home/tofu/catkin_ws/src/model -DCMAKE_INSTALL_PREFIX=/home/tofu/catkin_ws/install/model
[0.890s] Invoking command in '/home/tofu/catkin_ws/build/model': CMAKE_PREFIX_PATH=/opt/ros/humble /usr/bin/cmake --build /home/tofu/catkin_ws/build/model -- -j16 -l16
[0.928s] Invoked command in '/home/tofu/catkin_ws/build/model' returned '0': CMAKE_PREFIX_PATH=/opt/ros/humble /usr/bin/cmake --build /home/tofu/catkin_ws/build/model -- -j16 -l16
[0.937s] Invoking command in '/home/tofu/catkin_ws/build/model': CMAKE_PREFIX_PATH=/opt/ros/humble /usr/bin/cmake --install /home/tofu/catkin_ws/build/model
[0.943s] -- Install configuration: ""
[0.943s] -- Installing: /home/tofu/catkin_ws/install/model/share/model/launch
[0.943s] -- Installing: /home/tofu/catkin_ws/install/model/share/model/launch/__pycache__
[0.943s] -- Installing: /home/tofu/catkin_ws/install/model/share/model/launch/__pycache__/show.launch.cpython-310.pyc
[0.944s] -- Installing: /home/tofu/catkin_ws/install/model/share/model/launch/show_u.launch.py
[0.944s] -- Installing: /home/tofu/catkin_ws/install/model/share/model/launch/show.launch.py
[0.945s] -- Installing: /home/tofu/catkin_ws/install/model/share/model/urdf
[0.945s] -- Installing: /home/tofu/catkin_ws/install/model/share/model/urdf/omni_u.urdf
[0.945s] -- Installing: /home/tofu/catkin_ws/install/model/share/model/urdf/omni_g.urdf
[0.946s] -- Installing: /home/tofu/catkin_ws/install/model/share/model/world
[0.946s] -- Installing: /home/tofu/catkin_ws/install/model/share/model/world/Untitled
[0.946s] -- Installing: /home/tofu/catkin_ws/install/model/share/model/world/Untitled/model.config
[0.946s] -- Installing: /home/tofu/catkin_ws/install/model/share/model/world/Untitled/model.sdf
[0.947s] -- Installing: /home/tofu/catkin_ws/install/model/share/model/world/Untitled/robot.world
[0.947s] -- Installing: /home/tofu/catkin_ws/install/model/share/ament_index/resource_index/package_run_dependencies/model
[0.947s] -- Installing: /home/tofu/catkin_ws/install/model/share/ament_index/resource_index/parent_prefix_path/model
[0.948s] -- Installing: /home/tofu/catkin_ws/install/model/share/model/environment/ament_prefix_path.sh
[0.948s] -- Installing: /home/tofu/catkin_ws/install/model/share/model/environment/ament_prefix_path.dsv
[0.948s] -- Installing: /home/tofu/catkin_ws/install/model/share/model/environment/path.sh
[0.948s] -- Installing: /home/tofu/catkin_ws/install/model/share/model/environment/path.dsv
[0.948s] -- Installing: /home/tofu/catkin_ws/install/model/share/model/local_setup.bash
[0.948s] -- Installing: /home/tofu/catkin_ws/install/model/share/model/local_setup.sh
[0.949s] -- Installing: /home/tofu/catkin_ws/install/model/share/model/local_setup.zsh
[0.949s] -- Installing: /home/tofu/catkin_ws/install/model/share/model/local_setup.dsv
[0.949s] -- Installing: /home/tofu/catkin_ws/install/model/share/model/package.dsv
[0.949s] -- Installing: /home/tofu/catkin_ws/install/model/share/ament_index/resource_index/packages/model
[0.949s] -- Installing: /home/tofu/catkin_ws/install/model/share/model/cmake/modelConfig.cmake
[0.950s] -- Installing: /home/tofu/catkin_ws/install/model/share/model/cmake/modelConfig-version.cmake
[0.950s] -- Installing: /home/tofu/catkin_ws/install/model/share/model/package.xml
[0.952s] Invoked command in '/home/tofu/catkin_ws/build/model' returned '0': CMAKE_PREFIX_PATH=/opt/ros/humble /usr/bin/cmake --install /home/tofu/catkin_ws/build/model
