-- Install configuration: ""
-- Up-to-date: /home/tofu/catkin_ws/install/model/share/model/launch
-- Up-to-date: /home/tofu/catkin_ws/install/model/share/model/launch/__pycache__
-- Installing: /home/tofu/catkin_ws/install/model/share/model/launch/__pycache__/show.launch.cpython-310.pyc
-- Up-to-date: /home/tofu/catkin_ws/install/model/share/model/launch/show_u.launch.py
-- Up-to-date: /home/tofu/catkin_ws/install/model/share/model/launch/show.launch.py
-- Up-to-date: /home/tofu/catkin_ws/install/model/share/model/urdf
-- Up-to-date: /home/tofu/catkin_ws/install/model/share/model/urdf/omni_u.urdf
-- Up-to-date: /home/tofu/catkin_ws/install/model/share/model/urdf/omni_g.urdf
-- Up-to-date: /home/tofu/catkin_ws/install/model/share/model/world
-- Up-to-date: /home/tofu/catkin_ws/install/model/share/model/world/Untitled
-- Up-to-date: /home/tofu/catkin_ws/install/model/share/model/world/Untitled/model.config
-- Up-to-date: /home/tofu/catkin_ws/install/model/share/model/world/Untitled/model.sdf
-- Up-to-date: /home/tofu/catkin_ws/install/model/share/model/world/Untitled/robot.world
-- Up-to-date: /home/tofu/catkin_ws/install/model/share/ament_index/resource_index/package_run_dependencies/model
-- Up-to-date: /home/tofu/catkin_ws/install/model/share/ament_index/resource_index/parent_prefix_path/model
-- Up-to-date: /home/tofu/catkin_ws/install/model/share/model/environment/ament_prefix_path.sh
-- Up-to-date: /home/tofu/catkin_ws/install/model/share/model/environment/ament_prefix_path.dsv
-- Up-to-date: /home/tofu/catkin_ws/install/model/share/model/environment/path.sh
-- Up-to-date: /home/tofu/catkin_ws/install/model/share/model/environment/path.dsv
-- Up-to-date: /home/tofu/catkin_ws/install/model/share/model/local_setup.bash
-- Up-to-date: /home/tofu/catkin_ws/install/model/share/model/local_setup.sh
-- Up-to-date: /home/tofu/catkin_ws/install/model/share/model/local_setup.zsh
-- Up-to-date: /home/tofu/catkin_ws/install/model/share/model/local_setup.dsv
-- Installing: /home/tofu/catkin_ws/install/model/share/model/package.dsv
-- Up-to-date: /home/tofu/catkin_ws/install/model/share/ament_index/resource_index/packages/model
-- Up-to-date: /home/tofu/catkin_ws/install/model/share/model/cmake/modelConfig.cmake
-- Up-to-date: /home/tofu/catkin_ws/install/model/share/model/cmake/modelConfig-version.cmake
-- Up-to-date: /home/tofu/catkin_ws/install/model/share/model/package.xml
