[0.021s] Invoking command in '/home/tofu/catkin_ws/build/my_nav': CMAKE_PREFIX_PATH=${CMAKE_PREFIX_PATH}:/home/tofu/catkin_ws/install/py_test:/opt/ros/humble /usr/bin/cmake /home/tofu/catkin_ws/src/my_nav -DCMAKE_INSTALL_PREFIX=/home/tofu/catkin_ws/install/my_nav
[0.226s] -- The C compiler identification is GNU 11.4.0
[0.226s] -- The CXX compiler identification is GNU 11.4.0
[0.226s] -- Detecting C compiler ABI info
[0.268s] -- Detecting C compiler ABI info - done
[0.273s] -- Check for working C compiler: /usr/bin/cc - skipped
[0.273s] -- Detecting C compile features
[0.274s] -- Detecting C compile features - done
[0.275s] -- Detecting CXX compiler ABI info
[0.351s] -- Detecting CXX compiler ABI info - done
[0.355s] -- Check for working CXX compiler: /usr/bin/c++ - skipped
[0.355s] -- Detecting CXX compile features
[0.355s] -- Detecting CXX compile features - done
[0.359s] -- Found ament_cmake: 1.3.14 (/opt/ros/humble/share/ament_cmake/cmake)
[0.466s] -- Found Python3: /usr/bin/python3 (found version "3.10.12") found components: Interpreter 
[0.534s] -- Found rclcpp: 16.0.19 (/opt/ros/humble/share/rclcpp/cmake)
[0.569s] -- Found rosidl_generator_c: 3.1.8 (/opt/ros/humble/share/rosidl_generator_c/cmake)
[0.574s] -- Found rosidl_adapter: 3.1.8 (/opt/ros/humble/share/rosidl_adapter/cmake)
[0.582s] -- Found rosidl_generator_cpp: 3.1.8 (/opt/ros/humble/share/rosidl_generator_cpp/cmake)
[0.591s] -- Using all available rosidl_typesupport_c: rosidl_typesupport_fastrtps_c;rosidl_typesupport_introspection_c
[0.603s] -- Using all available rosidl_typesupport_cpp: rosidl_typesupport_fastrtps_cpp;rosidl_typesupport_introspection_cpp
[0.639s] -- Found rmw_implementation_cmake: 6.1.2 (/opt/ros/humble/share/rmw_implementation_cmake/cmake)
[0.642s] -- Found rmw_fastrtps_cpp: 6.2.10 (/opt/ros/humble/share/rmw_fastrtps_cpp/cmake)
[0.720s] -- Found OpenSSL: /usr/lib/x86_64-linux-gnu/libcrypto.so (found version "3.0.2")  
[0.744s] -- Found FastRTPS: /opt/ros/humble/include  
[0.782s] -- Using RMW implementation 'rmw_fastrtps_cpp' as default
[0.792s] -- Looking for pthread.h
[0.873s] -- Looking for pthread.h - found
[0.873s] -- Performing Test CMAKE_HAVE_LIBC_PTHREAD
[0.946s] -- Performing Test CMAKE_HAVE_LIBC_PTHREAD - Success
[0.947s] -- Found Threads: TRUE  
[0.990s] [31mCMake Error at CMakeLists.txt:11 (find_package):
[0.990s]   By not providing "Findstdmsgs.cmake" in CMAKE_MODULE_PATH this project has
[0.990s]   asked CMake to find a package configuration file provided by "stdmsgs", but
[0.990s]   CMake did not find one.
[0.990s] 
[0.990s]   Could not find a package configuration file provided by "stdmsgs" with any
[0.990s]   of the following names:
[0.990s] 
[0.990s]     stdmsgsConfig.cmake
[0.990s]     stdmsgs-config.cmake
[0.990s] 
[0.990s]   Add the installation prefix of "stdmsgs" to CMAKE_PREFIX_PATH or set
[0.990s]   "stdmsgs_DIR" to a directory containing one of the above files.  If
[0.991s]   "stdmsgs" provides a separate development package or SDK, be sure it has
[0.991s]   been installed.
[0.991s] 
[0.991s] [0m
[0.991s] -- Configuring incomplete, errors occurred!
[0.991s] See also "/home/tofu/catkin_ws/build/my_nav/CMakeFiles/CMakeOutput.log".
[0.999s] Invoked command in '/home/tofu/catkin_ws/build/my_nav' returned '1': CMAKE_PREFIX_PATH=${CMAKE_PREFIX_PATH}:/home/tofu/catkin_ws/install/py_test:/opt/ros/humble /usr/bin/cmake /home/tofu/catkin_ws/src/my_nav -DCMAKE_INSTALL_PREFIX=/home/tofu/catkin_ws/install/my_nav
