[0.023s] Invoking command in '/home/tofu/catkin_ws/build/my_nav': CMAKE_PREFIX_PATH=${CMAKE_PREFIX_PATH}:/home/tofu/catkin_ws/install/py_test:/opt/ros/humble /usr/bin/cmake --build /home/tofu/catkin_ws/build/my_nav -- -j16 -l16
[0.191s] -- Found ament_cmake: 1.3.14 (/opt/ros/humble/share/ament_cmake/cmake)
[0.191s] -- Found rclcpp: 16.0.19 (/opt/ros/humble/share/rclcpp/cmake)
[0.191s] -- Found rosidl_generator_c: 3.1.8 (/opt/ros/humble/share/rosidl_generator_c/cmake)
[0.191s] -- Found rosidl_adapter: 3.1.8 (/opt/ros/humble/share/rosidl_adapter/cmake)
[0.191s] -- Found rosidl_generator_cpp: 3.1.8 (/opt/ros/humble/share/rosidl_generator_cpp/cmake)
[0.191s] -- Using all available rosidl_typesupport_c: rosidl_typesupport_fastrtps_c;rosidl_typesupport_introspection_c
[0.191s] -- Using all available rosidl_typesupport_cpp: rosidl_typesupport_fastrtps_cpp;rosidl_typesupport_introspection_cpp
[0.191s] -- Found rmw_implementation_cmake: 6.1.2 (/opt/ros/humble/share/rmw_implementation_cmake/cmake)
[0.191s] -- Found rmw_fastrtps_cpp: 6.2.10 (/opt/ros/humble/share/rmw_fastrtps_cpp/cmake)
[0.267s] -- Using RMW implementation 'rmw_fastrtps_cpp' as default
[0.296s] -- Found nav2_bringup: 1.1.20 (/opt/ros/humble/share/nav2_bringup/cmake)
[0.298s] -- Found geometry_msgs: 4.9.1 (/opt/ros/humble/share/geometry_msgs/cmake)
[0.308s] -- Found nav_msgs: 4.9.1 (/opt/ros/humble/share/nav_msgs/cmake)
[0.330s] -- Found tf2_ros: 0.25.20 (/opt/ros/humble/share/tf2_ros/cmake)
[0.459s] -- Found ament_lint_auto: 0.12.15 (/opt/ros/humble/share/ament_lint_auto/cmake)
[0.508s] -- Added test 'cppcheck' to perform static code analysis on C / C++ code
[0.508s] -- Configured cppcheck include dirs: 
[0.508s] -- Configured cppcheck exclude dirs and/or files: 
[0.508s] -- Added test 'lint_cmake' to check CMake code style
[0.509s] -- Added test 'uncrustify' to check C / C++ code style
[0.509s] -- Configured uncrustify additional arguments: 
[0.509s] -- Added test 'xmllint' to check XML markup files
[0.510s] -- Configuring done
[0.515s] -- Generating done
[0.518s] -- Build files have been written to: /home/tofu/catkin_ws/build/my_nav
[0.542s] Invoked command in '/home/tofu/catkin_ws/build/my_nav' returned '0': CMAKE_PREFIX_PATH=${CMAKE_PREFIX_PATH}:/home/tofu/catkin_ws/install/py_test:/opt/ros/humble /usr/bin/cmake --build /home/tofu/catkin_ws/build/my_nav -- -j16 -l16
[0.544s] Invoking command in '/home/tofu/catkin_ws/build/my_nav': CMAKE_PREFIX_PATH=${CMAKE_PREFIX_PATH}:/home/tofu/catkin_ws/install/py_test:/opt/ros/humble /usr/bin/cmake --install /home/tofu/catkin_ws/build/my_nav
[0.551s] -- Install configuration: ""
[0.551s] -- Installing: /home/tofu/catkin_ws/install/my_nav/share/my_nav/launch
[0.551s] -- Up-to-date: /home/tofu/catkin_ws/install/my_nav/share/ament_index/resource_index/package_run_dependencies/my_nav
[0.551s] -- Up-to-date: /home/tofu/catkin_ws/install/my_nav/share/ament_index/resource_index/parent_prefix_path/my_nav
[0.551s] -- Up-to-date: /home/tofu/catkin_ws/install/my_nav/share/my_nav/environment/ament_prefix_path.sh
[0.551s] -- Installing: /home/tofu/catkin_ws/install/my_nav/share/my_nav/environment/ament_prefix_path.dsv
[0.551s] -- Up-to-date: /home/tofu/catkin_ws/install/my_nav/share/my_nav/environment/path.sh
[0.551s] -- Installing: /home/tofu/catkin_ws/install/my_nav/share/my_nav/environment/path.dsv
[0.552s] -- Up-to-date: /home/tofu/catkin_ws/install/my_nav/share/my_nav/local_setup.bash
[0.552s] -- Up-to-date: /home/tofu/catkin_ws/install/my_nav/share/my_nav/local_setup.sh
[0.552s] -- Up-to-date: /home/tofu/catkin_ws/install/my_nav/share/my_nav/local_setup.zsh
[0.552s] -- Installing: /home/tofu/catkin_ws/install/my_nav/share/my_nav/local_setup.dsv
[0.552s] -- Installing: /home/tofu/catkin_ws/install/my_nav/share/my_nav/package.dsv
[0.552s] -- Up-to-date: /home/tofu/catkin_ws/install/my_nav/share/ament_index/resource_index/packages/my_nav
[0.552s] -- Up-to-date: /home/tofu/catkin_ws/install/my_nav/share/my_nav/cmake/my_navConfig.cmake
[0.552s] -- Up-to-date: /home/tofu/catkin_ws/install/my_nav/share/my_nav/cmake/my_navConfig-version.cmake
[0.552s] -- Up-to-date: /home/tofu/catkin_ws/install/my_nav/share/my_nav/package.xml
[0.554s] Invoked command in '/home/tofu/catkin_ws/build/my_nav' returned '0': CMAKE_PREFIX_PATH=${CMAKE_PREFIX_PATH}:/home/tofu/catkin_ws/install/py_test:/opt/ros/humble /usr/bin/cmake --install /home/tofu/catkin_ws/build/my_nav
