[0.067s] DEBUG:colcon:Command line arguments: ['/usr/bin/colcon', 'build']
[0.067s] DEBUG:colcon:Parsed command line arguments: Namespace(log_base=None, log_level=None, verb_name='build', build_base='build', install_base='install', merge_install=False, symlink_install=False, test_result_base=None, continue_on_error=False, executor='parallel', parallel_workers=16, event_handlers=None, ignore_user_meta=False, metas=['./colcon.meta'], base_paths=['.'], packages_ignore=None, packages_ignore_regex=None, paths=None, packages_up_to=None, packages_up_to_regex=None, packages_above=None, packages_above_and_dependencies=None, packages_above_depth=None, packages_select_by_dep=None, packages_skip_by_dep=None, packages_skip_up_to=None, packages_select_build_failed=False, packages_skip_build_finished=False, packages_select_test_failures=False, packages_skip_test_passed=False, packages_select=None, packages_skip=None, packages_select_regex=None, packages_skip_regex=None, packages_start=None, packages_end=None, allow_overriding=[], cmake_args=None, cmake_target=None, cmake_target_skip_unavailable=False, cmake_clean_cache=False, cmake_clean_first=False, cmake_force_configure=False, ament_cmake_args=None, catkin_cmake_args=None, catkin_skip_building_tests=False, verb_parser=<colcon_defaults.argument_parser.defaults.DefaultArgumentsDecorator object at 0x78d8bd065330>, verb_extension=<colcon_core.verb.build.BuildVerb object at 0x78d8bd16e770>, main=<bound method BuildVerb.main of <colcon_core.verb.build.BuildVerb object at 0x78d8bd16e770>>)
[0.171s] Level 1:colcon.colcon_core.package_discovery:discover_packages(colcon_meta) check parameters
[0.171s] Level 1:colcon.colcon_core.package_discovery:discover_packages(recursive) check parameters
[0.171s] Level 1:colcon.colcon_core.package_discovery:discover_packages(ignore) check parameters
[0.171s] Level 1:colcon.colcon_core.package_discovery:discover_packages(path) check parameters
[0.171s] Level 1:colcon.colcon_core.package_discovery:discover_packages(colcon_meta) discover
[0.171s] Level 1:colcon.colcon_core.package_discovery:discover_packages(recursive) discover
[0.171s] INFO:colcon.colcon_core.package_discovery:Crawling recursively for packages in '/home/tofu/catkin_ws'
[0.171s] Level 1:colcon.colcon_core.package_identification:_identify(.) by extensions ['ignore', 'ignore_ament_install']
[0.172s] Level 1:colcon.colcon_core.package_identification:_identify(.) by extension 'ignore'
[0.172s] Level 1:colcon.colcon_core.package_identification:_identify(.) by extension 'ignore_ament_install'
[0.172s] Level 1:colcon.colcon_core.package_identification:_identify(.) by extensions ['colcon_pkg']
[0.172s] Level 1:colcon.colcon_core.package_identification:_identify(.) by extension 'colcon_pkg'
[0.172s] Level 1:colcon.colcon_core.package_identification:_identify(.) by extensions ['colcon_meta']
[0.172s] Level 1:colcon.colcon_core.package_identification:_identify(.) by extension 'colcon_meta'
[0.172s] Level 1:colcon.colcon_core.package_identification:_identify(.) by extensions ['ros']
[0.172s] Level 1:colcon.colcon_core.package_identification:_identify(.) by extension 'ros'
[0.179s] Level 1:colcon.colcon_core.package_identification:_identify(.) by extensions ['cmake', 'python']
[0.179s] Level 1:colcon.colcon_core.package_identification:_identify(.) by extension 'cmake'
[0.179s] Level 1:colcon.colcon_core.package_identification:_identify(.) by extension 'python'
[0.179s] Level 1:colcon.colcon_core.package_identification:_identify(.) by extensions ['python_setup_py']
[0.179s] Level 1:colcon.colcon_core.package_identification:_identify(.) by extension 'python_setup_py'
[0.179s] Level 1:colcon.colcon_core.package_identification:_identify(build) by extensions ['ignore', 'ignore_ament_install']
[0.179s] Level 1:colcon.colcon_core.package_identification:_identify(build) by extension 'ignore'
[0.179s] Level 1:colcon.colcon_core.package_identification:_identify(build) ignored
[0.179s] Level 1:colcon.colcon_core.package_identification:_identify(install) by extensions ['ignore', 'ignore_ament_install']
[0.179s] Level 1:colcon.colcon_core.package_identification:_identify(install) by extension 'ignore'
[0.179s] Level 1:colcon.colcon_core.package_identification:_identify(install) ignored
[0.179s] Level 1:colcon.colcon_core.package_identification:_identify(log) by extensions ['ignore', 'ignore_ament_install']
[0.179s] Level 1:colcon.colcon_core.package_identification:_identify(log) by extension 'ignore'
[0.180s] Level 1:colcon.colcon_core.package_identification:_identify(log) ignored
[0.180s] Level 1:colcon.colcon_core.package_identification:_identify(src) by extensions ['ignore', 'ignore_ament_install']
[0.180s] Level 1:colcon.colcon_core.package_identification:_identify(src) by extension 'ignore'
[0.180s] Level 1:colcon.colcon_core.package_identification:_identify(src) by extension 'ignore_ament_install'
[0.180s] Level 1:colcon.colcon_core.package_identification:_identify(src) by extensions ['colcon_pkg']
[0.180s] Level 1:colcon.colcon_core.package_identification:_identify(src) by extension 'colcon_pkg'
[0.180s] Level 1:colcon.colcon_core.package_identification:_identify(src) by extensions ['colcon_meta']
[0.180s] Level 1:colcon.colcon_core.package_identification:_identify(src) by extension 'colcon_meta'
[0.180s] Level 1:colcon.colcon_core.package_identification:_identify(src) by extensions ['ros']
[0.180s] Level 1:colcon.colcon_core.package_identification:_identify(src) by extension 'ros'
[0.180s] Level 1:colcon.colcon_core.package_identification:_identify(src) by extensions ['cmake', 'python']
[0.180s] Level 1:colcon.colcon_core.package_identification:_identify(src) by extension 'cmake'
[0.180s] Level 1:colcon.colcon_core.package_identification:_identify(src) by extension 'python'
[0.180s] Level 1:colcon.colcon_core.package_identification:_identify(src) by extensions ['python_setup_py']
[0.180s] Level 1:colcon.colcon_core.package_identification:_identify(src) by extension 'python_setup_py'
[0.180s] Level 1:colcon.colcon_core.package_identification:_identify(src/c_test) by extensions ['ignore', 'ignore_ament_install']
[0.180s] Level 1:colcon.colcon_core.package_identification:_identify(src/c_test) by extension 'ignore'
[0.180s] Level 1:colcon.colcon_core.package_identification:_identify(src/c_test) by extension 'ignore_ament_install'
[0.180s] Level 1:colcon.colcon_core.package_identification:_identify(src/c_test) by extensions ['colcon_pkg']
[0.180s] Level 1:colcon.colcon_core.package_identification:_identify(src/c_test) by extension 'colcon_pkg'
[0.180s] Level 1:colcon.colcon_core.package_identification:_identify(src/c_test) by extensions ['colcon_meta']
[0.181s] Level 1:colcon.colcon_core.package_identification:_identify(src/c_test) by extension 'colcon_meta'
[0.181s] Level 1:colcon.colcon_core.package_identification:_identify(src/c_test) by extensions ['ros']
[0.181s] Level 1:colcon.colcon_core.package_identification:_identify(src/c_test) by extension 'ros'
[0.182s] DEBUG:colcon.colcon_core.package_identification:Package 'src/c_test' with type 'ros.ament_cmake' and name 'c_test'
[0.182s] Level 1:colcon.colcon_core.package_identification:_identify(src/model) by extensions ['ignore', 'ignore_ament_install']
[0.182s] Level 1:colcon.colcon_core.package_identification:_identify(src/model) by extension 'ignore'
[0.182s] Level 1:colcon.colcon_core.package_identification:_identify(src/model) by extension 'ignore_ament_install'
[0.182s] Level 1:colcon.colcon_core.package_identification:_identify(src/model) by extensions ['colcon_pkg']
[0.182s] Level 1:colcon.colcon_core.package_identification:_identify(src/model) by extension 'colcon_pkg'
[0.182s] Level 1:colcon.colcon_core.package_identification:_identify(src/model) by extensions ['colcon_meta']
[0.183s] Level 1:colcon.colcon_core.package_identification:_identify(src/model) by extension 'colcon_meta'
[0.183s] Level 1:colcon.colcon_core.package_identification:_identify(src/model) by extensions ['ros']
[0.183s] Level 1:colcon.colcon_core.package_identification:_identify(src/model) by extension 'ros'
[0.183s] DEBUG:colcon.colcon_core.package_identification:Package 'src/model' with type 'ros.ament_cmake' and name 'model'
[0.183s] Level 1:colcon.colcon_core.package_identification:_identify(src/my_nav) by extensions ['ignore', 'ignore_ament_install']
[0.183s] Level 1:colcon.colcon_core.package_identification:_identify(src/my_nav) by extension 'ignore'
[0.183s] Level 1:colcon.colcon_core.package_identification:_identify(src/my_nav) by extension 'ignore_ament_install'
[0.183s] Level 1:colcon.colcon_core.package_identification:_identify(src/my_nav) by extensions ['colcon_pkg']
[0.183s] Level 1:colcon.colcon_core.package_identification:_identify(src/my_nav) by extension 'colcon_pkg'
[0.183s] Level 1:colcon.colcon_core.package_identification:_identify(src/my_nav) by extensions ['colcon_meta']
[0.183s] Level 1:colcon.colcon_core.package_identification:_identify(src/my_nav) by extension 'colcon_meta'
[0.183s] Level 1:colcon.colcon_core.package_identification:_identify(src/my_nav) by extensions ['ros']
[0.183s] Level 1:colcon.colcon_core.package_identification:_identify(src/my_nav) by extension 'ros'
[0.184s] DEBUG:colcon.colcon_core.package_identification:Package 'src/my_nav' with type 'ros.ament_cmake' and name 'my_nav'
[0.184s] Level 1:colcon.colcon_core.package_identification:_identify(src/py_test) by extensions ['ignore', 'ignore_ament_install']
[0.184s] Level 1:colcon.colcon_core.package_identification:_identify(src/py_test) by extension 'ignore'
[0.184s] Level 1:colcon.colcon_core.package_identification:_identify(src/py_test) by extension 'ignore_ament_install'
[0.184s] Level 1:colcon.colcon_core.package_identification:_identify(src/py_test) by extensions ['colcon_pkg']
[0.184s] Level 1:colcon.colcon_core.package_identification:_identify(src/py_test) by extension 'colcon_pkg'
[0.184s] Level 1:colcon.colcon_core.package_identification:_identify(src/py_test) by extensions ['colcon_meta']
[0.184s] Level 1:colcon.colcon_core.package_identification:_identify(src/py_test) by extension 'colcon_meta'
[0.184s] Level 1:colcon.colcon_core.package_identification:_identify(src/py_test) by extensions ['ros']
[0.184s] Level 1:colcon.colcon_core.package_identification:_identify(src/py_test) by extension 'ros'
[0.185s] DEBUG:colcon.colcon_core.package_identification:Package 'src/py_test' with type 'ros.ament_python' and name 'py_test'
[0.185s] Level 1:colcon.colcon_core.package_identification:_identify(src/robot) by extensions ['ignore', 'ignore_ament_install']
[0.185s] Level 1:colcon.colcon_core.package_identification:_identify(src/robot) by extension 'ignore'
[0.185s] Level 1:colcon.colcon_core.package_identification:_identify(src/robot) by extension 'ignore_ament_install'
[0.185s] Level 1:colcon.colcon_core.package_identification:_identify(src/robot) by extensions ['colcon_pkg']
[0.185s] Level 1:colcon.colcon_core.package_identification:_identify(src/robot) by extension 'colcon_pkg'
[0.185s] Level 1:colcon.colcon_core.package_identification:_identify(src/robot) by extensions ['colcon_meta']
[0.185s] Level 1:colcon.colcon_core.package_identification:_identify(src/robot) by extension 'colcon_meta'
[0.185s] Level 1:colcon.colcon_core.package_identification:_identify(src/robot) by extensions ['ros']
[0.185s] Level 1:colcon.colcon_core.package_identification:_identify(src/robot) by extension 'ros'
[0.185s] DEBUG:colcon.colcon_core.package_identification:Package 'src/robot' with type 'ros.ament_cmake' and name 'robot'
[0.185s] Level 1:colcon.colcon_core.package_discovery:discover_packages(recursive) using defaults
[0.185s] Level 1:colcon.colcon_core.package_discovery:discover_packages(ignore) discover
[0.185s] Level 1:colcon.colcon_core.package_discovery:discover_packages(ignore) using defaults
[0.185s] Level 1:colcon.colcon_core.package_discovery:discover_packages(path) discover
[0.185s] Level 1:colcon.colcon_core.package_discovery:discover_packages(path) using defaults
[0.207s] Level 1:colcon.colcon_core.package_discovery:discover_packages(prefix_path) check parameters
[0.207s] Level 1:colcon.colcon_core.package_discovery:discover_packages(prefix_path) discover
[0.208s] DEBUG:colcon.colcon_installed_package_information.package_discovery:Found 5 installed packages in /home/tofu/catkin_ws/install
[0.210s] DEBUG:colcon.colcon_installed_package_information.package_discovery:Found 465 installed packages in /opt/ros/humble
[0.211s] Level 1:colcon.colcon_core.package_discovery:discover_packages(prefix_path) using defaults
[0.245s] Level 5:colcon.colcon_core.verb:set package 'c_test' build argument 'cmake_args' from command line to 'None'
[0.245s] Level 5:colcon.colcon_core.verb:set package 'c_test' build argument 'cmake_target' from command line to 'None'
[0.245s] Level 5:colcon.colcon_core.verb:set package 'c_test' build argument 'cmake_target_skip_unavailable' from command line to 'False'
[0.245s] Level 5:colcon.colcon_core.verb:set package 'c_test' build argument 'cmake_clean_cache' from command line to 'False'
[0.245s] Level 5:colcon.colcon_core.verb:set package 'c_test' build argument 'cmake_clean_first' from command line to 'False'
[0.245s] Level 5:colcon.colcon_core.verb:set package 'c_test' build argument 'cmake_force_configure' from command line to 'False'
[0.245s] Level 5:colcon.colcon_core.verb:set package 'c_test' build argument 'ament_cmake_args' from command line to 'None'
[0.245s] Level 5:colcon.colcon_core.verb:set package 'c_test' build argument 'catkin_cmake_args' from command line to 'None'
[0.245s] Level 5:colcon.colcon_core.verb:set package 'c_test' build argument 'catkin_skip_building_tests' from command line to 'False'
[0.245s] DEBUG:colcon.colcon_core.verb:Building package 'c_test' with the following arguments: {'ament_cmake_args': None, 'build_base': '/home/tofu/catkin_ws/build/c_test', 'catkin_cmake_args': None, 'catkin_skip_building_tests': False, 'cmake_args': None, 'cmake_clean_cache': False, 'cmake_clean_first': False, 'cmake_force_configure': False, 'cmake_target': None, 'cmake_target_skip_unavailable': False, 'install_base': '/home/tofu/catkin_ws/install/c_test', 'merge_install': False, 'path': '/home/tofu/catkin_ws/src/c_test', 'symlink_install': False, 'test_result_base': None}
[0.245s] Level 5:colcon.colcon_core.verb:set package 'model' build argument 'cmake_args' from command line to 'None'
[0.245s] Level 5:colcon.colcon_core.verb:set package 'model' build argument 'cmake_target' from command line to 'None'
[0.245s] Level 5:colcon.colcon_core.verb:set package 'model' build argument 'cmake_target_skip_unavailable' from command line to 'False'
[0.245s] Level 5:colcon.colcon_core.verb:set package 'model' build argument 'cmake_clean_cache' from command line to 'False'
[0.245s] Level 5:colcon.colcon_core.verb:set package 'model' build argument 'cmake_clean_first' from command line to 'False'
[0.245s] Level 5:colcon.colcon_core.verb:set package 'model' build argument 'cmake_force_configure' from command line to 'False'
[0.245s] Level 5:colcon.colcon_core.verb:set package 'model' build argument 'ament_cmake_args' from command line to 'None'
[0.246s] Level 5:colcon.colcon_core.verb:set package 'model' build argument 'catkin_cmake_args' from command line to 'None'
[0.246s] Level 5:colcon.colcon_core.verb:set package 'model' build argument 'catkin_skip_building_tests' from command line to 'False'
[0.246s] DEBUG:colcon.colcon_core.verb:Building package 'model' with the following arguments: {'ament_cmake_args': None, 'build_base': '/home/tofu/catkin_ws/build/model', 'catkin_cmake_args': None, 'catkin_skip_building_tests': False, 'cmake_args': None, 'cmake_clean_cache': False, 'cmake_clean_first': False, 'cmake_force_configure': False, 'cmake_target': None, 'cmake_target_skip_unavailable': False, 'install_base': '/home/tofu/catkin_ws/install/model', 'merge_install': False, 'path': '/home/tofu/catkin_ws/src/model', 'symlink_install': False, 'test_result_base': None}
[0.246s] Level 5:colcon.colcon_core.verb:set package 'my_nav' build argument 'cmake_args' from command line to 'None'
[0.246s] Level 5:colcon.colcon_core.verb:set package 'my_nav' build argument 'cmake_target' from command line to 'None'
[0.246s] Level 5:colcon.colcon_core.verb:set package 'my_nav' build argument 'cmake_target_skip_unavailable' from command line to 'False'
[0.246s] Level 5:colcon.colcon_core.verb:set package 'my_nav' build argument 'cmake_clean_cache' from command line to 'False'
[0.246s] Level 5:colcon.colcon_core.verb:set package 'my_nav' build argument 'cmake_clean_first' from command line to 'False'
[0.246s] Level 5:colcon.colcon_core.verb:set package 'my_nav' build argument 'cmake_force_configure' from command line to 'False'
[0.246s] Level 5:colcon.colcon_core.verb:set package 'my_nav' build argument 'ament_cmake_args' from command line to 'None'
[0.246s] Level 5:colcon.colcon_core.verb:set package 'my_nav' build argument 'catkin_cmake_args' from command line to 'None'
[0.246s] Level 5:colcon.colcon_core.verb:set package 'my_nav' build argument 'catkin_skip_building_tests' from command line to 'False'
[0.246s] DEBUG:colcon.colcon_core.verb:Building package 'my_nav' with the following arguments: {'ament_cmake_args': None, 'build_base': '/home/tofu/catkin_ws/build/my_nav', 'catkin_cmake_args': None, 'catkin_skip_building_tests': False, 'cmake_args': None, 'cmake_clean_cache': False, 'cmake_clean_first': False, 'cmake_force_configure': False, 'cmake_target': None, 'cmake_target_skip_unavailable': False, 'install_base': '/home/tofu/catkin_ws/install/my_nav', 'merge_install': False, 'path': '/home/tofu/catkin_ws/src/my_nav', 'symlink_install': False, 'test_result_base': None}
[0.247s] Level 5:colcon.colcon_core.verb:set package 'py_test' build argument 'cmake_args' from command line to 'None'
[0.247s] Level 5:colcon.colcon_core.verb:set package 'py_test' build argument 'cmake_target' from command line to 'None'
[0.247s] Level 5:colcon.colcon_core.verb:set package 'py_test' build argument 'cmake_target_skip_unavailable' from command line to 'False'
[0.247s] Level 5:colcon.colcon_core.verb:set package 'py_test' build argument 'cmake_clean_cache' from command line to 'False'
[0.247s] Level 5:colcon.colcon_core.verb:set package 'py_test' build argument 'cmake_clean_first' from command line to 'False'
[0.247s] Level 5:colcon.colcon_core.verb:set package 'py_test' build argument 'cmake_force_configure' from command line to 'False'
[0.247s] Level 5:colcon.colcon_core.verb:set package 'py_test' build argument 'ament_cmake_args' from command line to 'None'
[0.247s] Level 5:colcon.colcon_core.verb:set package 'py_test' build argument 'catkin_cmake_args' from command line to 'None'
[0.247s] Level 5:colcon.colcon_core.verb:set package 'py_test' build argument 'catkin_skip_building_tests' from command line to 'False'
[0.247s] DEBUG:colcon.colcon_core.verb:Building package 'py_test' with the following arguments: {'ament_cmake_args': None, 'build_base': '/home/tofu/catkin_ws/build/py_test', 'catkin_cmake_args': None, 'catkin_skip_building_tests': False, 'cmake_args': None, 'cmake_clean_cache': False, 'cmake_clean_first': False, 'cmake_force_configure': False, 'cmake_target': None, 'cmake_target_skip_unavailable': False, 'install_base': '/home/tofu/catkin_ws/install/py_test', 'merge_install': False, 'path': '/home/tofu/catkin_ws/src/py_test', 'symlink_install': False, 'test_result_base': None}
[0.247s] Level 5:colcon.colcon_core.verb:set package 'robot' build argument 'cmake_args' from command line to 'None'
[0.247s] Level 5:colcon.colcon_core.verb:set package 'robot' build argument 'cmake_target' from command line to 'None'
[0.247s] Level 5:colcon.colcon_core.verb:set package 'robot' build argument 'cmake_target_skip_unavailable' from command line to 'False'
[0.247s] Level 5:colcon.colcon_core.verb:set package 'robot' build argument 'cmake_clean_cache' from command line to 'False'
[0.247s] Level 5:colcon.colcon_core.verb:set package 'robot' build argument 'cmake_clean_first' from command line to 'False'
[0.247s] Level 5:colcon.colcon_core.verb:set package 'robot' build argument 'cmake_force_configure' from command line to 'False'
[0.247s] Level 5:colcon.colcon_core.verb:set package 'robot' build argument 'ament_cmake_args' from command line to 'None'
[0.247s] Level 5:colcon.colcon_core.verb:set package 'robot' build argument 'catkin_cmake_args' from command line to 'None'
[0.247s] Level 5:colcon.colcon_core.verb:set package 'robot' build argument 'catkin_skip_building_tests' from command line to 'False'
[0.247s] DEBUG:colcon.colcon_core.verb:Building package 'robot' with the following arguments: {'ament_cmake_args': None, 'build_base': '/home/tofu/catkin_ws/build/robot', 'catkin_cmake_args': None, 'catkin_skip_building_tests': False, 'cmake_args': None, 'cmake_clean_cache': False, 'cmake_clean_first': False, 'cmake_force_configure': False, 'cmake_target': None, 'cmake_target_skip_unavailable': False, 'install_base': '/home/tofu/catkin_ws/install/robot', 'merge_install': False, 'path': '/home/tofu/catkin_ws/src/robot', 'symlink_install': False, 'test_result_base': None}
[0.247s] INFO:colcon.colcon_core.executor:Executing jobs using 'parallel' executor
[0.248s] DEBUG:colcon.colcon_parallel_executor.executor.parallel:run_until_complete
[0.248s] INFO:colcon.colcon_ros.task.ament_cmake.build:Building ROS package in '/home/tofu/catkin_ws/src/c_test' with build type 'ament_cmake'
[0.249s] INFO:colcon.colcon_cmake.task.cmake.build:Building CMake package in '/home/tofu/catkin_ws/src/c_test'
[0.251s] INFO:colcon.colcon_core.plugin_system:Skipping extension 'colcon_core.shell.bat': Not used on non-Windows systems
[0.251s] INFO:colcon.colcon_core.shell:Skip shell extension 'powershell' for command environment: Not usable outside of PowerShell
[0.251s] DEBUG:colcon.colcon_core.shell:Skip shell extension 'dsv' for command environment
[0.255s] INFO:colcon.colcon_ros.task.ament_cmake.build:Building ROS package in '/home/tofu/catkin_ws/src/model' with build type 'ament_cmake'
[0.255s] INFO:colcon.colcon_cmake.task.cmake.build:Building CMake package in '/home/tofu/catkin_ws/src/model'
[0.255s] INFO:colcon.colcon_core.shell:Skip shell extension 'powershell' for command environment: Not usable outside of PowerShell
[0.255s] DEBUG:colcon.colcon_core.shell:Skip shell extension 'dsv' for command environment
[0.258s] INFO:colcon.colcon_ros.task.ament_cmake.build:Building ROS package in '/home/tofu/catkin_ws/src/my_nav' with build type 'ament_cmake'
[0.258s] INFO:colcon.colcon_cmake.task.cmake.build:Building CMake package in '/home/tofu/catkin_ws/src/my_nav'
[0.258s] INFO:colcon.colcon_core.shell:Skip shell extension 'powershell' for command environment: Not usable outside of PowerShell
[0.258s] DEBUG:colcon.colcon_core.shell:Skip shell extension 'dsv' for command environment
[0.261s] INFO:colcon.colcon_ros.task.ament_python.build:Building ROS package in '/home/tofu/catkin_ws/src/py_test' with build type 'ament_python'
[0.261s] Level 1:colcon.colcon_core.shell:create_environment_hook('py_test', 'ament_prefix_path')
[0.261s] INFO:colcon.colcon_core.shell:Creating environment hook '/home/tofu/catkin_ws/install/py_test/share/py_test/hook/ament_prefix_path.ps1'
[0.262s] INFO:colcon.colcon_core.shell:Creating environment descriptor '/home/tofu/catkin_ws/install/py_test/share/py_test/hook/ament_prefix_path.dsv'
[0.262s] INFO:colcon.colcon_core.shell:Creating environment hook '/home/tofu/catkin_ws/install/py_test/share/py_test/hook/ament_prefix_path.sh'
[0.263s] INFO:colcon.colcon_core.shell:Skip shell extension 'powershell' for command environment: Not usable outside of PowerShell
[0.263s] DEBUG:colcon.colcon_core.shell:Skip shell extension 'dsv' for command environment
[0.266s] INFO:colcon.colcon_ros.task.ament_cmake.build:Building ROS package in '/home/tofu/catkin_ws/src/robot' with build type 'ament_cmake'
[0.267s] INFO:colcon.colcon_cmake.task.cmake.build:Building CMake package in '/home/tofu/catkin_ws/src/robot'
[0.267s] INFO:colcon.colcon_core.shell:Skip shell extension 'powershell' for command environment: Not usable outside of PowerShell
[0.267s] DEBUG:colcon.colcon_core.shell:Skip shell extension 'dsv' for command environment
[0.275s] DEBUG:colcon.colcon_core.event_handler.log_command:Invoking command in '/home/tofu/catkin_ws/build/c_test': CMAKE_PREFIX_PATH=${CMAKE_PREFIX_PATH}:/home/tofu/catkin_ws/install/py_test:/opt/ros/humble /usr/bin/cmake --build /home/tofu/catkin_ws/build/c_test -- -j16 -l16
[0.277s] DEBUG:colcon.colcon_core.event_handler.log_command:Invoking command in '/home/tofu/catkin_ws/build/model': CMAKE_PREFIX_PATH=${CMAKE_PREFIX_PATH}:/home/tofu/catkin_ws/install/py_test:/opt/ros/humble /usr/bin/cmake --build /home/tofu/catkin_ws/build/model -- -j16 -l16
[0.280s] DEBUG:colcon.colcon_core.event_handler.log_command:Invoking command in '/home/tofu/catkin_ws/build/my_nav': CMAKE_PREFIX_PATH=${CMAKE_PREFIX_PATH}:/home/tofu/catkin_ws/install/py_test:/opt/ros/humble /usr/bin/cmake --build /home/tofu/catkin_ws/build/my_nav -- -j16 -l16
[0.448s] INFO:colcon.colcon_core.task.python.build:Building Python package in '/home/tofu/catkin_ws/src/py_test'
[0.449s] INFO:colcon.colcon_core.shell:Skip shell extension 'powershell' for command environment: Not usable outside of PowerShell
[0.449s] DEBUG:colcon.colcon_core.shell:Skip shell extension 'dsv' for command environment
[0.460s] DEBUG:colcon.colcon_core.event_handler.log_command:Invoked command in '/home/tofu/catkin_ws/build/model' returned '0': CMAKE_PREFIX_PATH=${CMAKE_PREFIX_PATH}:/home/tofu/catkin_ws/install/py_test:/opt/ros/humble /usr/bin/cmake --build /home/tofu/catkin_ws/build/model -- -j16 -l16
[0.472s] DEBUG:colcon.colcon_core.event_handler.log_command:Invoking command in '/home/tofu/catkin_ws/build/model': CMAKE_PREFIX_PATH=${CMAKE_PREFIX_PATH}:/home/tofu/catkin_ws/install/py_test:/opt/ros/humble /usr/bin/cmake --install /home/tofu/catkin_ws/build/model
[0.476s] DEBUG:colcon.colcon_core.event_handler.log_command:Invoking command in '/home/tofu/catkin_ws/build/robot': CMAKE_PREFIX_PATH=${CMAKE_PREFIX_PATH}:/home/tofu/catkin_ws/install/py_test:/opt/ros/humble /usr/bin/cmake --build /home/tofu/catkin_ws/build/robot -- -j16 -l16
[0.482s] Level 1:colcon.colcon_core.environment:create_environment_scripts_only(model)
[0.487s] Level 1:colcon.colcon_core.environment:checking '/home/tofu/catkin_ws/install/model' for CMake module files
[0.488s] DEBUG:colcon.colcon_core.event_handler.log_command:Invoked command in '/home/tofu/catkin_ws/build/model' returned '0': CMAKE_PREFIX_PATH=${CMAKE_PREFIX_PATH}:/home/tofu/catkin_ws/install/py_test:/opt/ros/humble /usr/bin/cmake --install /home/tofu/catkin_ws/build/model
[0.488s] Level 1:colcon.colcon_core.environment:checking '/home/tofu/catkin_ws/install/model' for CMake config files
[0.489s] Level 1:colcon.colcon_core.shell:create_environment_hook('model', 'cmake_prefix_path')
[0.489s] INFO:colcon.colcon_core.shell:Creating environment hook '/home/tofu/catkin_ws/install/model/share/model/hook/cmake_prefix_path.ps1'
[0.489s] INFO:colcon.colcon_core.shell:Creating environment descriptor '/home/tofu/catkin_ws/install/model/share/model/hook/cmake_prefix_path.dsv'
[0.490s] INFO:colcon.colcon_core.shell:Creating environment hook '/home/tofu/catkin_ws/install/model/share/model/hook/cmake_prefix_path.sh'
[0.491s] Level 1:colcon.colcon_core.environment:checking '/home/tofu/catkin_ws/install/model/bin'
[0.491s] Level 1:colcon.colcon_core.environment:checking '/home/tofu/catkin_ws/install/model/lib/pkgconfig/model.pc'
[0.491s] Level 1:colcon.colcon_core.environment:checking '/home/tofu/catkin_ws/install/model/lib/python3.10/site-packages'
[0.491s] Level 1:colcon.colcon_core.environment:checking '/home/tofu/catkin_ws/install/model/bin'
[0.491s] INFO:colcon.colcon_core.shell:Creating package script '/home/tofu/catkin_ws/install/model/share/model/package.ps1'
[0.492s] INFO:colcon.colcon_core.shell:Creating package descriptor '/home/tofu/catkin_ws/install/model/share/model/package.dsv'
[0.493s] INFO:colcon.colcon_core.shell:Creating package script '/home/tofu/catkin_ws/install/model/share/model/package.sh'
[0.493s] INFO:colcon.colcon_core.shell:Creating package script '/home/tofu/catkin_ws/install/model/share/model/package.bash'
[0.494s] INFO:colcon.colcon_core.shell:Creating package script '/home/tofu/catkin_ws/install/model/share/model/package.zsh'
[0.494s] Level 1:colcon.colcon_core.environment:create_file_with_runtime_dependencies(/home/tofu/catkin_ws/install/model/share/colcon-core/packages/model)
[0.495s] Level 1:colcon.colcon_core.environment:create_environment_scripts_only(model)
[0.495s] Level 1:colcon.colcon_core.environment:checking '/home/tofu/catkin_ws/install/model' for CMake module files
[0.495s] Level 1:colcon.colcon_core.environment:checking '/home/tofu/catkin_ws/install/model' for CMake config files
[0.496s] Level 1:colcon.colcon_core.shell:create_environment_hook('model', 'cmake_prefix_path')
[0.496s] INFO:colcon.colcon_core.shell:Creating environment hook '/home/tofu/catkin_ws/install/model/share/model/hook/cmake_prefix_path.ps1'
[0.496s] INFO:colcon.colcon_core.shell:Creating environment descriptor '/home/tofu/catkin_ws/install/model/share/model/hook/cmake_prefix_path.dsv'
[0.496s] INFO:colcon.colcon_core.shell:Creating environment hook '/home/tofu/catkin_ws/install/model/share/model/hook/cmake_prefix_path.sh'
[0.497s] Level 1:colcon.colcon_core.environment:checking '/home/tofu/catkin_ws/install/model/bin'
[0.497s] Level 1:colcon.colcon_core.environment:checking '/home/tofu/catkin_ws/install/model/lib/pkgconfig/model.pc'
[0.497s] Level 1:colcon.colcon_core.environment:checking '/home/tofu/catkin_ws/install/model/lib/python3.10/site-packages'
[0.497s] Level 1:colcon.colcon_core.environment:checking '/home/tofu/catkin_ws/install/model/bin'
[0.498s] INFO:colcon.colcon_core.shell:Creating package script '/home/tofu/catkin_ws/install/model/share/model/package.ps1'
[0.498s] INFO:colcon.colcon_core.shell:Creating package descriptor '/home/tofu/catkin_ws/install/model/share/model/package.dsv'
[0.498s] INFO:colcon.colcon_core.shell:Creating package script '/home/tofu/catkin_ws/install/model/share/model/package.sh'
[0.499s] INFO:colcon.colcon_core.shell:Creating package script '/home/tofu/catkin_ws/install/model/share/model/package.bash'
[0.499s] INFO:colcon.colcon_core.shell:Creating package script '/home/tofu/catkin_ws/install/model/share/model/package.zsh'
[0.499s] Level 1:colcon.colcon_core.environment:create_file_with_runtime_dependencies(/home/tofu/catkin_ws/install/model/share/colcon-core/packages/model)
[0.547s] DEBUG:colcon.colcon_core.event_handler.log_command:Invoked command in '/home/tofu/catkin_ws/build/robot' returned '0': CMAKE_PREFIX_PATH=${CMAKE_PREFIX_PATH}:/home/tofu/catkin_ws/install/py_test:/opt/ros/humble /usr/bin/cmake --build /home/tofu/catkin_ws/build/robot -- -j16 -l16
[0.548s] DEBUG:colcon.colcon_core.event_handler.log_command:Invoking command in '/home/tofu/catkin_ws/build/robot': CMAKE_PREFIX_PATH=${CMAKE_PREFIX_PATH}:/home/tofu/catkin_ws/install/py_test:/opt/ros/humble /usr/bin/cmake --install /home/tofu/catkin_ws/build/robot
[0.561s] Level 1:colcon.colcon_core.environment:create_environment_scripts_only(robot)
[0.561s] Level 1:colcon.colcon_core.environment:checking '/home/tofu/catkin_ws/install/robot' for CMake module files
[0.563s] DEBUG:colcon.colcon_core.event_handler.log_command:Invoked command in '/home/tofu/catkin_ws/build/c_test' returned '0': CMAKE_PREFIX_PATH=${CMAKE_PREFIX_PATH}:/home/tofu/catkin_ws/install/py_test:/opt/ros/humble /usr/bin/cmake --build /home/tofu/catkin_ws/build/c_test -- -j16 -l16
[0.563s] DEBUG:colcon.colcon_core.event_handler.log_command:Invoking command in '/home/tofu/catkin_ws/build/c_test': CMAKE_PREFIX_PATH=${CMAKE_PREFIX_PATH}:/home/tofu/catkin_ws/install/py_test:/opt/ros/humble /usr/bin/cmake --install /home/tofu/catkin_ws/build/c_test
[0.564s] DEBUG:colcon.colcon_core.event_handler.log_command:Invoked command in '/home/tofu/catkin_ws/build/robot' returned '0': CMAKE_PREFIX_PATH=${CMAKE_PREFIX_PATH}:/home/tofu/catkin_ws/install/py_test:/opt/ros/humble /usr/bin/cmake --install /home/tofu/catkin_ws/build/robot
[0.564s] Level 1:colcon.colcon_core.environment:checking '/home/tofu/catkin_ws/install/robot' for CMake config files
[0.564s] Level 1:colcon.colcon_core.shell:create_environment_hook('robot', 'cmake_prefix_path')
[0.564s] INFO:colcon.colcon_core.shell:Creating environment hook '/home/tofu/catkin_ws/install/robot/share/robot/hook/cmake_prefix_path.ps1'
[0.566s] INFO:colcon.colcon_core.shell:Creating environment descriptor '/home/tofu/catkin_ws/install/robot/share/robot/hook/cmake_prefix_path.dsv'
[0.568s] INFO:colcon.colcon_core.shell:Creating environment hook '/home/tofu/catkin_ws/install/robot/share/robot/hook/cmake_prefix_path.sh'
[0.571s] Level 1:colcon.colcon_core.environment:checking '/home/tofu/catkin_ws/install/robot/lib'
[0.571s] Level 1:colcon.colcon_core.environment:checking '/home/tofu/catkin_ws/install/robot/bin'
[0.571s] Level 1:colcon.colcon_core.environment:checking '/home/tofu/catkin_ws/install/robot/lib/pkgconfig/robot.pc'
[0.572s] Level 1:colcon.colcon_core.environment:checking '/home/tofu/catkin_ws/install/robot/lib/python3.10/site-packages'
[0.573s] Level 1:colcon.colcon_core.environment:checking '/home/tofu/catkin_ws/install/robot/bin'
[0.573s] INFO:colcon.colcon_core.shell:Creating package script '/home/tofu/catkin_ws/install/robot/share/robot/package.ps1'
[0.574s] INFO:colcon.colcon_core.shell:Creating package descriptor '/home/tofu/catkin_ws/install/robot/share/robot/package.dsv'
[0.575s] INFO:colcon.colcon_core.shell:Creating package script '/home/tofu/catkin_ws/install/robot/share/robot/package.sh'
[0.575s] INFO:colcon.colcon_core.shell:Creating package script '/home/tofu/catkin_ws/install/robot/share/robot/package.bash'
[0.576s] INFO:colcon.colcon_core.shell:Creating package script '/home/tofu/catkin_ws/install/robot/share/robot/package.zsh'
[0.577s] Level 1:colcon.colcon_core.environment:create_file_with_runtime_dependencies(/home/tofu/catkin_ws/install/robot/share/colcon-core/packages/robot)
[0.578s] Level 1:colcon.colcon_core.environment:create_environment_scripts_only(robot)
[0.578s] Level 1:colcon.colcon_core.environment:checking '/home/tofu/catkin_ws/install/robot' for CMake module files
[0.579s] Level 1:colcon.colcon_core.environment:checking '/home/tofu/catkin_ws/install/robot' for CMake config files
[0.579s] Level 1:colcon.colcon_core.shell:create_environment_hook('robot', 'cmake_prefix_path')
[0.580s] INFO:colcon.colcon_core.shell:Creating environment hook '/home/tofu/catkin_ws/install/robot/share/robot/hook/cmake_prefix_path.ps1'
[0.580s] INFO:colcon.colcon_core.shell:Creating environment descriptor '/home/tofu/catkin_ws/install/robot/share/robot/hook/cmake_prefix_path.dsv'
[0.582s] INFO:colcon.colcon_core.shell:Creating environment hook '/home/tofu/catkin_ws/install/robot/share/robot/hook/cmake_prefix_path.sh'
[0.582s] Level 1:colcon.colcon_core.environment:checking '/home/tofu/catkin_ws/install/robot/lib'
[0.583s] Level 1:colcon.colcon_core.environment:checking '/home/tofu/catkin_ws/install/robot/bin'
[0.583s] Level 1:colcon.colcon_core.environment:checking '/home/tofu/catkin_ws/install/robot/lib/pkgconfig/robot.pc'
[0.583s] Level 1:colcon.colcon_core.environment:checking '/home/tofu/catkin_ws/install/robot/lib/python3.10/site-packages'
[0.583s] Level 1:colcon.colcon_core.environment:checking '/home/tofu/catkin_ws/install/robot/bin'
[0.583s] INFO:colcon.colcon_core.shell:Creating package script '/home/tofu/catkin_ws/install/robot/share/robot/package.ps1'
[0.584s] INFO:colcon.colcon_core.shell:Creating package descriptor '/home/tofu/catkin_ws/install/robot/share/robot/package.dsv'
[0.584s] INFO:colcon.colcon_core.shell:Creating package script '/home/tofu/catkin_ws/install/robot/share/robot/package.sh'
[0.584s] INFO:colcon.colcon_core.shell:Creating package script '/home/tofu/catkin_ws/install/robot/share/robot/package.bash'
[0.585s] INFO:colcon.colcon_core.shell:Creating package script '/home/tofu/catkin_ws/install/robot/share/robot/package.zsh'
[0.585s] Level 1:colcon.colcon_core.environment:create_file_with_runtime_dependencies(/home/tofu/catkin_ws/install/robot/share/colcon-core/packages/robot)
[0.608s] Level 1:colcon.colcon_core.environment:create_environment_scripts_only(c_test)
[0.609s] Level 1:colcon.colcon_core.environment:checking '/home/tofu/catkin_ws/install/c_test' for CMake module files
[0.609s] DEBUG:colcon.colcon_core.event_handler.log_command:Invoked command in '/home/tofu/catkin_ws/build/c_test' returned '0': CMAKE_PREFIX_PATH=${CMAKE_PREFIX_PATH}:/home/tofu/catkin_ws/install/py_test:/opt/ros/humble /usr/bin/cmake --install /home/tofu/catkin_ws/build/c_test
[0.610s] Level 1:colcon.colcon_core.environment:checking '/home/tofu/catkin_ws/install/c_test' for CMake config files
[0.610s] Level 1:colcon.colcon_core.shell:create_environment_hook('c_test', 'cmake_prefix_path')
[0.611s] INFO:colcon.colcon_core.shell:Creating environment hook '/home/tofu/catkin_ws/install/c_test/share/c_test/hook/cmake_prefix_path.ps1'
[0.611s] INFO:colcon.colcon_core.shell:Creating environment descriptor '/home/tofu/catkin_ws/install/c_test/share/c_test/hook/cmake_prefix_path.dsv'
[0.612s] INFO:colcon.colcon_core.shell:Creating environment hook '/home/tofu/catkin_ws/install/c_test/share/c_test/hook/cmake_prefix_path.sh'
[0.612s] Level 1:colcon.colcon_core.environment:checking '/home/tofu/catkin_ws/install/c_test/lib'
[0.612s] Level 1:colcon.colcon_core.shell:create_environment_hook('c_test', 'ld_library_path_lib')
[0.612s] INFO:colcon.colcon_core.shell:Creating environment hook '/home/tofu/catkin_ws/install/c_test/share/c_test/hook/ld_library_path_lib.ps1'
[0.613s] INFO:colcon.colcon_core.shell:Creating environment descriptor '/home/tofu/catkin_ws/install/c_test/share/c_test/hook/ld_library_path_lib.dsv'
[0.613s] INFO:colcon.colcon_core.shell:Creating environment hook '/home/tofu/catkin_ws/install/c_test/share/c_test/hook/ld_library_path_lib.sh'
[0.613s] Level 1:colcon.colcon_core.environment:checking '/home/tofu/catkin_ws/install/c_test/bin'
[0.614s] Level 1:colcon.colcon_core.environment:checking '/home/tofu/catkin_ws/install/c_test/lib/pkgconfig/c_test.pc'
[0.614s] Level 1:colcon.colcon_core.environment:checking '/home/tofu/catkin_ws/install/c_test/lib/python3.10/site-packages'
[0.614s] Level 1:colcon.colcon_core.environment:checking '/home/tofu/catkin_ws/install/c_test/bin'
[0.614s] INFO:colcon.colcon_core.shell:Creating package script '/home/tofu/catkin_ws/install/c_test/share/c_test/package.ps1'
[0.615s] INFO:colcon.colcon_core.shell:Creating package descriptor '/home/tofu/catkin_ws/install/c_test/share/c_test/package.dsv'
[0.615s] INFO:colcon.colcon_core.shell:Creating package script '/home/tofu/catkin_ws/install/c_test/share/c_test/package.sh'
[0.616s] INFO:colcon.colcon_core.shell:Creating package script '/home/tofu/catkin_ws/install/c_test/share/c_test/package.bash'
[0.616s] INFO:colcon.colcon_core.shell:Creating package script '/home/tofu/catkin_ws/install/c_test/share/c_test/package.zsh'
[0.616s] Level 1:colcon.colcon_core.environment:create_file_with_runtime_dependencies(/home/tofu/catkin_ws/install/c_test/share/colcon-core/packages/c_test)
[0.617s] Level 1:colcon.colcon_core.environment:create_environment_scripts_only(c_test)
[0.617s] Level 1:colcon.colcon_core.environment:checking '/home/tofu/catkin_ws/install/c_test' for CMake module files
[0.618s] Level 1:colcon.colcon_core.environment:checking '/home/tofu/catkin_ws/install/c_test' for CMake config files
[0.618s] Level 1:colcon.colcon_core.shell:create_environment_hook('c_test', 'cmake_prefix_path')
[0.618s] INFO:colcon.colcon_core.shell:Creating environment hook '/home/tofu/catkin_ws/install/c_test/share/c_test/hook/cmake_prefix_path.ps1'
[0.619s] INFO:colcon.colcon_core.shell:Creating environment descriptor '/home/tofu/catkin_ws/install/c_test/share/c_test/hook/cmake_prefix_path.dsv'
[0.619s] INFO:colcon.colcon_core.shell:Creating environment hook '/home/tofu/catkin_ws/install/c_test/share/c_test/hook/cmake_prefix_path.sh'
[0.619s] Level 1:colcon.colcon_core.environment:checking '/home/tofu/catkin_ws/install/c_test/lib'
[0.620s] Level 1:colcon.colcon_core.shell:create_environment_hook('c_test', 'ld_library_path_lib')
[0.620s] INFO:colcon.colcon_core.shell:Creating environment hook '/home/tofu/catkin_ws/install/c_test/share/c_test/hook/ld_library_path_lib.ps1'
[0.620s] INFO:colcon.colcon_core.shell:Creating environment descriptor '/home/tofu/catkin_ws/install/c_test/share/c_test/hook/ld_library_path_lib.dsv'
[0.620s] INFO:colcon.colcon_core.shell:Creating environment hook '/home/tofu/catkin_ws/install/c_test/share/c_test/hook/ld_library_path_lib.sh'
[0.621s] Level 1:colcon.colcon_core.environment:checking '/home/tofu/catkin_ws/install/c_test/bin'
[0.621s] Level 1:colcon.colcon_core.environment:checking '/home/tofu/catkin_ws/install/c_test/lib/pkgconfig/c_test.pc'
[0.621s] Level 1:colcon.colcon_core.environment:checking '/home/tofu/catkin_ws/install/c_test/lib/python3.10/site-packages'
[0.621s] Level 1:colcon.colcon_core.environment:checking '/home/tofu/catkin_ws/install/c_test/bin'
[0.621s] INFO:colcon.colcon_core.shell:Creating package script '/home/tofu/catkin_ws/install/c_test/share/c_test/package.ps1'
[0.622s] INFO:colcon.colcon_core.shell:Creating package descriptor '/home/tofu/catkin_ws/install/c_test/share/c_test/package.dsv'
[0.622s] INFO:colcon.colcon_core.shell:Creating package script '/home/tofu/catkin_ws/install/c_test/share/c_test/package.sh'
[0.623s] INFO:colcon.colcon_core.shell:Creating package script '/home/tofu/catkin_ws/install/c_test/share/c_test/package.bash'
[0.623s] INFO:colcon.colcon_core.shell:Creating package script '/home/tofu/catkin_ws/install/c_test/share/c_test/package.zsh'
[0.623s] Level 1:colcon.colcon_core.environment:create_file_with_runtime_dependencies(/home/tofu/catkin_ws/install/c_test/share/colcon-core/packages/c_test)
[0.721s] DEBUG:colcon.colcon_core.event_handler.log_command:Invoking command in '/home/tofu/catkin_ws/src/py_test': PYTHONPATH=/home/tofu/catkin_ws/build/py_test/prefix_override:/usr/lib/python3/dist-packages/colcon_core/task/python/colcon_distutils_commands:/home/tofu/catkin_ws/install/py_test/lib/python3.10/site-packages:${PYTHONPATH} /usr/bin/python3 -W ignore:setup.py install is deprecated -W ignore:easy_install command is deprecated setup.py egg_info --egg-base ../../build/py_test build --build-base /home/tofu/catkin_ws/build/py_test/build install --record /home/tofu/catkin_ws/build/py_test/install.log --single-version-externally-managed install_data
[0.915s] Level 1:colcon.colcon_core.environment:checking '/home/tofu/catkin_ws/install/py_test' for CMake module files
[0.916s] DEBUG:colcon.colcon_core.event_handler.log_command:Invoked command in '/home/tofu/catkin_ws/src/py_test' returned '0': PYTHONPATH=/home/tofu/catkin_ws/build/py_test/prefix_override:/usr/lib/python3/dist-packages/colcon_core/task/python/colcon_distutils_commands:/home/tofu/catkin_ws/install/py_test/lib/python3.10/site-packages:${PYTHONPATH} /usr/bin/python3 -W ignore:setup.py install is deprecated -W ignore:easy_install command is deprecated setup.py egg_info --egg-base ../../build/py_test build --build-base /home/tofu/catkin_ws/build/py_test/build install --record /home/tofu/catkin_ws/build/py_test/install.log --single-version-externally-managed install_data
[0.916s] Level 1:colcon.colcon_core.environment:checking '/home/tofu/catkin_ws/install/py_test' for CMake config files
[0.917s] Level 1:colcon.colcon_core.environment:checking '/home/tofu/catkin_ws/install/py_test/lib'
[0.917s] Level 1:colcon.colcon_core.environment:checking '/home/tofu/catkin_ws/install/py_test/bin'
[0.917s] Level 1:colcon.colcon_core.environment:checking '/home/tofu/catkin_ws/install/py_test/lib/pkgconfig/py_test.pc'
[0.917s] Level 1:colcon.colcon_core.environment:checking '/home/tofu/catkin_ws/install/py_test/lib/python3.10/site-packages'
[0.917s] Level 1:colcon.colcon_core.shell:create_environment_hook('py_test', 'pythonpath')
[0.917s] INFO:colcon.colcon_core.shell:Creating environment hook '/home/tofu/catkin_ws/install/py_test/share/py_test/hook/pythonpath.ps1'
[0.918s] INFO:colcon.colcon_core.shell:Creating environment descriptor '/home/tofu/catkin_ws/install/py_test/share/py_test/hook/pythonpath.dsv'
[0.918s] INFO:colcon.colcon_core.shell:Creating environment hook '/home/tofu/catkin_ws/install/py_test/share/py_test/hook/pythonpath.sh'
[0.919s] Level 1:colcon.colcon_core.environment:checking '/home/tofu/catkin_ws/install/py_test/bin'
[0.919s] Level 1:colcon.colcon_core.environment:create_environment_scripts_only(py_test)
[0.919s] INFO:colcon.colcon_core.shell:Creating package script '/home/tofu/catkin_ws/install/py_test/share/py_test/package.ps1'
[0.919s] INFO:colcon.colcon_core.shell:Creating package descriptor '/home/tofu/catkin_ws/install/py_test/share/py_test/package.dsv'
[0.920s] INFO:colcon.colcon_core.shell:Creating package script '/home/tofu/catkin_ws/install/py_test/share/py_test/package.sh'
[0.920s] INFO:colcon.colcon_core.shell:Creating package script '/home/tofu/catkin_ws/install/py_test/share/py_test/package.bash'
[0.920s] INFO:colcon.colcon_core.shell:Creating package script '/home/tofu/catkin_ws/install/py_test/share/py_test/package.zsh'
[0.921s] Level 1:colcon.colcon_core.environment:create_file_with_runtime_dependencies(/home/tofu/catkin_ws/install/py_test/share/colcon-core/packages/py_test)
[7.514s] DEBUG:colcon.colcon_core.event_handler.log_command:Invoked command in '/home/tofu/catkin_ws/build/my_nav' returned '0': CMAKE_PREFIX_PATH=${CMAKE_PREFIX_PATH}:/home/tofu/catkin_ws/install/py_test:/opt/ros/humble /usr/bin/cmake --build /home/tofu/catkin_ws/build/my_nav -- -j16 -l16
[7.517s] DEBUG:colcon.colcon_core.event_handler.log_command:Invoking command in '/home/tofu/catkin_ws/build/my_nav': CMAKE_PREFIX_PATH=${CMAKE_PREFIX_PATH}:/home/tofu/catkin_ws/install/py_test:/opt/ros/humble /usr/bin/cmake --install /home/tofu/catkin_ws/build/my_nav
[7.550s] Level 1:colcon.colcon_core.environment:create_environment_scripts_only(my_nav)
[7.550s] Level 1:colcon.colcon_core.environment:checking '/home/tofu/catkin_ws/install/my_nav' for CMake module files
[7.551s] DEBUG:colcon.colcon_core.event_handler.log_command:Invoked command in '/home/tofu/catkin_ws/build/my_nav' returned '0': CMAKE_PREFIX_PATH=${CMAKE_PREFIX_PATH}:/home/tofu/catkin_ws/install/py_test:/opt/ros/humble /usr/bin/cmake --install /home/tofu/catkin_ws/build/my_nav
[7.552s] Level 1:colcon.colcon_core.environment:checking '/home/tofu/catkin_ws/install/my_nav' for CMake config files
[7.552s] Level 1:colcon.colcon_core.shell:create_environment_hook('my_nav', 'cmake_prefix_path')
[7.552s] INFO:colcon.colcon_core.shell:Creating environment hook '/home/tofu/catkin_ws/install/my_nav/share/my_nav/hook/cmake_prefix_path.ps1'
[7.553s] INFO:colcon.colcon_core.shell:Creating environment descriptor '/home/tofu/catkin_ws/install/my_nav/share/my_nav/hook/cmake_prefix_path.dsv'
[7.553s] INFO:colcon.colcon_core.shell:Creating environment hook '/home/tofu/catkin_ws/install/my_nav/share/my_nav/hook/cmake_prefix_path.sh'
[7.554s] Level 1:colcon.colcon_core.environment:checking '/home/tofu/catkin_ws/install/my_nav/lib'
[7.554s] Level 1:colcon.colcon_core.environment:checking '/home/tofu/catkin_ws/install/my_nav/bin'
[7.554s] Level 1:colcon.colcon_core.environment:checking '/home/tofu/catkin_ws/install/my_nav/lib/pkgconfig/my_nav.pc'
[7.554s] Level 1:colcon.colcon_core.environment:checking '/home/tofu/catkin_ws/install/my_nav/lib/python3.10/site-packages'
[7.554s] Level 1:colcon.colcon_core.environment:checking '/home/tofu/catkin_ws/install/my_nav/bin'
[7.555s] INFO:colcon.colcon_core.shell:Creating package script '/home/tofu/catkin_ws/install/my_nav/share/my_nav/package.ps1'
[7.555s] INFO:colcon.colcon_core.shell:Creating package descriptor '/home/tofu/catkin_ws/install/my_nav/share/my_nav/package.dsv'
[7.555s] INFO:colcon.colcon_core.shell:Creating package script '/home/tofu/catkin_ws/install/my_nav/share/my_nav/package.sh'
[7.556s] INFO:colcon.colcon_core.shell:Creating package script '/home/tofu/catkin_ws/install/my_nav/share/my_nav/package.bash'
[7.556s] INFO:colcon.colcon_core.shell:Creating package script '/home/tofu/catkin_ws/install/my_nav/share/my_nav/package.zsh'
[7.556s] Level 1:colcon.colcon_core.environment:create_file_with_runtime_dependencies(/home/tofu/catkin_ws/install/my_nav/share/colcon-core/packages/my_nav)
[7.557s] Level 1:colcon.colcon_core.environment:create_environment_scripts_only(my_nav)
[7.557s] Level 1:colcon.colcon_core.environment:checking '/home/tofu/catkin_ws/install/my_nav' for CMake module files
[7.557s] Level 1:colcon.colcon_core.environment:checking '/home/tofu/catkin_ws/install/my_nav' for CMake config files
[7.558s] Level 1:colcon.colcon_core.shell:create_environment_hook('my_nav', 'cmake_prefix_path')
[7.558s] INFO:colcon.colcon_core.shell:Creating environment hook '/home/tofu/catkin_ws/install/my_nav/share/my_nav/hook/cmake_prefix_path.ps1'
[7.558s] INFO:colcon.colcon_core.shell:Creating environment descriptor '/home/tofu/catkin_ws/install/my_nav/share/my_nav/hook/cmake_prefix_path.dsv'
[7.558s] INFO:colcon.colcon_core.shell:Creating environment hook '/home/tofu/catkin_ws/install/my_nav/share/my_nav/hook/cmake_prefix_path.sh'
[7.559s] Level 1:colcon.colcon_core.environment:checking '/home/tofu/catkin_ws/install/my_nav/lib'
[7.559s] Level 1:colcon.colcon_core.environment:checking '/home/tofu/catkin_ws/install/my_nav/bin'
[7.559s] Level 1:colcon.colcon_core.environment:checking '/home/tofu/catkin_ws/install/my_nav/lib/pkgconfig/my_nav.pc'
[7.559s] Level 1:colcon.colcon_core.environment:checking '/home/tofu/catkin_ws/install/my_nav/lib/python3.10/site-packages'
[7.559s] Level 1:colcon.colcon_core.environment:checking '/home/tofu/catkin_ws/install/my_nav/bin'
[7.560s] INFO:colcon.colcon_core.shell:Creating package script '/home/tofu/catkin_ws/install/my_nav/share/my_nav/package.ps1'
[7.560s] INFO:colcon.colcon_core.shell:Creating package descriptor '/home/tofu/catkin_ws/install/my_nav/share/my_nav/package.dsv'
[7.560s] INFO:colcon.colcon_core.shell:Creating package script '/home/tofu/catkin_ws/install/my_nav/share/my_nav/package.sh'
[7.561s] INFO:colcon.colcon_core.shell:Creating package script '/home/tofu/catkin_ws/install/my_nav/share/my_nav/package.bash'
[7.561s] INFO:colcon.colcon_core.shell:Creating package script '/home/tofu/catkin_ws/install/my_nav/share/my_nav/package.zsh'
[7.562s] Level 1:colcon.colcon_core.environment:create_file_with_runtime_dependencies(/home/tofu/catkin_ws/install/my_nav/share/colcon-core/packages/my_nav)
[7.562s] DEBUG:colcon.colcon_parallel_executor.executor.parallel:closing loop
[7.563s] DEBUG:colcon.colcon_parallel_executor.executor.parallel:loop closed
[7.563s] DEBUG:colcon.colcon_parallel_executor.executor.parallel:run_until_complete finished with '0'
[7.563s] DEBUG:colcon.colcon_core.event_reactor:joining thread
[7.568s] INFO:colcon.colcon_core.plugin_system:Skipping extension 'colcon_notification.desktop_notification.terminal_notifier': Not used on non-Darwin systems
[7.568s] INFO:colcon.colcon_core.plugin_system:Skipping extension 'colcon_notification.desktop_notification.win32': Not used on non-Windows systems
[7.568s] INFO:colcon.colcon_notification.desktop_notification:Sending desktop notification using 'notify2'
[7.579s] DEBUG:colcon.colcon_core.event_reactor:joined thread
[7.580s] INFO:colcon.colcon_core.shell:Creating prefix script '/home/tofu/catkin_ws/install/local_setup.ps1'
[7.581s] INFO:colcon.colcon_core.shell:Creating prefix util module '/home/tofu/catkin_ws/install/_local_setup_util_ps1.py'
[7.582s] INFO:colcon.colcon_core.shell:Creating prefix chain script '/home/tofu/catkin_ws/install/setup.ps1'
[7.583s] INFO:colcon.colcon_core.shell:Creating prefix script '/home/tofu/catkin_ws/install/local_setup.sh'
[7.583s] INFO:colcon.colcon_core.shell:Creating prefix util module '/home/tofu/catkin_ws/install/_local_setup_util_sh.py'
[7.584s] INFO:colcon.colcon_core.shell:Creating prefix chain script '/home/tofu/catkin_ws/install/setup.sh'
[7.585s] INFO:colcon.colcon_core.shell:Creating prefix script '/home/tofu/catkin_ws/install/local_setup.bash'
[7.585s] INFO:colcon.colcon_core.shell:Creating prefix chain script '/home/tofu/catkin_ws/install/setup.bash'
[7.586s] INFO:colcon.colcon_core.shell:Creating prefix script '/home/tofu/catkin_ws/install/local_setup.zsh'
[7.587s] INFO:colcon.colcon_core.shell:Creating prefix chain script '/home/tofu/catkin_ws/install/setup.zsh'
