[0.145s] DEBUG:colcon:Command line arguments: ['/usr/bin/colcon', 'build']
[0.145s] DEBUG:colcon:Parsed command line arguments: Namespace(log_base=None, log_level=None, verb_name='build', build_base='build', install_base='install', merge_install=False, symlink_install=False, test_result_base=None, continue_on_error=False, executor='parallel', parallel_workers=16, event_handlers=None, ignore_user_meta=False, metas=['./colcon.meta'], base_paths=['.'], packages_ignore=None, packages_ignore_regex=None, paths=None, packages_up_to=None, packages_up_to_regex=None, packages_above=None, packages_above_and_dependencies=None, packages_above_depth=None, packages_select_by_dep=None, packages_skip_by_dep=None, packages_skip_up_to=None, packages_select_build_failed=False, packages_skip_build_finished=False, packages_select_test_failures=False, packages_skip_test_passed=False, packages_select=None, packages_skip=None, packages_select_regex=None, packages_skip_regex=None, packages_start=None, packages_end=None, allow_overriding=[], cmake_args=None, cmake_target=None, cmake_target_skip_unavailable=False, cmake_clean_cache=False, cmake_clean_first=False, cmake_force_configure=False, ament_cmake_args=None, catkin_cmake_args=None, catkin_skip_building_tests=False, verb_parser=<colcon_defaults.argument_parser.defaults.DefaultArgumentsDecorator object at 0x707628d61360>, verb_extension=<colcon_core.verb.build.BuildVerb object at 0x707628e6a7a0>, main=<bound method BuildVerb.main of <colcon_core.verb.build.BuildVerb object at 0x707628e6a7a0>>)
[0.434s] Level 1:colcon.colcon_core.package_discovery:discover_packages(colcon_meta) check parameters
[0.434s] Level 1:colcon.colcon_core.package_discovery:discover_packages(recursive) check parameters
[0.435s] Level 1:colcon.colcon_core.package_discovery:discover_packages(ignore) check parameters
[0.435s] Level 1:colcon.colcon_core.package_discovery:discover_packages(path) check parameters
[0.435s] Level 1:colcon.colcon_core.package_discovery:discover_packages(colcon_meta) discover
[0.435s] Level 1:colcon.colcon_core.package_discovery:discover_packages(recursive) discover
[0.435s] INFO:colcon.colcon_core.package_discovery:Crawling recursively for packages in '/home/tofu/catkin_ws'
[0.435s] Level 1:colcon.colcon_core.package_identification:_identify(.) by extensions ['ignore', 'ignore_ament_install']
[0.435s] Level 1:colcon.colcon_core.package_identification:_identify(.) by extension 'ignore'
[0.435s] Level 1:colcon.colcon_core.package_identification:_identify(.) by extension 'ignore_ament_install'
[0.435s] Level 1:colcon.colcon_core.package_identification:_identify(.) by extensions ['colcon_pkg']
[0.435s] Level 1:colcon.colcon_core.package_identification:_identify(.) by extension 'colcon_pkg'
[0.435s] Level 1:colcon.colcon_core.package_identification:_identify(.) by extensions ['colcon_meta']
[0.435s] Level 1:colcon.colcon_core.package_identification:_identify(.) by extension 'colcon_meta'
[0.435s] Level 1:colcon.colcon_core.package_identification:_identify(.) by extensions ['ros']
[0.435s] Level 1:colcon.colcon_core.package_identification:_identify(.) by extension 'ros'
[0.456s] Level 1:colcon.colcon_core.package_identification:_identify(.) by extensions ['cmake', 'python']
[0.456s] Level 1:colcon.colcon_core.package_identification:_identify(.) by extension 'cmake'
[0.456s] Level 1:colcon.colcon_core.package_identification:_identify(.) by extension 'python'
[0.456s] Level 1:colcon.colcon_core.package_identification:_identify(.) by extensions ['python_setup_py']
[0.456s] Level 1:colcon.colcon_core.package_identification:_identify(.) by extension 'python_setup_py'
[0.457s] Level 1:colcon.colcon_core.package_identification:_identify(build) by extensions ['ignore', 'ignore_ament_install']
[0.457s] Level 1:colcon.colcon_core.package_identification:_identify(build) by extension 'ignore'
[0.457s] Level 1:colcon.colcon_core.package_identification:_identify(build) ignored
[0.457s] Level 1:colcon.colcon_core.package_identification:_identify(install) by extensions ['ignore', 'ignore_ament_install']
[0.457s] Level 1:colcon.colcon_core.package_identification:_identify(install) by extension 'ignore'
[0.457s] Level 1:colcon.colcon_core.package_identification:_identify(install) ignored
[0.457s] Level 1:colcon.colcon_core.package_identification:_identify(log) by extensions ['ignore', 'ignore_ament_install']
[0.457s] Level 1:colcon.colcon_core.package_identification:_identify(log) by extension 'ignore'
[0.457s] Level 1:colcon.colcon_core.package_identification:_identify(log) ignored
[0.457s] Level 1:colcon.colcon_core.package_identification:_identify(src) by extensions ['ignore', 'ignore_ament_install']
[0.457s] Level 1:colcon.colcon_core.package_identification:_identify(src) by extension 'ignore'
[0.458s] Level 1:colcon.colcon_core.package_identification:_identify(src) by extension 'ignore_ament_install'
[0.458s] Level 1:colcon.colcon_core.package_identification:_identify(src) by extensions ['colcon_pkg']
[0.458s] Level 1:colcon.colcon_core.package_identification:_identify(src) by extension 'colcon_pkg'
[0.458s] Level 1:colcon.colcon_core.package_identification:_identify(src) by extensions ['colcon_meta']
[0.458s] Level 1:colcon.colcon_core.package_identification:_identify(src) by extension 'colcon_meta'
[0.458s] Level 1:colcon.colcon_core.package_identification:_identify(src) by extensions ['ros']
[0.458s] Level 1:colcon.colcon_core.package_identification:_identify(src) by extension 'ros'
[0.458s] Level 1:colcon.colcon_core.package_identification:_identify(src) by extensions ['cmake', 'python']
[0.458s] Level 1:colcon.colcon_core.package_identification:_identify(src) by extension 'cmake'
[0.458s] Level 1:colcon.colcon_core.package_identification:_identify(src) by extension 'python'
[0.458s] Level 1:colcon.colcon_core.package_identification:_identify(src) by extensions ['python_setup_py']
[0.458s] Level 1:colcon.colcon_core.package_identification:_identify(src) by extension 'python_setup_py'
[0.458s] Level 1:colcon.colcon_core.package_identification:_identify(src/c_test) by extensions ['ignore', 'ignore_ament_install']
[0.458s] Level 1:colcon.colcon_core.package_identification:_identify(src/c_test) by extension 'ignore'
[0.458s] Level 1:colcon.colcon_core.package_identification:_identify(src/c_test) by extension 'ignore_ament_install'
[0.458s] Level 1:colcon.colcon_core.package_identification:_identify(src/c_test) by extensions ['colcon_pkg']
[0.458s] Level 1:colcon.colcon_core.package_identification:_identify(src/c_test) by extension 'colcon_pkg'
[0.458s] Level 1:colcon.colcon_core.package_identification:_identify(src/c_test) by extensions ['colcon_meta']
[0.458s] Level 1:colcon.colcon_core.package_identification:_identify(src/c_test) by extension 'colcon_meta'
[0.458s] Level 1:colcon.colcon_core.package_identification:_identify(src/c_test) by extensions ['ros']
[0.458s] Level 1:colcon.colcon_core.package_identification:_identify(src/c_test) by extension 'ros'
[0.462s] DEBUG:colcon.colcon_core.package_identification:Package 'src/c_test' with type 'ros.ament_cmake' and name 'c_test'
[0.463s] Level 1:colcon.colcon_core.package_identification:_identify(src/model) by extensions ['ignore', 'ignore_ament_install']
[0.463s] Level 1:colcon.colcon_core.package_identification:_identify(src/model) by extension 'ignore'
[0.463s] Level 1:colcon.colcon_core.package_identification:_identify(src/model) by extension 'ignore_ament_install'
[0.463s] Level 1:colcon.colcon_core.package_identification:_identify(src/model) by extensions ['colcon_pkg']
[0.463s] Level 1:colcon.colcon_core.package_identification:_identify(src/model) by extension 'colcon_pkg'
[0.463s] Level 1:colcon.colcon_core.package_identification:_identify(src/model) by extensions ['colcon_meta']
[0.463s] Level 1:colcon.colcon_core.package_identification:_identify(src/model) by extension 'colcon_meta'
[0.463s] Level 1:colcon.colcon_core.package_identification:_identify(src/model) by extensions ['ros']
[0.463s] Level 1:colcon.colcon_core.package_identification:_identify(src/model) by extension 'ros'
[0.464s] DEBUG:colcon.colcon_core.package_identification:Package 'src/model' with type 'ros.ament_cmake' and name 'model'
[0.464s] Level 1:colcon.colcon_core.package_identification:_identify(src/my_nav) by extensions ['ignore', 'ignore_ament_install']
[0.464s] Level 1:colcon.colcon_core.package_identification:_identify(src/my_nav) by extension 'ignore'
[0.464s] Level 1:colcon.colcon_core.package_identification:_identify(src/my_nav) by extension 'ignore_ament_install'
[0.464s] Level 1:colcon.colcon_core.package_identification:_identify(src/my_nav) by extensions ['colcon_pkg']
[0.464s] Level 1:colcon.colcon_core.package_identification:_identify(src/my_nav) by extension 'colcon_pkg'
[0.464s] Level 1:colcon.colcon_core.package_identification:_identify(src/my_nav) by extensions ['colcon_meta']
[0.464s] Level 1:colcon.colcon_core.package_identification:_identify(src/my_nav) by extension 'colcon_meta'
[0.464s] Level 1:colcon.colcon_core.package_identification:_identify(src/my_nav) by extensions ['ros']
[0.464s] Level 1:colcon.colcon_core.package_identification:_identify(src/my_nav) by extension 'ros'
[0.465s] DEBUG:colcon.colcon_core.package_identification:Package 'src/my_nav' with type 'ros.ament_cmake' and name 'my_nav'
[0.465s] Level 1:colcon.colcon_core.package_identification:_identify(src/py_test) by extensions ['ignore', 'ignore_ament_install']
[0.465s] Level 1:colcon.colcon_core.package_identification:_identify(src/py_test) by extension 'ignore'
[0.465s] Level 1:colcon.colcon_core.package_identification:_identify(src/py_test) by extension 'ignore_ament_install'
[0.465s] Level 1:colcon.colcon_core.package_identification:_identify(src/py_test) by extensions ['colcon_pkg']
[0.465s] Level 1:colcon.colcon_core.package_identification:_identify(src/py_test) by extension 'colcon_pkg'
[0.465s] Level 1:colcon.colcon_core.package_identification:_identify(src/py_test) by extensions ['colcon_meta']
[0.465s] Level 1:colcon.colcon_core.package_identification:_identify(src/py_test) by extension 'colcon_meta'
[0.465s] Level 1:colcon.colcon_core.package_identification:_identify(src/py_test) by extensions ['ros']
[0.465s] Level 1:colcon.colcon_core.package_identification:_identify(src/py_test) by extension 'ros'
[0.466s] DEBUG:colcon.colcon_core.package_identification:Package 'src/py_test' with type 'ros.ament_python' and name 'py_test'
[0.466s] Level 1:colcon.colcon_core.package_identification:_identify(src/robot) by extensions ['ignore', 'ignore_ament_install']
[0.467s] Level 1:colcon.colcon_core.package_identification:_identify(src/robot) by extension 'ignore'
[0.467s] Level 1:colcon.colcon_core.package_identification:_identify(src/robot) by extension 'ignore_ament_install'
[0.467s] Level 1:colcon.colcon_core.package_identification:_identify(src/robot) by extensions ['colcon_pkg']
[0.467s] Level 1:colcon.colcon_core.package_identification:_identify(src/robot) by extension 'colcon_pkg'
[0.467s] Level 1:colcon.colcon_core.package_identification:_identify(src/robot) by extensions ['colcon_meta']
[0.467s] Level 1:colcon.colcon_core.package_identification:_identify(src/robot) by extension 'colcon_meta'
[0.467s] Level 1:colcon.colcon_core.package_identification:_identify(src/robot) by extensions ['ros']
[0.467s] Level 1:colcon.colcon_core.package_identification:_identify(src/robot) by extension 'ros'
[0.468s] DEBUG:colcon.colcon_core.package_identification:Package 'src/robot' with type 'ros.ament_cmake' and name 'robot'
[0.468s] Level 1:colcon.colcon_core.package_discovery:discover_packages(recursive) using defaults
[0.468s] Level 1:colcon.colcon_core.package_discovery:discover_packages(ignore) discover
[0.468s] Level 1:colcon.colcon_core.package_discovery:discover_packages(ignore) using defaults
[0.468s] Level 1:colcon.colcon_core.package_discovery:discover_packages(path) discover
[0.468s] Level 1:colcon.colcon_core.package_discovery:discover_packages(path) using defaults
[0.512s] Level 1:colcon.colcon_core.package_discovery:discover_packages(prefix_path) check parameters
[0.512s] Level 1:colcon.colcon_core.package_discovery:discover_packages(prefix_path) discover
[0.515s] DEBUG:colcon.colcon_installed_package_information.package_discovery:Found 5 installed packages in /home/tofu/catkin_ws/install
[0.517s] DEBUG:colcon.colcon_installed_package_information.package_discovery:Found 465 installed packages in /opt/ros/humble
[0.521s] Level 1:colcon.colcon_core.package_discovery:discover_packages(prefix_path) using defaults
[0.576s] Level 5:colcon.colcon_core.verb:set package 'c_test' build argument 'cmake_args' from command line to 'None'
[0.576s] Level 5:colcon.colcon_core.verb:set package 'c_test' build argument 'cmake_target' from command line to 'None'
[0.576s] Level 5:colcon.colcon_core.verb:set package 'c_test' build argument 'cmake_target_skip_unavailable' from command line to 'False'
[0.576s] Level 5:colcon.colcon_core.verb:set package 'c_test' build argument 'cmake_clean_cache' from command line to 'False'
[0.576s] Level 5:colcon.colcon_core.verb:set package 'c_test' build argument 'cmake_clean_first' from command line to 'False'
[0.576s] Level 5:colcon.colcon_core.verb:set package 'c_test' build argument 'cmake_force_configure' from command line to 'False'
[0.576s] Level 5:colcon.colcon_core.verb:set package 'c_test' build argument 'ament_cmake_args' from command line to 'None'
[0.576s] Level 5:colcon.colcon_core.verb:set package 'c_test' build argument 'catkin_cmake_args' from command line to 'None'
[0.576s] Level 5:colcon.colcon_core.verb:set package 'c_test' build argument 'catkin_skip_building_tests' from command line to 'False'
[0.576s] DEBUG:colcon.colcon_core.verb:Building package 'c_test' with the following arguments: {'ament_cmake_args': None, 'build_base': '/home/tofu/catkin_ws/build/c_test', 'catkin_cmake_args': None, 'catkin_skip_building_tests': False, 'cmake_args': None, 'cmake_clean_cache': False, 'cmake_clean_first': False, 'cmake_force_configure': False, 'cmake_target': None, 'cmake_target_skip_unavailable': False, 'install_base': '/home/tofu/catkin_ws/install/c_test', 'merge_install': False, 'path': '/home/tofu/catkin_ws/src/c_test', 'symlink_install': False, 'test_result_base': None}
[0.576s] Level 5:colcon.colcon_core.verb:set package 'model' build argument 'cmake_args' from command line to 'None'
[0.576s] Level 5:colcon.colcon_core.verb:set package 'model' build argument 'cmake_target' from command line to 'None'
[0.576s] Level 5:colcon.colcon_core.verb:set package 'model' build argument 'cmake_target_skip_unavailable' from command line to 'False'
[0.576s] Level 5:colcon.colcon_core.verb:set package 'model' build argument 'cmake_clean_cache' from command line to 'False'
[0.576s] Level 5:colcon.colcon_core.verb:set package 'model' build argument 'cmake_clean_first' from command line to 'False'
[0.577s] Level 5:colcon.colcon_core.verb:set package 'model' build argument 'cmake_force_configure' from command line to 'False'
[0.577s] Level 5:colcon.colcon_core.verb:set package 'model' build argument 'ament_cmake_args' from command line to 'None'
[0.577s] Level 5:colcon.colcon_core.verb:set package 'model' build argument 'catkin_cmake_args' from command line to 'None'
[0.577s] Level 5:colcon.colcon_core.verb:set package 'model' build argument 'catkin_skip_building_tests' from command line to 'False'
[0.577s] DEBUG:colcon.colcon_core.verb:Building package 'model' with the following arguments: {'ament_cmake_args': None, 'build_base': '/home/tofu/catkin_ws/build/model', 'catkin_cmake_args': None, 'catkin_skip_building_tests': False, 'cmake_args': None, 'cmake_clean_cache': False, 'cmake_clean_first': False, 'cmake_force_configure': False, 'cmake_target': None, 'cmake_target_skip_unavailable': False, 'install_base': '/home/tofu/catkin_ws/install/model', 'merge_install': False, 'path': '/home/tofu/catkin_ws/src/model', 'symlink_install': False, 'test_result_base': None}
[0.577s] Level 5:colcon.colcon_core.verb:set package 'my_nav' build argument 'cmake_args' from command line to 'None'
[0.577s] Level 5:colcon.colcon_core.verb:set package 'my_nav' build argument 'cmake_target' from command line to 'None'
[0.577s] Level 5:colcon.colcon_core.verb:set package 'my_nav' build argument 'cmake_target_skip_unavailable' from command line to 'False'
[0.577s] Level 5:colcon.colcon_core.verb:set package 'my_nav' build argument 'cmake_clean_cache' from command line to 'False'
[0.577s] Level 5:colcon.colcon_core.verb:set package 'my_nav' build argument 'cmake_clean_first' from command line to 'False'
[0.577s] Level 5:colcon.colcon_core.verb:set package 'my_nav' build argument 'cmake_force_configure' from command line to 'False'
[0.577s] Level 5:colcon.colcon_core.verb:set package 'my_nav' build argument 'ament_cmake_args' from command line to 'None'
[0.577s] Level 5:colcon.colcon_core.verb:set package 'my_nav' build argument 'catkin_cmake_args' from command line to 'None'
[0.577s] Level 5:colcon.colcon_core.verb:set package 'my_nav' build argument 'catkin_skip_building_tests' from command line to 'False'
[0.577s] DEBUG:colcon.colcon_core.verb:Building package 'my_nav' with the following arguments: {'ament_cmake_args': None, 'build_base': '/home/tofu/catkin_ws/build/my_nav', 'catkin_cmake_args': None, 'catkin_skip_building_tests': False, 'cmake_args': None, 'cmake_clean_cache': False, 'cmake_clean_first': False, 'cmake_force_configure': False, 'cmake_target': None, 'cmake_target_skip_unavailable': False, 'install_base': '/home/tofu/catkin_ws/install/my_nav', 'merge_install': False, 'path': '/home/tofu/catkin_ws/src/my_nav', 'symlink_install': False, 'test_result_base': None}
[0.577s] Level 5:colcon.colcon_core.verb:set package 'py_test' build argument 'cmake_args' from command line to 'None'
[0.577s] Level 5:colcon.colcon_core.verb:set package 'py_test' build argument 'cmake_target' from command line to 'None'
[0.577s] Level 5:colcon.colcon_core.verb:set package 'py_test' build argument 'cmake_target_skip_unavailable' from command line to 'False'
[0.577s] Level 5:colcon.colcon_core.verb:set package 'py_test' build argument 'cmake_clean_cache' from command line to 'False'
[0.577s] Level 5:colcon.colcon_core.verb:set package 'py_test' build argument 'cmake_clean_first' from command line to 'False'
[0.577s] Level 5:colcon.colcon_core.verb:set package 'py_test' build argument 'cmake_force_configure' from command line to 'False'
[0.577s] Level 5:colcon.colcon_core.verb:set package 'py_test' build argument 'ament_cmake_args' from command line to 'None'
[0.577s] Level 5:colcon.colcon_core.verb:set package 'py_test' build argument 'catkin_cmake_args' from command line to 'None'
[0.577s] Level 5:colcon.colcon_core.verb:set package 'py_test' build argument 'catkin_skip_building_tests' from command line to 'False'
[0.577s] DEBUG:colcon.colcon_core.verb:Building package 'py_test' with the following arguments: {'ament_cmake_args': None, 'build_base': '/home/tofu/catkin_ws/build/py_test', 'catkin_cmake_args': None, 'catkin_skip_building_tests': False, 'cmake_args': None, 'cmake_clean_cache': False, 'cmake_clean_first': False, 'cmake_force_configure': False, 'cmake_target': None, 'cmake_target_skip_unavailable': False, 'install_base': '/home/tofu/catkin_ws/install/py_test', 'merge_install': False, 'path': '/home/tofu/catkin_ws/src/py_test', 'symlink_install': False, 'test_result_base': None}
[0.578s] Level 5:colcon.colcon_core.verb:set package 'robot' build argument 'cmake_args' from command line to 'None'
[0.578s] Level 5:colcon.colcon_core.verb:set package 'robot' build argument 'cmake_target' from command line to 'None'
[0.578s] Level 5:colcon.colcon_core.verb:set package 'robot' build argument 'cmake_target_skip_unavailable' from command line to 'False'
[0.578s] Level 5:colcon.colcon_core.verb:set package 'robot' build argument 'cmake_clean_cache' from command line to 'False'
[0.578s] Level 5:colcon.colcon_core.verb:set package 'robot' build argument 'cmake_clean_first' from command line to 'False'
[0.578s] Level 5:colcon.colcon_core.verb:set package 'robot' build argument 'cmake_force_configure' from command line to 'False'
[0.578s] Level 5:colcon.colcon_core.verb:set package 'robot' build argument 'ament_cmake_args' from command line to 'None'
[0.578s] Level 5:colcon.colcon_core.verb:set package 'robot' build argument 'catkin_cmake_args' from command line to 'None'
[0.578s] Level 5:colcon.colcon_core.verb:set package 'robot' build argument 'catkin_skip_building_tests' from command line to 'False'
[0.578s] DEBUG:colcon.colcon_core.verb:Building package 'robot' with the following arguments: {'ament_cmake_args': None, 'build_base': '/home/tofu/catkin_ws/build/robot', 'catkin_cmake_args': None, 'catkin_skip_building_tests': False, 'cmake_args': None, 'cmake_clean_cache': False, 'cmake_clean_first': False, 'cmake_force_configure': False, 'cmake_target': None, 'cmake_target_skip_unavailable': False, 'install_base': '/home/tofu/catkin_ws/install/robot', 'merge_install': False, 'path': '/home/tofu/catkin_ws/src/robot', 'symlink_install': False, 'test_result_base': None}
[0.578s] INFO:colcon.colcon_core.executor:Executing jobs using 'parallel' executor
[0.579s] DEBUG:colcon.colcon_parallel_executor.executor.parallel:run_until_complete
[0.579s] INFO:colcon.colcon_ros.task.ament_cmake.build:Building ROS package in '/home/tofu/catkin_ws/src/c_test' with build type 'ament_cmake'
[0.579s] INFO:colcon.colcon_cmake.task.cmake.build:Building CMake package in '/home/tofu/catkin_ws/src/c_test'
[0.584s] INFO:colcon.colcon_core.plugin_system:Skipping extension 'colcon_core.shell.bat': Not used on non-Windows systems
[0.584s] INFO:colcon.colcon_core.shell:Skip shell extension 'powershell' for command environment: Not usable outside of PowerShell
[0.584s] DEBUG:colcon.colcon_core.shell:Skip shell extension 'dsv' for command environment
[0.588s] INFO:colcon.colcon_ros.task.ament_cmake.build:Building ROS package in '/home/tofu/catkin_ws/src/model' with build type 'ament_cmake'
[0.588s] INFO:colcon.colcon_cmake.task.cmake.build:Building CMake package in '/home/tofu/catkin_ws/src/model'
[0.588s] INFO:colcon.colcon_core.shell:Skip shell extension 'powershell' for command environment: Not usable outside of PowerShell
[0.588s] DEBUG:colcon.colcon_core.shell:Skip shell extension 'dsv' for command environment
[0.592s] INFO:colcon.colcon_ros.task.ament_cmake.build:Building ROS package in '/home/tofu/catkin_ws/src/my_nav' with build type 'ament_cmake'
[0.592s] INFO:colcon.colcon_cmake.task.cmake.build:Building CMake package in '/home/tofu/catkin_ws/src/my_nav'
[0.592s] INFO:colcon.colcon_core.shell:Skip shell extension 'powershell' for command environment: Not usable outside of PowerShell
[0.592s] DEBUG:colcon.colcon_core.shell:Skip shell extension 'dsv' for command environment
[0.595s] INFO:colcon.colcon_ros.task.ament_python.build:Building ROS package in '/home/tofu/catkin_ws/src/py_test' with build type 'ament_python'
[0.595s] Level 1:colcon.colcon_core.shell:create_environment_hook('py_test', 'ament_prefix_path')
[0.595s] INFO:colcon.colcon_core.shell:Creating environment hook '/home/tofu/catkin_ws/install/py_test/share/py_test/hook/ament_prefix_path.ps1'
[0.596s] INFO:colcon.colcon_core.shell:Creating environment descriptor '/home/tofu/catkin_ws/install/py_test/share/py_test/hook/ament_prefix_path.dsv'
[0.597s] INFO:colcon.colcon_core.shell:Creating environment hook '/home/tofu/catkin_ws/install/py_test/share/py_test/hook/ament_prefix_path.sh'
[0.598s] INFO:colcon.colcon_core.shell:Skip shell extension 'powershell' for command environment: Not usable outside of PowerShell
[0.598s] DEBUG:colcon.colcon_core.shell:Skip shell extension 'dsv' for command environment
[0.601s] INFO:colcon.colcon_ros.task.ament_cmake.build:Building ROS package in '/home/tofu/catkin_ws/src/robot' with build type 'ament_cmake'
[0.601s] INFO:colcon.colcon_cmake.task.cmake.build:Building CMake package in '/home/tofu/catkin_ws/src/robot'
[0.601s] INFO:colcon.colcon_core.shell:Skip shell extension 'powershell' for command environment: Not usable outside of PowerShell
[0.601s] DEBUG:colcon.colcon_core.shell:Skip shell extension 'dsv' for command environment
[0.610s] DEBUG:colcon.colcon_core.event_handler.log_command:Invoking command in '/home/tofu/catkin_ws/build/c_test': CMAKE_PREFIX_PATH=${CMAKE_PREFIX_PATH}:/home/tofu/catkin_ws/install/py_test:/opt/ros/humble /usr/bin/cmake --build /home/tofu/catkin_ws/build/c_test -- -j16 -l16
[0.613s] DEBUG:colcon.colcon_core.event_handler.log_command:Invoking command in '/home/tofu/catkin_ws/build/model': CMAKE_PREFIX_PATH=${CMAKE_PREFIX_PATH}:/home/tofu/catkin_ws/install/py_test:/opt/ros/humble /usr/bin/cmake --build /home/tofu/catkin_ws/build/model -- -j16 -l16
[0.615s] DEBUG:colcon.colcon_core.event_handler.log_command:Invoking command in '/home/tofu/catkin_ws/build/my_nav': CMAKE_PREFIX_PATH=${CMAKE_PREFIX_PATH}:/home/tofu/catkin_ws/install/py_test:/opt/ros/humble /usr/bin/cmake --build /home/tofu/catkin_ws/build/my_nav -- -j16 -l16
[0.829s] INFO:colcon.colcon_core.task.python.build:Building Python package in '/home/tofu/catkin_ws/src/py_test'
[0.829s] INFO:colcon.colcon_core.shell:Skip shell extension 'powershell' for command environment: Not usable outside of PowerShell
[0.829s] DEBUG:colcon.colcon_core.shell:Skip shell extension 'dsv' for command environment
[0.845s] DEBUG:colcon.colcon_core.event_handler.log_command:Invoking command in '/home/tofu/catkin_ws/build/robot': CMAKE_PREFIX_PATH=${CMAKE_PREFIX_PATH}:/home/tofu/catkin_ws/install/py_test:/opt/ros/humble /usr/bin/cmake --build /home/tofu/catkin_ws/build/robot -- -j16 -l16
[0.847s] DEBUG:colcon.colcon_core.event_handler.log_command:Invoked command in '/home/tofu/catkin_ws/build/model' returned '0': CMAKE_PREFIX_PATH=${CMAKE_PREFIX_PATH}:/home/tofu/catkin_ws/install/py_test:/opt/ros/humble /usr/bin/cmake --build /home/tofu/catkin_ws/build/model -- -j16 -l16
[0.868s] DEBUG:colcon.colcon_core.event_handler.log_command:Invoking command in '/home/tofu/catkin_ws/build/model': CMAKE_PREFIX_PATH=${CMAKE_PREFIX_PATH}:/home/tofu/catkin_ws/install/py_test:/opt/ros/humble /usr/bin/cmake --install /home/tofu/catkin_ws/build/model
[0.881s] Level 1:colcon.colcon_core.environment:create_environment_scripts_only(model)
[0.882s] DEBUG:colcon.colcon_core.event_handler.log_command:Invoked command in '/home/tofu/catkin_ws/build/model' returned '0': CMAKE_PREFIX_PATH=${CMAKE_PREFIX_PATH}:/home/tofu/catkin_ws/install/py_test:/opt/ros/humble /usr/bin/cmake --install /home/tofu/catkin_ws/build/model
[0.887s] Level 1:colcon.colcon_core.environment:checking '/home/tofu/catkin_ws/install/model' for CMake module files
[0.887s] Level 1:colcon.colcon_core.environment:checking '/home/tofu/catkin_ws/install/model' for CMake config files
[0.888s] Level 1:colcon.colcon_core.shell:create_environment_hook('model', 'cmake_prefix_path')
[0.888s] INFO:colcon.colcon_core.shell:Creating environment hook '/home/tofu/catkin_ws/install/model/share/model/hook/cmake_prefix_path.ps1'
[0.888s] INFO:colcon.colcon_core.shell:Creating environment descriptor '/home/tofu/catkin_ws/install/model/share/model/hook/cmake_prefix_path.dsv'
[0.889s] INFO:colcon.colcon_core.shell:Creating environment hook '/home/tofu/catkin_ws/install/model/share/model/hook/cmake_prefix_path.sh'
[0.889s] Level 1:colcon.colcon_core.environment:checking '/home/tofu/catkin_ws/install/model/bin'
[0.889s] Level 1:colcon.colcon_core.environment:checking '/home/tofu/catkin_ws/install/model/lib/pkgconfig/model.pc'
[0.889s] Level 1:colcon.colcon_core.environment:checking '/home/tofu/catkin_ws/install/model/lib/python3.10/site-packages'
[0.890s] Level 1:colcon.colcon_core.environment:checking '/home/tofu/catkin_ws/install/model/bin'
[0.890s] INFO:colcon.colcon_core.shell:Creating package script '/home/tofu/catkin_ws/install/model/share/model/package.ps1'
[0.891s] INFO:colcon.colcon_core.shell:Creating package descriptor '/home/tofu/catkin_ws/install/model/share/model/package.dsv'
[0.892s] INFO:colcon.colcon_core.shell:Creating package script '/home/tofu/catkin_ws/install/model/share/model/package.sh'
[0.893s] INFO:colcon.colcon_core.shell:Creating package script '/home/tofu/catkin_ws/install/model/share/model/package.bash'
[0.894s] INFO:colcon.colcon_core.shell:Creating package script '/home/tofu/catkin_ws/install/model/share/model/package.zsh'
[0.895s] Level 1:colcon.colcon_core.environment:create_file_with_runtime_dependencies(/home/tofu/catkin_ws/install/model/share/colcon-core/packages/model)
[0.896s] Level 1:colcon.colcon_core.environment:create_environment_scripts_only(model)
[0.896s] Level 1:colcon.colcon_core.environment:checking '/home/tofu/catkin_ws/install/model' for CMake module files
[0.896s] Level 1:colcon.colcon_core.environment:checking '/home/tofu/catkin_ws/install/model' for CMake config files
[0.896s] Level 1:colcon.colcon_core.shell:create_environment_hook('model', 'cmake_prefix_path')
[0.897s] INFO:colcon.colcon_core.shell:Creating environment hook '/home/tofu/catkin_ws/install/model/share/model/hook/cmake_prefix_path.ps1'
[0.897s] INFO:colcon.colcon_core.shell:Creating environment descriptor '/home/tofu/catkin_ws/install/model/share/model/hook/cmake_prefix_path.dsv'
[0.897s] INFO:colcon.colcon_core.shell:Creating environment hook '/home/tofu/catkin_ws/install/model/share/model/hook/cmake_prefix_path.sh'
[0.898s] Level 1:colcon.colcon_core.environment:checking '/home/tofu/catkin_ws/install/model/bin'
[0.898s] Level 1:colcon.colcon_core.environment:checking '/home/tofu/catkin_ws/install/model/lib/pkgconfig/model.pc'
[0.898s] Level 1:colcon.colcon_core.environment:checking '/home/tofu/catkin_ws/install/model/lib/python3.10/site-packages'
[0.898s] Level 1:colcon.colcon_core.environment:checking '/home/tofu/catkin_ws/install/model/bin'
[0.898s] INFO:colcon.colcon_core.shell:Creating package script '/home/tofu/catkin_ws/install/model/share/model/package.ps1'
[0.899s] INFO:colcon.colcon_core.shell:Creating package descriptor '/home/tofu/catkin_ws/install/model/share/model/package.dsv'
[0.899s] INFO:colcon.colcon_core.shell:Creating package script '/home/tofu/catkin_ws/install/model/share/model/package.sh'
[0.899s] INFO:colcon.colcon_core.shell:Creating package script '/home/tofu/catkin_ws/install/model/share/model/package.bash'
[0.900s] INFO:colcon.colcon_core.shell:Creating package script '/home/tofu/catkin_ws/install/model/share/model/package.zsh'
[0.900s] Level 1:colcon.colcon_core.environment:create_file_with_runtime_dependencies(/home/tofu/catkin_ws/install/model/share/colcon-core/packages/model)
[0.946s] DEBUG:colcon.colcon_core.event_handler.log_command:Invoked command in '/home/tofu/catkin_ws/build/robot' returned '0': CMAKE_PREFIX_PATH=${CMAKE_PREFIX_PATH}:/home/tofu/catkin_ws/install/py_test:/opt/ros/humble /usr/bin/cmake --build /home/tofu/catkin_ws/build/robot -- -j16 -l16
[0.949s] DEBUG:colcon.colcon_core.event_handler.log_command:Invoking command in '/home/tofu/catkin_ws/build/robot': CMAKE_PREFIX_PATH=${CMAKE_PREFIX_PATH}:/home/tofu/catkin_ws/install/py_test:/opt/ros/humble /usr/bin/cmake --install /home/tofu/catkin_ws/build/robot
[0.963s] Level 1:colcon.colcon_core.environment:create_environment_scripts_only(robot)
[0.963s] DEBUG:colcon.colcon_core.event_handler.log_command:Invoked command in '/home/tofu/catkin_ws/build/robot' returned '0': CMAKE_PREFIX_PATH=${CMAKE_PREFIX_PATH}:/home/tofu/catkin_ws/install/py_test:/opt/ros/humble /usr/bin/cmake --install /home/tofu/catkin_ws/build/robot
[0.964s] Level 1:colcon.colcon_core.environment:checking '/home/tofu/catkin_ws/install/robot' for CMake module files
[0.964s] Level 1:colcon.colcon_core.environment:checking '/home/tofu/catkin_ws/install/robot' for CMake config files
[0.964s] Level 1:colcon.colcon_core.shell:create_environment_hook('robot', 'cmake_prefix_path')
[0.965s] INFO:colcon.colcon_core.shell:Creating environment hook '/home/tofu/catkin_ws/install/robot/share/robot/hook/cmake_prefix_path.ps1'
[0.965s] INFO:colcon.colcon_core.shell:Creating environment descriptor '/home/tofu/catkin_ws/install/robot/share/robot/hook/cmake_prefix_path.dsv'
[0.965s] INFO:colcon.colcon_core.shell:Creating environment hook '/home/tofu/catkin_ws/install/robot/share/robot/hook/cmake_prefix_path.sh'
[0.966s] Level 1:colcon.colcon_core.environment:checking '/home/tofu/catkin_ws/install/robot/lib'
[0.966s] Level 1:colcon.colcon_core.environment:checking '/home/tofu/catkin_ws/install/robot/bin'
[0.966s] Level 1:colcon.colcon_core.environment:checking '/home/tofu/catkin_ws/install/robot/lib/pkgconfig/robot.pc'
[0.966s] Level 1:colcon.colcon_core.environment:checking '/home/tofu/catkin_ws/install/robot/lib/python3.10/site-packages'
[0.966s] Level 1:colcon.colcon_core.environment:checking '/home/tofu/catkin_ws/install/robot/bin'
[0.967s] INFO:colcon.colcon_core.shell:Creating package script '/home/tofu/catkin_ws/install/robot/share/robot/package.ps1'
[0.967s] INFO:colcon.colcon_core.shell:Creating package descriptor '/home/tofu/catkin_ws/install/robot/share/robot/package.dsv'
[0.967s] INFO:colcon.colcon_core.shell:Creating package script '/home/tofu/catkin_ws/install/robot/share/robot/package.sh'
[0.968s] INFO:colcon.colcon_core.shell:Creating package script '/home/tofu/catkin_ws/install/robot/share/robot/package.bash'
[0.968s] INFO:colcon.colcon_core.shell:Creating package script '/home/tofu/catkin_ws/install/robot/share/robot/package.zsh'
[0.969s] Level 1:colcon.colcon_core.environment:create_file_with_runtime_dependencies(/home/tofu/catkin_ws/install/robot/share/colcon-core/packages/robot)
[0.969s] Level 1:colcon.colcon_core.environment:create_environment_scripts_only(robot)
[0.969s] Level 1:colcon.colcon_core.environment:checking '/home/tofu/catkin_ws/install/robot' for CMake module files
[0.969s] Level 1:colcon.colcon_core.environment:checking '/home/tofu/catkin_ws/install/robot' for CMake config files
[0.970s] Level 1:colcon.colcon_core.shell:create_environment_hook('robot', 'cmake_prefix_path')
[0.970s] INFO:colcon.colcon_core.shell:Creating environment hook '/home/tofu/catkin_ws/install/robot/share/robot/hook/cmake_prefix_path.ps1'
[0.970s] INFO:colcon.colcon_core.shell:Creating environment descriptor '/home/tofu/catkin_ws/install/robot/share/robot/hook/cmake_prefix_path.dsv'
[0.970s] INFO:colcon.colcon_core.shell:Creating environment hook '/home/tofu/catkin_ws/install/robot/share/robot/hook/cmake_prefix_path.sh'
[0.971s] Level 1:colcon.colcon_core.environment:checking '/home/tofu/catkin_ws/install/robot/lib'
[0.971s] Level 1:colcon.colcon_core.environment:checking '/home/tofu/catkin_ws/install/robot/bin'
[0.971s] Level 1:colcon.colcon_core.environment:checking '/home/tofu/catkin_ws/install/robot/lib/pkgconfig/robot.pc'
[0.971s] Level 1:colcon.colcon_core.environment:checking '/home/tofu/catkin_ws/install/robot/lib/python3.10/site-packages'
[0.971s] Level 1:colcon.colcon_core.environment:checking '/home/tofu/catkin_ws/install/robot/bin'
[0.971s] INFO:colcon.colcon_core.shell:Creating package script '/home/tofu/catkin_ws/install/robot/share/robot/package.ps1'
[0.972s] INFO:colcon.colcon_core.shell:Creating package descriptor '/home/tofu/catkin_ws/install/robot/share/robot/package.dsv'
[0.972s] INFO:colcon.colcon_core.shell:Creating package script '/home/tofu/catkin_ws/install/robot/share/robot/package.sh'
[0.973s] INFO:colcon.colcon_core.shell:Creating package script '/home/tofu/catkin_ws/install/robot/share/robot/package.bash'
[0.973s] INFO:colcon.colcon_core.shell:Creating package script '/home/tofu/catkin_ws/install/robot/share/robot/package.zsh'
[0.973s] Level 1:colcon.colcon_core.environment:create_file_with_runtime_dependencies(/home/tofu/catkin_ws/install/robot/share/colcon-core/packages/robot)
[1.028s] DEBUG:colcon.colcon_core.event_handler.log_command:Invoked command in '/home/tofu/catkin_ws/build/c_test' returned '0': CMAKE_PREFIX_PATH=${CMAKE_PREFIX_PATH}:/home/tofu/catkin_ws/install/py_test:/opt/ros/humble /usr/bin/cmake --build /home/tofu/catkin_ws/build/c_test -- -j16 -l16
[1.032s] DEBUG:colcon.colcon_core.event_handler.log_command:Invoking command in '/home/tofu/catkin_ws/build/c_test': CMAKE_PREFIX_PATH=${CMAKE_PREFIX_PATH}:/home/tofu/catkin_ws/install/py_test:/opt/ros/humble /usr/bin/cmake --install /home/tofu/catkin_ws/build/c_test
[1.135s] Level 1:colcon.colcon_core.environment:create_environment_scripts_only(c_test)
[1.136s] Level 1:colcon.colcon_core.environment:checking '/home/tofu/catkin_ws/install/c_test' for CMake module files
[1.136s] DEBUG:colcon.colcon_core.event_handler.log_command:Invoked command in '/home/tofu/catkin_ws/build/c_test' returned '0': CMAKE_PREFIX_PATH=${CMAKE_PREFIX_PATH}:/home/tofu/catkin_ws/install/py_test:/opt/ros/humble /usr/bin/cmake --install /home/tofu/catkin_ws/build/c_test
[1.137s] Level 1:colcon.colcon_core.environment:checking '/home/tofu/catkin_ws/install/c_test' for CMake config files
[1.137s] Level 1:colcon.colcon_core.shell:create_environment_hook('c_test', 'cmake_prefix_path')
[1.137s] INFO:colcon.colcon_core.shell:Creating environment hook '/home/tofu/catkin_ws/install/c_test/share/c_test/hook/cmake_prefix_path.ps1'
[1.138s] INFO:colcon.colcon_core.shell:Creating environment descriptor '/home/tofu/catkin_ws/install/c_test/share/c_test/hook/cmake_prefix_path.dsv'
[1.138s] INFO:colcon.colcon_core.shell:Creating environment hook '/home/tofu/catkin_ws/install/c_test/share/c_test/hook/cmake_prefix_path.sh'
[1.138s] Level 1:colcon.colcon_core.environment:checking '/home/tofu/catkin_ws/install/c_test/lib'
[1.138s] Level 1:colcon.colcon_core.shell:create_environment_hook('c_test', 'ld_library_path_lib')
[1.139s] INFO:colcon.colcon_core.shell:Creating environment hook '/home/tofu/catkin_ws/install/c_test/share/c_test/hook/ld_library_path_lib.ps1'
[1.139s] INFO:colcon.colcon_core.shell:Creating environment descriptor '/home/tofu/catkin_ws/install/c_test/share/c_test/hook/ld_library_path_lib.dsv'
[1.139s] INFO:colcon.colcon_core.shell:Creating environment hook '/home/tofu/catkin_ws/install/c_test/share/c_test/hook/ld_library_path_lib.sh'
[1.140s] Level 1:colcon.colcon_core.environment:checking '/home/tofu/catkin_ws/install/c_test/bin'
[1.140s] Level 1:colcon.colcon_core.environment:checking '/home/tofu/catkin_ws/install/c_test/lib/pkgconfig/c_test.pc'
[1.140s] Level 1:colcon.colcon_core.environment:checking '/home/tofu/catkin_ws/install/c_test/lib/python3.10/site-packages'
[1.140s] Level 1:colcon.colcon_core.environment:checking '/home/tofu/catkin_ws/install/c_test/bin'
[1.140s] INFO:colcon.colcon_core.shell:Creating package script '/home/tofu/catkin_ws/install/c_test/share/c_test/package.ps1'
[1.141s] INFO:colcon.colcon_core.shell:Creating package descriptor '/home/tofu/catkin_ws/install/c_test/share/c_test/package.dsv'
[1.141s] INFO:colcon.colcon_core.shell:Creating package script '/home/tofu/catkin_ws/install/c_test/share/c_test/package.sh'
[1.141s] INFO:colcon.colcon_core.shell:Creating package script '/home/tofu/catkin_ws/install/c_test/share/c_test/package.bash'
[1.142s] INFO:colcon.colcon_core.shell:Creating package script '/home/tofu/catkin_ws/install/c_test/share/c_test/package.zsh'
[1.142s] Level 1:colcon.colcon_core.environment:create_file_with_runtime_dependencies(/home/tofu/catkin_ws/install/c_test/share/colcon-core/packages/c_test)
[1.142s] Level 1:colcon.colcon_core.environment:create_environment_scripts_only(c_test)
[1.143s] Level 1:colcon.colcon_core.environment:checking '/home/tofu/catkin_ws/install/c_test' for CMake module files
[1.143s] Level 1:colcon.colcon_core.environment:checking '/home/tofu/catkin_ws/install/c_test' for CMake config files
[1.143s] Level 1:colcon.colcon_core.shell:create_environment_hook('c_test', 'cmake_prefix_path')
[1.143s] INFO:colcon.colcon_core.shell:Creating environment hook '/home/tofu/catkin_ws/install/c_test/share/c_test/hook/cmake_prefix_path.ps1'
[1.144s] INFO:colcon.colcon_core.shell:Creating environment descriptor '/home/tofu/catkin_ws/install/c_test/share/c_test/hook/cmake_prefix_path.dsv'
[1.144s] INFO:colcon.colcon_core.shell:Creating environment hook '/home/tofu/catkin_ws/install/c_test/share/c_test/hook/cmake_prefix_path.sh'
[1.144s] Level 1:colcon.colcon_core.environment:checking '/home/tofu/catkin_ws/install/c_test/lib'
[1.145s] Level 1:colcon.colcon_core.shell:create_environment_hook('c_test', 'ld_library_path_lib')
[1.145s] INFO:colcon.colcon_core.shell:Creating environment hook '/home/tofu/catkin_ws/install/c_test/share/c_test/hook/ld_library_path_lib.ps1'
[1.145s] INFO:colcon.colcon_core.shell:Creating environment descriptor '/home/tofu/catkin_ws/install/c_test/share/c_test/hook/ld_library_path_lib.dsv'
[1.145s] INFO:colcon.colcon_core.shell:Creating environment hook '/home/tofu/catkin_ws/install/c_test/share/c_test/hook/ld_library_path_lib.sh'
[1.146s] Level 1:colcon.colcon_core.environment:checking '/home/tofu/catkin_ws/install/c_test/bin'
[1.146s] Level 1:colcon.colcon_core.environment:checking '/home/tofu/catkin_ws/install/c_test/lib/pkgconfig/c_test.pc'
[1.146s] Level 1:colcon.colcon_core.environment:checking '/home/tofu/catkin_ws/install/c_test/lib/python3.10/site-packages'
[1.146s] Level 1:colcon.colcon_core.environment:checking '/home/tofu/catkin_ws/install/c_test/bin'
[1.146s] INFO:colcon.colcon_core.shell:Creating package script '/home/tofu/catkin_ws/install/c_test/share/c_test/package.ps1'
[1.147s] INFO:colcon.colcon_core.shell:Creating package descriptor '/home/tofu/catkin_ws/install/c_test/share/c_test/package.dsv'
[1.147s] INFO:colcon.colcon_core.shell:Creating package script '/home/tofu/catkin_ws/install/c_test/share/c_test/package.sh'
[1.148s] INFO:colcon.colcon_core.shell:Creating package script '/home/tofu/catkin_ws/install/c_test/share/c_test/package.bash'
[1.148s] INFO:colcon.colcon_core.shell:Creating package script '/home/tofu/catkin_ws/install/c_test/share/c_test/package.zsh'
[1.148s] Level 1:colcon.colcon_core.environment:create_file_with_runtime_dependencies(/home/tofu/catkin_ws/install/c_test/share/colcon-core/packages/c_test)
[1.384s] DEBUG:colcon.colcon_core.event_handler.log_command:Invoking command in '/home/tofu/catkin_ws/src/py_test': PYTHONPATH=/home/tofu/catkin_ws/build/py_test/prefix_override:/usr/lib/python3/dist-packages/colcon_core/task/python/colcon_distutils_commands:/home/tofu/catkin_ws/install/py_test/lib/python3.10/site-packages:${PYTHONPATH} /usr/bin/python3 -W ignore:setup.py install is deprecated -W ignore:easy_install command is deprecated setup.py egg_info --egg-base ../../build/py_test build --build-base /home/tofu/catkin_ws/build/py_test/build install --record /home/tofu/catkin_ws/build/py_test/install.log --single-version-externally-managed install_data
[1.604s] Level 1:colcon.colcon_core.environment:checking '/home/tofu/catkin_ws/install/py_test' for CMake module files
[1.604s] DEBUG:colcon.colcon_core.event_handler.log_command:Invoked command in '/home/tofu/catkin_ws/src/py_test' returned '0': PYTHONPATH=/home/tofu/catkin_ws/build/py_test/prefix_override:/usr/lib/python3/dist-packages/colcon_core/task/python/colcon_distutils_commands:/home/tofu/catkin_ws/install/py_test/lib/python3.10/site-packages:${PYTHONPATH} /usr/bin/python3 -W ignore:setup.py install is deprecated -W ignore:easy_install command is deprecated setup.py egg_info --egg-base ../../build/py_test build --build-base /home/tofu/catkin_ws/build/py_test/build install --record /home/tofu/catkin_ws/build/py_test/install.log --single-version-externally-managed install_data
[1.605s] Level 1:colcon.colcon_core.environment:checking '/home/tofu/catkin_ws/install/py_test' for CMake config files
[1.605s] Level 1:colcon.colcon_core.environment:checking '/home/tofu/catkin_ws/install/py_test/lib'
[1.605s] Level 1:colcon.colcon_core.environment:checking '/home/tofu/catkin_ws/install/py_test/bin'
[1.605s] Level 1:colcon.colcon_core.environment:checking '/home/tofu/catkin_ws/install/py_test/lib/pkgconfig/py_test.pc'
[1.606s] Level 1:colcon.colcon_core.environment:checking '/home/tofu/catkin_ws/install/py_test/lib/python3.10/site-packages'
[1.606s] Level 1:colcon.colcon_core.shell:create_environment_hook('py_test', 'pythonpath')
[1.606s] INFO:colcon.colcon_core.shell:Creating environment hook '/home/tofu/catkin_ws/install/py_test/share/py_test/hook/pythonpath.ps1'
[1.606s] INFO:colcon.colcon_core.shell:Creating environment descriptor '/home/tofu/catkin_ws/install/py_test/share/py_test/hook/pythonpath.dsv'
[1.607s] INFO:colcon.colcon_core.shell:Creating environment hook '/home/tofu/catkin_ws/install/py_test/share/py_test/hook/pythonpath.sh'
[1.607s] Level 1:colcon.colcon_core.environment:checking '/home/tofu/catkin_ws/install/py_test/bin'
[1.607s] Level 1:colcon.colcon_core.environment:create_environment_scripts_only(py_test)
[1.607s] INFO:colcon.colcon_core.shell:Creating package script '/home/tofu/catkin_ws/install/py_test/share/py_test/package.ps1'
[1.608s] INFO:colcon.colcon_core.shell:Creating package descriptor '/home/tofu/catkin_ws/install/py_test/share/py_test/package.dsv'
[1.608s] INFO:colcon.colcon_core.shell:Creating package script '/home/tofu/catkin_ws/install/py_test/share/py_test/package.sh'
[1.609s] INFO:colcon.colcon_core.shell:Creating package script '/home/tofu/catkin_ws/install/py_test/share/py_test/package.bash'
[1.609s] INFO:colcon.colcon_core.shell:Creating package script '/home/tofu/catkin_ws/install/py_test/share/py_test/package.zsh'
[1.609s] Level 1:colcon.colcon_core.environment:create_file_with_runtime_dependencies(/home/tofu/catkin_ws/install/py_test/share/colcon-core/packages/py_test)
[10.501s] DEBUG:colcon.colcon_core.event_handler.log_command:Invoked command in '/home/tofu/catkin_ws/build/my_nav' returned '0': CMAKE_PREFIX_PATH=${CMAKE_PREFIX_PATH}:/home/tofu/catkin_ws/install/py_test:/opt/ros/humble /usr/bin/cmake --build /home/tofu/catkin_ws/build/my_nav -- -j16 -l16
[10.504s] DEBUG:colcon.colcon_core.event_handler.log_command:Invoking command in '/home/tofu/catkin_ws/build/my_nav': CMAKE_PREFIX_PATH=${CMAKE_PREFIX_PATH}:/home/tofu/catkin_ws/install/py_test:/opt/ros/humble /usr/bin/cmake --install /home/tofu/catkin_ws/build/my_nav
[10.537s] Level 1:colcon.colcon_core.environment:create_environment_scripts_only(my_nav)
[10.538s] Level 1:colcon.colcon_core.environment:checking '/home/tofu/catkin_ws/install/my_nav' for CMake module files
[10.538s] DEBUG:colcon.colcon_core.event_handler.log_command:Invoked command in '/home/tofu/catkin_ws/build/my_nav' returned '0': CMAKE_PREFIX_PATH=${CMAKE_PREFIX_PATH}:/home/tofu/catkin_ws/install/py_test:/opt/ros/humble /usr/bin/cmake --install /home/tofu/catkin_ws/build/my_nav
[10.539s] Level 1:colcon.colcon_core.environment:checking '/home/tofu/catkin_ws/install/my_nav' for CMake config files
[10.539s] Level 1:colcon.colcon_core.shell:create_environment_hook('my_nav', 'cmake_prefix_path')
[10.539s] INFO:colcon.colcon_core.shell:Creating environment hook '/home/tofu/catkin_ws/install/my_nav/share/my_nav/hook/cmake_prefix_path.ps1'
[10.539s] INFO:colcon.colcon_core.shell:Creating environment descriptor '/home/tofu/catkin_ws/install/my_nav/share/my_nav/hook/cmake_prefix_path.dsv'
[10.540s] INFO:colcon.colcon_core.shell:Creating environment hook '/home/tofu/catkin_ws/install/my_nav/share/my_nav/hook/cmake_prefix_path.sh'
[10.540s] Level 1:colcon.colcon_core.environment:checking '/home/tofu/catkin_ws/install/my_nav/lib'
[10.540s] Level 1:colcon.colcon_core.environment:checking '/home/tofu/catkin_ws/install/my_nav/bin'
[10.540s] Level 1:colcon.colcon_core.environment:checking '/home/tofu/catkin_ws/install/my_nav/lib/pkgconfig/my_nav.pc'
[10.540s] Level 1:colcon.colcon_core.environment:checking '/home/tofu/catkin_ws/install/my_nav/lib/python3.10/site-packages'
[10.541s] Level 1:colcon.colcon_core.environment:checking '/home/tofu/catkin_ws/install/my_nav/bin'
[10.541s] INFO:colcon.colcon_core.shell:Creating package script '/home/tofu/catkin_ws/install/my_nav/share/my_nav/package.ps1'
[10.541s] INFO:colcon.colcon_core.shell:Creating package descriptor '/home/tofu/catkin_ws/install/my_nav/share/my_nav/package.dsv'
[10.542s] INFO:colcon.colcon_core.shell:Creating package script '/home/tofu/catkin_ws/install/my_nav/share/my_nav/package.sh'
[10.542s] INFO:colcon.colcon_core.shell:Creating package script '/home/tofu/catkin_ws/install/my_nav/share/my_nav/package.bash'
[10.543s] INFO:colcon.colcon_core.shell:Creating package script '/home/tofu/catkin_ws/install/my_nav/share/my_nav/package.zsh'
[10.543s] Level 1:colcon.colcon_core.environment:create_file_with_runtime_dependencies(/home/tofu/catkin_ws/install/my_nav/share/colcon-core/packages/my_nav)
[10.543s] Level 1:colcon.colcon_core.environment:create_environment_scripts_only(my_nav)
[10.544s] Level 1:colcon.colcon_core.environment:checking '/home/tofu/catkin_ws/install/my_nav' for CMake module files
[10.544s] Level 1:colcon.colcon_core.environment:checking '/home/tofu/catkin_ws/install/my_nav' for CMake config files
[10.544s] Level 1:colcon.colcon_core.shell:create_environment_hook('my_nav', 'cmake_prefix_path')
[10.544s] INFO:colcon.colcon_core.shell:Creating environment hook '/home/tofu/catkin_ws/install/my_nav/share/my_nav/hook/cmake_prefix_path.ps1'
[10.545s] INFO:colcon.colcon_core.shell:Creating environment descriptor '/home/tofu/catkin_ws/install/my_nav/share/my_nav/hook/cmake_prefix_path.dsv'
[10.545s] INFO:colcon.colcon_core.shell:Creating environment hook '/home/tofu/catkin_ws/install/my_nav/share/my_nav/hook/cmake_prefix_path.sh'
[10.545s] Level 1:colcon.colcon_core.environment:checking '/home/tofu/catkin_ws/install/my_nav/lib'
[10.545s] Level 1:colcon.colcon_core.environment:checking '/home/tofu/catkin_ws/install/my_nav/bin'
[10.545s] Level 1:colcon.colcon_core.environment:checking '/home/tofu/catkin_ws/install/my_nav/lib/pkgconfig/my_nav.pc'
[10.546s] Level 1:colcon.colcon_core.environment:checking '/home/tofu/catkin_ws/install/my_nav/lib/python3.10/site-packages'
[10.546s] Level 1:colcon.colcon_core.environment:checking '/home/tofu/catkin_ws/install/my_nav/bin'
[10.546s] INFO:colcon.colcon_core.shell:Creating package script '/home/tofu/catkin_ws/install/my_nav/share/my_nav/package.ps1'
[10.546s] INFO:colcon.colcon_core.shell:Creating package descriptor '/home/tofu/catkin_ws/install/my_nav/share/my_nav/package.dsv'
[10.547s] INFO:colcon.colcon_core.shell:Creating package script '/home/tofu/catkin_ws/install/my_nav/share/my_nav/package.sh'
[10.547s] INFO:colcon.colcon_core.shell:Creating package script '/home/tofu/catkin_ws/install/my_nav/share/my_nav/package.bash'
[10.548s] INFO:colcon.colcon_core.shell:Creating package script '/home/tofu/catkin_ws/install/my_nav/share/my_nav/package.zsh'
[10.548s] Level 1:colcon.colcon_core.environment:create_file_with_runtime_dependencies(/home/tofu/catkin_ws/install/my_nav/share/colcon-core/packages/my_nav)
[10.548s] DEBUG:colcon.colcon_parallel_executor.executor.parallel:closing loop
[10.549s] DEBUG:colcon.colcon_parallel_executor.executor.parallel:loop closed
[10.549s] DEBUG:colcon.colcon_parallel_executor.executor.parallel:run_until_complete finished with '0'
[10.549s] DEBUG:colcon.colcon_core.event_reactor:joining thread
[10.556s] INFO:colcon.colcon_core.plugin_system:Skipping extension 'colcon_notification.desktop_notification.terminal_notifier': Not used on non-Darwin systems
[10.556s] INFO:colcon.colcon_core.plugin_system:Skipping extension 'colcon_notification.desktop_notification.win32': Not used on non-Windows systems
[10.556s] INFO:colcon.colcon_notification.desktop_notification:Sending desktop notification using 'notify2'
[10.569s] DEBUG:colcon.colcon_core.event_reactor:joined thread
[10.569s] INFO:colcon.colcon_core.shell:Creating prefix script '/home/tofu/catkin_ws/install/local_setup.ps1'
[10.571s] INFO:colcon.colcon_core.shell:Creating prefix util module '/home/tofu/catkin_ws/install/_local_setup_util_ps1.py'
[10.572s] INFO:colcon.colcon_core.shell:Creating prefix chain script '/home/tofu/catkin_ws/install/setup.ps1'
[10.573s] INFO:colcon.colcon_core.shell:Creating prefix script '/home/tofu/catkin_ws/install/local_setup.sh'
[10.574s] INFO:colcon.colcon_core.shell:Creating prefix util module '/home/tofu/catkin_ws/install/_local_setup_util_sh.py'
[10.575s] INFO:colcon.colcon_core.shell:Creating prefix chain script '/home/tofu/catkin_ws/install/setup.sh'
[10.576s] INFO:colcon.colcon_core.shell:Creating prefix script '/home/tofu/catkin_ws/install/local_setup.bash'
[10.577s] INFO:colcon.colcon_core.shell:Creating prefix chain script '/home/tofu/catkin_ws/install/setup.bash'
[10.579s] INFO:colcon.colcon_core.shell:Creating prefix script '/home/tofu/catkin_ws/install/local_setup.zsh'
[10.580s] INFO:colcon.colcon_core.shell:Creating prefix chain script '/home/tofu/catkin_ws/install/setup.zsh'
