-- Found ament_cmake: 1.3.14 (/opt/ros/humble/share/ament_cmake/cmake)
-- Found rclcpp: 16.0.19 (/opt/ros/humble/share/rclcpp/cmake)
-- Found rosidl_generator_c: 3.1.8 (/opt/ros/humble/share/rosidl_generator_c/cmake)
-- Found rosidl_adapter: 3.1.8 (/opt/ros/humble/share/rosidl_adapter/cmake)
-- Found rosidl_generator_cpp: 3.1.8 (/opt/ros/humble/share/rosidl_generator_cpp/cmake)
-- Using all available rosidl_typesupport_c: rosidl_typesupport_fastrtps_c;rosidl_typesupport_introspection_c
-- Using all available rosidl_typesupport_cpp: rosidl_typesupport_fastrtps_cpp;rosidl_typesupport_introspection_cpp
-- Found rmw_implementation_cmake: 6.1.2 (/opt/ros/humble/share/rmw_implementation_cmake/cmake)
-- Found rmw_fastrtps_cpp: 6.2.10 (/opt/ros/humble/share/rmw_fastrtps_cpp/cmake)
-- Using RMW implementation 'rmw_fastrtps_cpp' as default
-- Found geometry_msgs: 4.9.1 (/opt/ros/humble/share/geometry_msgs/cmake)
-- Found nav2_bringup: 1.1.20 (/opt/ros/humble/share/nav2_bringup/cmake)
-- Found ament_lint_auto: 0.12.15 (/opt/ros/humble/share/ament_lint_auto/cmake)
-- Added test 'cppcheck' to perform static code analysis on C / C++ code
-- Configured cppcheck include dirs: 
-- Configured cppcheck exclude dirs and/or files: 
-- Added test 'flake8' to check Python code syntax and style conventions
-- Added test 'lint_cmake' to check CMake code style
-- Added test 'pep257' to check Python code against some of the docstring style conventions in PEP 257
-- Added test 'uncrustify' to check C / C++ code style
-- Configured uncrustify additional arguments: 
-- Added test 'xmllint' to check XML markup files
-- Configuring done
-- Generating done
-- Build files have been written to: /home/tofu/catkin_ws/build/robot
[35m[1mConsolidate compiler generated dependencies of target pub_cmd[0m
[35m[1mConsolidate compiler generated dependencies of target pub_cmd_sdl[0m
[100%] Built target pub_cmd
[100%] Built target pub_cmd_sdl
-- Install configuration: ""
-- Up-to-date: /home/tofu/catkin_ws/install/robot/lib/robot/pub_cmd
-- Up-to-date: /home/tofu/catkin_ws/install/robot/lib/robot/pub_cmd_sdl
-- Up-to-date: /home/tofu/catkin_ws/install/robot/share/robot/launch
-- Installing: /home/tofu/catkin_ws/install/robot/share/robot/launch/nav.launch.py
-- Installing: /home/tofu/catkin_ws/install/robot/share/robot/launch/amcl.launch.py
-- Up-to-date: /home/tofu/catkin_ws/install/robot/share/robot/launch/bringup_launch.py
-- Up-to-date: /home/tofu/catkin_ws/install/robot/share/robot/map
-- Up-to-date: /home/tofu/catkin_ws/install/robot/share/robot/map/map.yaml
-- Up-to-date: /home/tofu/catkin_ws/install/robot/share/robot/map/map.pgm
-- Up-to-date: /home/tofu/catkin_ws/install/robot/share/robot/config
-- Installing: /home/tofu/catkin_ws/install/robot/share/robot/config/nav.yaml
-- Installing: /home/tofu/catkin_ws/install/robot/share/robot/rviz
-- Installing: /home/tofu/catkin_ws/install/robot/share/robot/rviz/nav2_default_view.rviz
-- Installing: /home/tofu/catkin_ws/install/robot/share/ament_index/resource_index/package_run_dependencies/robot
-- Up-to-date: /home/tofu/catkin_ws/install/robot/share/ament_index/resource_index/parent_prefix_path/robot
-- Up-to-date: /home/tofu/catkin_ws/install/robot/share/robot/environment/ament_prefix_path.sh
-- Installing: /home/tofu/catkin_ws/install/robot/share/robot/environment/ament_prefix_path.dsv
-- Up-to-date: /home/tofu/catkin_ws/install/robot/share/robot/environment/path.sh
-- Installing: /home/tofu/catkin_ws/install/robot/share/robot/environment/path.dsv
-- Up-to-date: /home/tofu/catkin_ws/install/robot/share/robot/local_setup.bash
-- Up-to-date: /home/tofu/catkin_ws/install/robot/share/robot/local_setup.sh
-- Up-to-date: /home/tofu/catkin_ws/install/robot/share/robot/local_setup.zsh
-- Installing: /home/tofu/catkin_ws/install/robot/share/robot/local_setup.dsv
-- Installing: /home/tofu/catkin_ws/install/robot/share/robot/package.dsv
-- Up-to-date: /home/tofu/catkin_ws/install/robot/share/ament_index/resource_index/packages/robot
-- Up-to-date: /home/tofu/catkin_ws/install/robot/share/robot/cmake/robotConfig.cmake
-- Up-to-date: /home/tofu/catkin_ws/install/robot/share/robot/cmake/robotConfig-version.cmake
-- Installing: /home/tofu/catkin_ws/install/robot/share/robot/package.xml
