[0.021s] Invoking command in '/home/tofu/catkin_ws/build/my_nav': CMAKE_PREFIX_PATH=${CMAKE_PREFIX_PATH}:/home/tofu/catkin_ws/install/py_test:/opt/ros/humble /usr/bin/cmake --build /home/tofu/catkin_ws/build/my_nav -- -j16 -l16
[0.193s] [35m[1mConsolidate compiler generated dependencies of target my_nav[0m
[0.194s] [ 25%] [32mBuilding CXX object CMakeFiles/my_nav.dir/src/diff_drive_controller.cpp.o[0m
[1.971s] [01m[K/home/tofu/catkin_ws/src/my_nav/src/diff_drive_controller.cpp:[m[K In member function ‘[01m[Kvoid diff_drive::Diffmove::auto_move(const double&, const double&, const double&, const double&, const double&, bool&, const SharedPtr&)[m[K’:
[1.971s] [01m[K/home/tofu/catkin_ws/src/my_nav/src/diff_drive_controller.cpp:109:62:[m[K [01;35m[Kwarning: [m[Kunused parameter ‘[01m[Kdy[m[K’ [[01;35m[K]8;;https://gcc.gnu.org/onlinedocs/gcc/Warning-Options.html#index-Wunused-parameter-Wunused-parameter]8;;[m[K]
[1.971s]   109 |     void Diffmove::auto_move(const double &dx, [01;35m[Kconst double &dy[m[K, const double &distance, const double &angle_to_goal, const double &goal_angle, bool &is_arrived, const rclcpp::Publisher<geometry_msgs::msg::Twist>::SharedPtr &cmd_vel_pub)
[1.971s]       |                                                [01;35m[K~~~~~~~~~~~~~~^~[m[K
[3.864s] [01m[K/home/tofu/catkin_ws/src/my_nav/src/diff_drive_controller.cpp:113:16:[m[K [01;35m[Kwarning: [m[K‘[01m[Kangle_diff[m[K’ is used uninitialized [[01;35m[K]8;;https://gcc.gnu.org/onlinedocs/gcc/Warning-Options.html#index-Wuninitialized-Wuninitialized]8;;[m[K]
[3.864s]   113 |         double [01;35m[Kvw[m[K = 1.0 * angle_diff; // 角速度与角度差成正比
[3.864s]       |                [01;35m[K^~[m[K
[3.864s] [01m[K/home/tofu/catkin_ws/src/my_nav/src/diff_drive_controller.cpp:111:16:[m[K [01;36m[Knote: [m[K‘[01m[Kangle_diff[m[K’ declared here
[3.864s]   111 |         double [01;36m[Kangle_diff[m[K;
[3.864s]       |                [01;36m[K^~~~~~~~~~[m[K
[6.260s] [ 50%] [32m[1mLinking CXX static library libmy_nav.a[0m
[6.439s] [ 50%] Built target my_nav
[6.464s] [ 75%] [32mBuilding CXX object CMakeFiles/t_main.dir/src/t_main.cpp.o[0m
[8.661s] [100%] [32m[1mLinking CXX executable t_main[0m
[8.952s] [100%] Built target t_main
[8.962s] Invoked command in '/home/tofu/catkin_ws/build/my_nav' returned '0': CMAKE_PREFIX_PATH=${CMAKE_PREFIX_PATH}:/home/tofu/catkin_ws/install/py_test:/opt/ros/humble /usr/bin/cmake --build /home/tofu/catkin_ws/build/my_nav -- -j16 -l16
[8.964s] Invoking command in '/home/tofu/catkin_ws/build/my_nav': CMAKE_PREFIX_PATH=${CMAKE_PREFIX_PATH}:/home/tofu/catkin_ws/install/py_test:/opt/ros/humble /usr/bin/cmake --install /home/tofu/catkin_ws/build/my_nav
[8.970s] -- Install configuration: ""
[8.970s] -- Installing: /home/tofu/catkin_ws/install/my_nav/lib/libmy_nav.a
[8.986s] -- Installing: /home/tofu/catkin_ws/install/my_nav/lib/my_nav/t_main
[8.992s] -- Set runtime path of "/home/tofu/catkin_ws/install/my_nav/lib/my_nav/t_main" to ""
[8.992s] -- Up-to-date: /home/tofu/catkin_ws/install/my_nav/include/my_nav
[8.992s] -- Up-to-date: /home/tofu/catkin_ws/install/my_nav/include/my_nav/my_nav
[8.992s] -- Installing: /home/tofu/catkin_ws/install/my_nav/include/my_nav/diff_drive_controller.hpp
[8.992s] -- Up-to-date: /home/tofu/catkin_ws/install/my_nav/share/my_nav/launch
[8.992s] -- Up-to-date: /home/tofu/catkin_ws/install/my_nav/share/ament_index/resource_index/package_run_dependencies/my_nav
[8.992s] -- Up-to-date: /home/tofu/catkin_ws/install/my_nav/share/ament_index/resource_index/parent_prefix_path/my_nav
[8.992s] -- Up-to-date: /home/tofu/catkin_ws/install/my_nav/share/my_nav/environment/ament_prefix_path.sh
[8.992s] -- Up-to-date: /home/tofu/catkin_ws/install/my_nav/share/my_nav/environment/ament_prefix_path.dsv
[8.992s] -- Up-to-date: /home/tofu/catkin_ws/install/my_nav/share/my_nav/environment/path.sh
[8.993s] -- Up-to-date: /home/tofu/catkin_ws/install/my_nav/share/my_nav/environment/path.dsv
[8.993s] -- Up-to-date: /home/tofu/catkin_ws/install/my_nav/share/my_nav/local_setup.bash
[8.993s] -- Up-to-date: /home/tofu/catkin_ws/install/my_nav/share/my_nav/local_setup.sh
[8.993s] -- Up-to-date: /home/tofu/catkin_ws/install/my_nav/share/my_nav/local_setup.zsh
[8.993s] -- Up-to-date: /home/tofu/catkin_ws/install/my_nav/share/my_nav/local_setup.dsv
[8.993s] -- Installing: /home/tofu/catkin_ws/install/my_nav/share/my_nav/package.dsv
[8.993s] -- Up-to-date: /home/tofu/catkin_ws/install/my_nav/share/ament_index/resource_index/packages/my_nav
[8.993s] -- Up-to-date: /home/tofu/catkin_ws/install/my_nav/share/my_nav/cmake/my_navConfig.cmake
[8.993s] -- Up-to-date: /home/tofu/catkin_ws/install/my_nav/share/my_nav/cmake/my_navConfig-version.cmake
[8.993s] -- Up-to-date: /home/tofu/catkin_ws/install/my_nav/share/my_nav/package.xml
[8.995s] Invoked command in '/home/tofu/catkin_ws/build/my_nav' returned '0': CMAKE_PREFIX_PATH=${CMAKE_PREFIX_PATH}:/home/tofu/catkin_ws/install/py_test:/opt/ros/humble /usr/bin/cmake --install /home/tofu/catkin_ws/build/my_nav
