[0.175s] Invoking command in '/home/tofu/catkin_ws/build/robot': CMAKE_PREFIX_PATH=${CMAKE_PREFIX_PATH}:/home/tofu/catkin_ws/install/py_test:/opt/ros/humble /usr/bin/cmake --build /home/tofu/catkin_ws/build/robot -- -j16 -l16
[0.193s] -- Found ament_cmake: 1.3.14 (/opt/ros/humble/share/ament_cmake/cmake)
[0.274s] -- Found rclcpp: 16.0.19 (/opt/ros/humble/share/rclcpp/cmake)
[0.293s] -- Found rosidl_generator_c: 3.1.8 (/opt/ros/humble/share/rosidl_generator_c/cmake)
[0.295s] -- Found rosidl_adapter: 3.1.8 (/opt/ros/humble/share/rosidl_adapter/cmake)
[0.298s] -- Found rosidl_generator_cpp: 3.1.8 (/opt/ros/humble/share/rosidl_generator_cpp/cmake)
[0.304s] -- Using all available rosidl_typesupport_c: rosidl_typesupport_fastrtps_c;rosidl_typesupport_introspection_c
[0.311s] -- Using all available rosidl_typesupport_cpp: rosidl_typesupport_fastrtps_cpp;rosidl_typesupport_introspection_cpp
[0.330s] -- Found rmw_implementation_cmake: 6.1.2 (/opt/ros/humble/share/rmw_implementation_cmake/cmake)
[0.330s] -- Found rmw_fastrtps_cpp: 6.2.10 (/opt/ros/humble/share/rmw_fastrtps_cpp/cmake)
[0.407s] -- Using RMW implementation 'rmw_fastrtps_cpp' as default
[0.435s] -- Found geometry_msgs: 4.9.1 (/opt/ros/humble/share/geometry_msgs/cmake)
[0.443s] -- Found ament_lint_auto: 0.12.15 (/opt/ros/humble/share/ament_lint_auto/cmake)
[0.490s] -- Added test 'cppcheck' to perform static code analysis on C / C++ code
[0.490s] -- Configured cppcheck include dirs: 
[0.490s] -- Configured cppcheck exclude dirs and/or files: 
[0.490s] -- Added test 'flake8' to check Python code syntax and style conventions
[0.490s] -- Added test 'lint_cmake' to check CMake code style
[0.491s] -- Added test 'pep257' to check Python code against some of the docstring style conventions in PEP 257
[0.492s] -- Added test 'uncrustify' to check C / C++ code style
[0.492s] -- Configured uncrustify additional arguments: 
[0.492s] -- Added test 'xmllint' to check XML markup files
[0.493s] -- Configuring done
[0.504s] -- Generating done
[0.509s] -- Build files have been written to: /home/tofu/catkin_ws/build/robot
[0.533s] [35m[1mConsolidate compiler generated dependencies of target pub_cmd[0m
[0.533s] [35m[1mConsolidate compiler generated dependencies of target pub_cmd_sdl[0m
[0.550s] [100%] Built target pub_cmd_sdl
[0.550s] [100%] Built target pub_cmd
[0.561s] Invoked command in '/home/tofu/catkin_ws/build/robot' returned '0': CMAKE_PREFIX_PATH=${CMAKE_PREFIX_PATH}:/home/tofu/catkin_ws/install/py_test:/opt/ros/humble /usr/bin/cmake --build /home/tofu/catkin_ws/build/robot -- -j16 -l16
[0.562s] Invoking command in '/home/tofu/catkin_ws/build/robot': CMAKE_PREFIX_PATH=${CMAKE_PREFIX_PATH}:/home/tofu/catkin_ws/install/py_test:/opt/ros/humble /usr/bin/cmake --install /home/tofu/catkin_ws/build/robot
[0.568s] -- Install configuration: ""
[0.568s] -- Up-to-date: /home/tofu/catkin_ws/install/robot/lib/robot/pub_cmd
[0.569s] -- Up-to-date: /home/tofu/catkin_ws/install/robot/lib/robot/pub_cmd_sdl
[0.569s] -- Up-to-date: /home/tofu/catkin_ws/install/robot/share/robot/launch
[0.569s] -- Up-to-date: /home/tofu/catkin_ws/install/robot/share/robot/launch/amcl.launch.py
[0.569s] -- Up-to-date: /home/tofu/catkin_ws/install/robot/share/robot/launch/map_s.launch.py
[0.569s] -- Up-to-date: /home/tofu/catkin_ws/install/robot/share/robot/map
[0.569s] -- Up-to-date: /home/tofu/catkin_ws/install/robot/share/robot/map/map.yaml
[0.569s] -- Up-to-date: /home/tofu/catkin_ws/install/robot/share/robot/map/map.pgm
[0.569s] -- Installing: /home/tofu/catkin_ws/install/robot/share/robot/config
[0.569s] -- Installing: /home/tofu/catkin_ws/install/robot/share/robot/config/amcl.yaml
[0.570s] -- Up-to-date: /home/tofu/catkin_ws/install/robot/share/ament_index/resource_index/package_run_dependencies/robot
[0.570s] -- Installing: /home/tofu/catkin_ws/install/robot/share/ament_index/resource_index/parent_prefix_path/robot
[0.570s] -- Up-to-date: /home/tofu/catkin_ws/install/robot/share/robot/environment/ament_prefix_path.sh
[0.570s] -- Installing: /home/tofu/catkin_ws/install/robot/share/robot/environment/ament_prefix_path.dsv
[0.570s] -- Up-to-date: /home/tofu/catkin_ws/install/robot/share/robot/environment/path.sh
[0.570s] -- Installing: /home/tofu/catkin_ws/install/robot/share/robot/environment/path.dsv
[0.570s] -- Up-to-date: /home/tofu/catkin_ws/install/robot/share/robot/local_setup.bash
[0.571s] -- Up-to-date: /home/tofu/catkin_ws/install/robot/share/robot/local_setup.sh
[0.571s] -- Up-to-date: /home/tofu/catkin_ws/install/robot/share/robot/local_setup.zsh
[0.571s] -- Installing: /home/tofu/catkin_ws/install/robot/share/robot/local_setup.dsv
[0.571s] -- Installing: /home/tofu/catkin_ws/install/robot/share/robot/package.dsv
[0.571s] -- Up-to-date: /home/tofu/catkin_ws/install/robot/share/ament_index/resource_index/packages/robot
[0.571s] -- Up-to-date: /home/tofu/catkin_ws/install/robot/share/robot/cmake/robotConfig.cmake
[0.571s] -- Up-to-date: /home/tofu/catkin_ws/install/robot/share/robot/cmake/robotConfig-version.cmake
[0.571s] -- Up-to-date: /home/tofu/catkin_ws/install/robot/share/robot/package.xml
[0.574s] Invoked command in '/home/tofu/catkin_ws/build/robot' returned '0': CMAKE_PREFIX_PATH=${CMAKE_PREFIX_PATH}:/home/tofu/catkin_ws/install/py_test:/opt/ros/humble /usr/bin/cmake --install /home/tofu/catkin_ws/build/robot
