[0.178s] Invoking command in '/home/tofu/catkin_ws/build/robot': CMAKE_PREFIX_PATH=/opt/ros/humble /usr/bin/cmake /home/tofu/catkin_ws/src/robot -DCMAKE_INSTALL_PREFIX=/home/tofu/catkin_ws/install/robot
[0.220s] -- The C compiler identification is GNU 11.4.0
[0.263s] -- The CXX compiler identification is GNU 11.4.0
[0.268s] -- Detecting C compiler ABI info
[0.329s] -- Detecting C compiler ABI info - done
[0.333s] -- Check for working C compiler: /usr/bin/cc - skipped
[0.333s] -- Detecting C compile features
[0.333s] -- Detecting C compile features - done
[0.335s] -- Detecting CXX compiler ABI info
[0.416s] -- Detecting CXX compiler ABI info - done
[0.421s] -- Check for working CXX compiler: /usr/bin/c++ - skipped
[0.421s] -- Detecting CXX compile features
[0.421s] -- Detecting CXX compile features - done
[0.424s] -- Found ament_cmake: 1.3.14 (/opt/ros/humble/share/ament_cmake/cmake)
[0.526s] -- Found Python3: /usr/bin/python3 (found version "3.10.12") found components: Interpreter 
[0.589s] -- Found rclcpp: 16.0.19 (/opt/ros/humble/share/rclcpp/cmake)
[0.620s] -- Found rosidl_generator_c: 3.1.8 (/opt/ros/humble/share/rosidl_generator_c/cmake)
[0.624s] -- Found rosidl_adapter: 3.1.8 (/opt/ros/humble/share/rosidl_adapter/cmake)
[0.630s] -- Found rosidl_generator_cpp: 3.1.8 (/opt/ros/humble/share/rosidl_generator_cpp/cmake)
[0.639s] -- Using all available rosidl_typesupport_c: rosidl_typesupport_fastrtps_c;rosidl_typesupport_introspection_c
[0.650s] -- Using all available rosidl_typesupport_cpp: rosidl_typesupport_fastrtps_cpp;rosidl_typesupport_introspection_cpp
[0.684s] -- Found rmw_implementation_cmake: 6.1.2 (/opt/ros/humble/share/rmw_implementation_cmake/cmake)
[0.686s] -- Found rmw_fastrtps_cpp: 6.2.10 (/opt/ros/humble/share/rmw_fastrtps_cpp/cmake)
[0.764s] -- Found OpenSSL: /usr/lib/x86_64-linux-gnu/libcrypto.so (found version "3.0.2")  
[0.784s] -- Found FastRTPS: /opt/ros/humble/include  
[0.816s] -- Using RMW implementation 'rmw_fastrtps_cpp' as default
[0.823s] -- Looking for pthread.h
[0.885s] -- Looking for pthread.h - found
[0.886s] -- Performing Test CMAKE_HAVE_LIBC_PTHREAD
[0.948s] -- Performing Test CMAKE_HAVE_LIBC_PTHREAD - Success
[0.949s] -- Found Threads: TRUE  
[0.982s] -- Found geometry_msgs: 4.9.1 (/opt/ros/humble/share/geometry_msgs/cmake)
[0.994s] -- Found ament_lint_auto: 0.12.15 (/opt/ros/humble/share/ament_lint_auto/cmake)
[1.046s] -- Added test 'cppcheck' to perform static code analysis on C / C++ code
[1.046s] -- Configured cppcheck include dirs: 
[1.046s] -- Configured cppcheck exclude dirs and/or files: 
[1.047s] -- Added test 'flake8' to check Python code syntax and style conventions
[1.047s] -- Added test 'lint_cmake' to check CMake code style
[1.047s] -- Added test 'pep257' to check Python code against some of the docstring style conventions in PEP 257
[1.048s] -- Added test 'uncrustify' to check C / C++ code style
[1.048s] -- Configured uncrustify additional arguments: 
[1.049s] -- Added test 'xmllint' to check XML markup files
[1.050s] -- Configuring done
[1.058s] -- Generating done
[1.062s] -- Build files have been written to: /home/tofu/catkin_ws/build/robot
[1.070s] Invoked command in '/home/tofu/catkin_ws/build/robot' returned '0': CMAKE_PREFIX_PATH=/opt/ros/humble /usr/bin/cmake /home/tofu/catkin_ws/src/robot -DCMAKE_INSTALL_PREFIX=/home/tofu/catkin_ws/install/robot
[1.072s] Invoking command in '/home/tofu/catkin_ws/build/robot': CMAKE_PREFIX_PATH=/opt/ros/humble /usr/bin/cmake --build /home/tofu/catkin_ws/build/robot -- -j16 -l16
[1.116s] [ 50%] [32mBuilding CXX object CMakeFiles/pub_cmd_sdl.dir/src/pub_cmd_sdl.cpp.o[0m
[1.116s] [ 50%] [32mBuilding CXX object CMakeFiles/pub_cmd.dir/src/pub_cmd.cpp.o[0m
[4.286s] [ 75%] [32m[1mLinking CXX executable pub_cmd[0m
[4.419s] [ 75%] Built target pub_cmd
[4.577s] [100%] [32m[1mLinking CXX executable pub_cmd_sdl[0m
[4.741s] [100%] Built target pub_cmd_sdl
[4.752s] Invoked command in '/home/tofu/catkin_ws/build/robot' returned '0': CMAKE_PREFIX_PATH=/opt/ros/humble /usr/bin/cmake --build /home/tofu/catkin_ws/build/robot -- -j16 -l16
[4.754s] Invoking command in '/home/tofu/catkin_ws/build/robot': CMAKE_PREFIX_PATH=/opt/ros/humble /usr/bin/cmake --install /home/tofu/catkin_ws/build/robot
[4.761s] -- Install configuration: ""
[4.761s] -- Installing: /home/tofu/catkin_ws/install/robot/lib/robot/pub_cmd
[4.762s] -- Set runtime path of "/home/tofu/catkin_ws/install/robot/lib/robot/pub_cmd" to ""
[4.762s] -- Installing: /home/tofu/catkin_ws/install/robot/lib/robot/pub_cmd_sdl
[4.764s] -- Set runtime path of "/home/tofu/catkin_ws/install/robot/lib/robot/pub_cmd_sdl" to ""
[4.764s] -- Installing: /home/tofu/catkin_ws/install/robot/share/robot/launch
[4.764s] -- Installing: /home/tofu/catkin_ws/install/robot/share/robot/launch/map_s.launch.py
[4.764s] -- Installing: /home/tofu/catkin_ws/install/robot/share/robot/map
[4.764s] -- Installing: /home/tofu/catkin_ws/install/robot/share/robot/map/map.yaml
[4.765s] -- Installing: /home/tofu/catkin_ws/install/robot/share/robot/map/map.pgm
[4.765s] -- Installing: /home/tofu/catkin_ws/install/robot/share/ament_index/resource_index/package_run_dependencies/robot
[4.766s] -- Installing: /home/tofu/catkin_ws/install/robot/share/ament_index/resource_index/parent_prefix_path/robot
[4.766s] -- Installing: /home/tofu/catkin_ws/install/robot/share/robot/environment/ament_prefix_path.sh
[4.766s] -- Installing: /home/tofu/catkin_ws/install/robot/share/robot/environment/ament_prefix_path.dsv
[4.766s] -- Installing: /home/tofu/catkin_ws/install/robot/share/robot/environment/path.sh
[4.766s] -- Installing: /home/tofu/catkin_ws/install/robot/share/robot/environment/path.dsv
[4.767s] -- Installing: /home/tofu/catkin_ws/install/robot/share/robot/local_setup.bash
[4.767s] -- Installing: /home/tofu/catkin_ws/install/robot/share/robot/local_setup.sh
[4.767s] -- Installing: /home/tofu/catkin_ws/install/robot/share/robot/local_setup.zsh
[4.767s] -- Installing: /home/tofu/catkin_ws/install/robot/share/robot/local_setup.dsv
[4.767s] -- Installing: /home/tofu/catkin_ws/install/robot/share/robot/package.dsv
[4.767s] -- Installing: /home/tofu/catkin_ws/install/robot/share/ament_index/resource_index/packages/robot
[4.767s] -- Installing: /home/tofu/catkin_ws/install/robot/share/robot/cmake/robotConfig.cmake
[4.768s] -- Installing: /home/tofu/catkin_ws/install/robot/share/robot/cmake/robotConfig-version.cmake
[4.768s] -- Installing: /home/tofu/catkin_ws/install/robot/share/robot/package.xml
[4.770s] Invoked command in '/home/tofu/catkin_ws/build/robot' returned '0': CMAKE_PREFIX_PATH=/opt/ros/humble /usr/bin/cmake --install /home/tofu/catkin_ws/build/robot
