[0.179s] Invoking command in '/home/tofu/catkin_ws/build/robot': CMAKE_PREFIX_PATH=${CMAKE_PREFIX_PATH}:/home/tofu/catkin_ws/install/py_test:/opt/ros/humble /usr/bin/cmake --build /home/tofu/catkin_ws/build/robot -- -j16 -l16
[0.198s] -- Found ament_cmake: 1.3.14 (/opt/ros/humble/share/ament_cmake/cmake)
[0.282s] -- Found rclcpp: 16.0.19 (/opt/ros/humble/share/rclcpp/cmake)
[0.300s] -- Found rosidl_generator_c: 3.1.8 (/opt/ros/humble/share/rosidl_generator_c/cmake)
[0.302s] -- Found rosidl_adapter: 3.1.8 (/opt/ros/humble/share/rosidl_adapter/cmake)
[0.307s] -- Found rosidl_generator_cpp: 3.1.8 (/opt/ros/humble/share/rosidl_generator_cpp/cmake)
[0.312s] -- Using all available rosidl_typesupport_c: rosidl_typesupport_fastrtps_c;rosidl_typesupport_introspection_c
[0.319s] -- Using all available rosidl_typesupport_cpp: rosidl_typesupport_fastrtps_cpp;rosidl_typesupport_introspection_cpp
[0.338s] -- Found rmw_implementation_cmake: 6.1.2 (/opt/ros/humble/share/rmw_implementation_cmake/cmake)
[0.339s] -- Found rmw_fastrtps_cpp: 6.2.10 (/opt/ros/humble/share/rmw_fastrtps_cpp/cmake)
[0.419s] -- Using RMW implementation 'rmw_fastrtps_cpp' as default
[0.448s] -- Found geometry_msgs: 4.9.1 (/opt/ros/humble/share/geometry_msgs/cmake)
[0.459s] -- Found nav2_bringup: 1.1.20 (/opt/ros/humble/share/nav2_bringup/cmake)
[0.461s] -- Found ament_lint_auto: 0.12.15 (/opt/ros/humble/share/ament_lint_auto/cmake)
[0.518s] -- Added test 'cppcheck' to perform static code analysis on C / C++ code
[0.518s] -- Configured cppcheck include dirs: 
[0.518s] -- Configured cppcheck exclude dirs and/or files: 
[0.518s] -- Added test 'flake8' to check Python code syntax and style conventions
[0.519s] -- Added test 'lint_cmake' to check CMake code style
[0.519s] -- Added test 'pep257' to check Python code against some of the docstring style conventions in PEP 257
[0.520s] -- Added test 'uncrustify' to check C / C++ code style
[0.520s] -- Configured uncrustify additional arguments: 
[0.521s] -- Added test 'xmllint' to check XML markup files
[0.524s] -- Configuring done
[0.542s] -- Generating done
[0.546s] -- Build files have been written to: /home/tofu/catkin_ws/build/robot
[0.571s] [35m[1mConsolidate compiler generated dependencies of target pub_cmd[0m
[0.571s] [35m[1mConsolidate compiler generated dependencies of target pub_cmd_sdl[0m
[0.589s] [ 50%] Built target pub_cmd
[0.590s] [100%] Built target pub_cmd_sdl
[0.600s] Invoked command in '/home/tofu/catkin_ws/build/robot' returned '0': CMAKE_PREFIX_PATH=${CMAKE_PREFIX_PATH}:/home/tofu/catkin_ws/install/py_test:/opt/ros/humble /usr/bin/cmake --build /home/tofu/catkin_ws/build/robot -- -j16 -l16
[0.602s] Invoking command in '/home/tofu/catkin_ws/build/robot': CMAKE_PREFIX_PATH=${CMAKE_PREFIX_PATH}:/home/tofu/catkin_ws/install/py_test:/opt/ros/humble /usr/bin/cmake --install /home/tofu/catkin_ws/build/robot
[0.608s] -- Install configuration: ""
[0.610s] -- Up-to-date: /home/tofu/catkin_ws/install/robot/lib/robot/pub_cmd
[0.611s] -- Up-to-date: /home/tofu/catkin_ws/install/robot/lib/robot/pub_cmd_sdl
[0.611s] -- Up-to-date: /home/tofu/catkin_ws/install/robot/share/robot/launch
[0.611s] -- Installing: /home/tofu/catkin_ws/install/robot/share/robot/launch/bringup_launch.py
[0.612s] -- Up-to-date: /home/tofu/catkin_ws/install/robot/share/robot/map
[0.612s] -- Up-to-date: /home/tofu/catkin_ws/install/robot/share/robot/map/map.yaml
[0.612s] -- Up-to-date: /home/tofu/catkin_ws/install/robot/share/robot/map/map.pgm
[0.612s] -- Up-to-date: /home/tofu/catkin_ws/install/robot/share/robot/config
[0.612s] -- Up-to-date: /home/tofu/catkin_ws/install/robot/share/ament_index/resource_index/package_run_dependencies/robot
[0.612s] -- Up-to-date: /home/tofu/catkin_ws/install/robot/share/ament_index/resource_index/parent_prefix_path/robot
[0.612s] -- Up-to-date: /home/tofu/catkin_ws/install/robot/share/robot/environment/ament_prefix_path.sh
[0.612s] -- Installing: /home/tofu/catkin_ws/install/robot/share/robot/environment/ament_prefix_path.dsv
[0.612s] -- Up-to-date: /home/tofu/catkin_ws/install/robot/share/robot/environment/path.sh
[0.612s] -- Installing: /home/tofu/catkin_ws/install/robot/share/robot/environment/path.dsv
[0.613s] -- Up-to-date: /home/tofu/catkin_ws/install/robot/share/robot/local_setup.bash
[0.613s] -- Up-to-date: /home/tofu/catkin_ws/install/robot/share/robot/local_setup.sh
[0.613s] -- Up-to-date: /home/tofu/catkin_ws/install/robot/share/robot/local_setup.zsh
[0.613s] -- Installing: /home/tofu/catkin_ws/install/robot/share/robot/local_setup.dsv
[0.613s] -- Installing: /home/tofu/catkin_ws/install/robot/share/robot/package.dsv
[0.613s] -- Up-to-date: /home/tofu/catkin_ws/install/robot/share/ament_index/resource_index/packages/robot
[0.613s] -- Up-to-date: /home/tofu/catkin_ws/install/robot/share/robot/cmake/robotConfig.cmake
[0.613s] -- Up-to-date: /home/tofu/catkin_ws/install/robot/share/robot/cmake/robotConfig-version.cmake
[0.613s] -- Up-to-date: /home/tofu/catkin_ws/install/robot/share/robot/package.xml
[0.615s] Invoked command in '/home/tofu/catkin_ws/build/robot' returned '0': CMAKE_PREFIX_PATH=${CMAKE_PREFIX_PATH}:/home/tofu/catkin_ws/install/py_test:/opt/ros/humble /usr/bin/cmake --install /home/tofu/catkin_ws/build/robot
