[0.197s] Invoking command in '/home/tofu/catkin_ws/build/robot': CMAKE_PREFIX_PATH=${CMAKE_PREFIX_PATH}:/home/tofu/catkin_ws/install/py_test:/opt/ros/humble /usr/bin/cmake --build /home/tofu/catkin_ws/build/robot -- -j16 -l16
[0.253s] [ 50%] Built target pub_cmd
[0.254s] [100%] Built target pub_cmd_sdl
[0.265s] Invoked command in '/home/tofu/catkin_ws/build/robot' returned '0': CMAKE_PREFIX_PATH=${CMAKE_PREFIX_PATH}:/home/tofu/catkin_ws/install/py_test:/opt/ros/humble /usr/bin/cmake --build /home/tofu/catkin_ws/build/robot -- -j16 -l16
[0.269s] Invoking command in '/home/tofu/catkin_ws/build/robot': CMAKE_PREFIX_PATH=${CMAKE_PREFIX_PATH}:/home/tofu/catkin_ws/install/py_test:/opt/ros/humble /usr/bin/cmake --install /home/tofu/catkin_ws/build/robot
[0.276s] -- Install configuration: ""
[0.278s] -- Up-to-date: /home/tofu/catkin_ws/install/robot/lib/robot/pub_cmd
[0.279s] -- Up-to-date: /home/tofu/catkin_ws/install/robot/lib/robot/pub_cmd_sdl
[0.279s] -- Up-to-date: /home/tofu/catkin_ws/install/robot/share/robot/launch
[0.279s] -- Up-to-date: /home/tofu/catkin_ws/install/robot/share/robot/launch/nav.launch.py
[0.280s] -- Up-to-date: /home/tofu/catkin_ws/install/robot/share/robot/launch/localization_launch.py
[0.280s] -- Up-to-date: /home/tofu/catkin_ws/install/robot/share/robot/launch/amcl.launch.py
[0.280s] -- Up-to-date: /home/tofu/catkin_ws/install/robot/share/robot/launch/bringup_launch.py
[0.280s] -- Up-to-date: /home/tofu/catkin_ws/install/robot/share/robot/map
[0.280s] -- Up-to-date: /home/tofu/catkin_ws/install/robot/share/robot/map/map.yaml
[0.280s] -- Up-to-date: /home/tofu/catkin_ws/install/robot/share/robot/map/map.pgm
[0.280s] -- Up-to-date: /home/tofu/catkin_ws/install/robot/share/robot/config
[0.280s] -- Up-to-date: /home/tofu/catkin_ws/install/robot/share/robot/config/nav.yaml
[0.281s] -- Up-to-date: /home/tofu/catkin_ws/install/robot/share/robot/rviz
[0.281s] -- Up-to-date: /home/tofu/catkin_ws/install/robot/share/robot/rviz/nav2_default_view.rviz
[0.281s] -- Up-to-date: /home/tofu/catkin_ws/install/robot/share/ament_index/resource_index/package_run_dependencies/robot
[0.281s] -- Up-to-date: /home/tofu/catkin_ws/install/robot/share/ament_index/resource_index/parent_prefix_path/robot
[0.281s] -- Up-to-date: /home/tofu/catkin_ws/install/robot/share/robot/environment/ament_prefix_path.sh
[0.281s] -- Up-to-date: /home/tofu/catkin_ws/install/robot/share/robot/environment/ament_prefix_path.dsv
[0.281s] -- Up-to-date: /home/tofu/catkin_ws/install/robot/share/robot/environment/path.sh
[0.281s] -- Up-to-date: /home/tofu/catkin_ws/install/robot/share/robot/environment/path.dsv
[0.281s] -- Up-to-date: /home/tofu/catkin_ws/install/robot/share/robot/local_setup.bash
[0.281s] -- Up-to-date: /home/tofu/catkin_ws/install/robot/share/robot/local_setup.sh
[0.281s] -- Up-to-date: /home/tofu/catkin_ws/install/robot/share/robot/local_setup.zsh
[0.281s] -- Up-to-date: /home/tofu/catkin_ws/install/robot/share/robot/local_setup.dsv
[0.281s] -- Installing: /home/tofu/catkin_ws/install/robot/share/robot/package.dsv
[0.281s] -- Up-to-date: /home/tofu/catkin_ws/install/robot/share/ament_index/resource_index/packages/robot
[0.281s] -- Up-to-date: /home/tofu/catkin_ws/install/robot/share/robot/cmake/robotConfig.cmake
[0.281s] -- Up-to-date: /home/tofu/catkin_ws/install/robot/share/robot/cmake/robotConfig-version.cmake
[0.281s] -- Up-to-date: /home/tofu/catkin_ws/install/robot/share/robot/package.xml
[0.284s] Invoked command in '/home/tofu/catkin_ws/build/robot' returned '0': CMAKE_PREFIX_PATH=${CMAKE_PREFIX_PATH}:/home/tofu/catkin_ws/install/py_test:/opt/ros/humble /usr/bin/cmake --install /home/tofu/catkin_ws/build/robot
