[0.021s] Invoking command in '/home/tofu/catkin_ws/build/my_nav': CMAKE_PREFIX_PATH=${CMAKE_PREFIX_PATH}:/home/tofu/catkin_ws/install/py_test:/opt/ros/humble /usr/bin/cmake --build /home/tofu/catkin_ws/build/my_nav -- -j16 -l16
[0.220s] [35m[1mConsolidate compiler generated dependencies of target my_nav[0m
[0.220s] [ 25%] [32mBuilding CXX object CMakeFiles/my_nav.dir/src/diff_drive_controller.cpp.o[0m
[8.133s] [ 50%] [32m[1mLinking CXX static library libmy_nav.a[0m
[8.315s] [ 50%] Built target my_nav
[8.329s] [35m[1mConsolidate compiler generated dependencies of target t_main[0m
[8.349s] [ 75%] [32mBuilding CXX object CMakeFiles/t_main.dir/src/t_main.cpp.o[0m
[10.412s] [100%] [32m[1mLinking CXX executable t_main[0m
[10.765s] [100%] Built target t_main
[10.774s] Invoked command in '/home/tofu/catkin_ws/build/my_nav' returned '0': CMAKE_PREFIX_PATH=${CMAKE_PREFIX_PATH}:/home/tofu/catkin_ws/install/py_test:/opt/ros/humble /usr/bin/cmake --build /home/tofu/catkin_ws/build/my_nav -- -j16 -l16
[10.777s] Invoking command in '/home/tofu/catkin_ws/build/my_nav': CMAKE_PREFIX_PATH=${CMAKE_PREFIX_PATH}:/home/tofu/catkin_ws/install/py_test:/opt/ros/humble /usr/bin/cmake --install /home/tofu/catkin_ws/build/my_nav
[10.783s] -- Install configuration: ""
[10.783s] -- Installing: /home/tofu/catkin_ws/install/my_nav/lib/libmy_nav.a
[10.797s] -- Installing: /home/tofu/catkin_ws/install/my_nav/lib/my_nav/t_main
[10.802s] -- Set runtime path of "/home/tofu/catkin_ws/install/my_nav/lib/my_nav/t_main" to ""
[10.802s] -- Up-to-date: /home/tofu/catkin_ws/install/my_nav/include/my_nav
[10.802s] -- Up-to-date: /home/tofu/catkin_ws/install/my_nav/include/my_nav/my_nav
[10.802s] -- Installing: /home/tofu/catkin_ws/install/my_nav/include/my_nav/diff_drive_controller.hpp
[10.802s] -- Up-to-date: /home/tofu/catkin_ws/install/my_nav/share/my_nav/launch
[10.802s] -- Up-to-date: /home/tofu/catkin_ws/install/my_nav/share/ament_index/resource_index/package_run_dependencies/my_nav
[10.802s] -- Up-to-date: /home/tofu/catkin_ws/install/my_nav/share/ament_index/resource_index/parent_prefix_path/my_nav
[10.802s] -- Up-to-date: /home/tofu/catkin_ws/install/my_nav/share/my_nav/environment/ament_prefix_path.sh
[10.802s] -- Up-to-date: /home/tofu/catkin_ws/install/my_nav/share/my_nav/environment/ament_prefix_path.dsv
[10.802s] -- Up-to-date: /home/tofu/catkin_ws/install/my_nav/share/my_nav/environment/path.sh
[10.802s] -- Up-to-date: /home/tofu/catkin_ws/install/my_nav/share/my_nav/environment/path.dsv
[10.802s] -- Up-to-date: /home/tofu/catkin_ws/install/my_nav/share/my_nav/local_setup.bash
[10.803s] -- Up-to-date: /home/tofu/catkin_ws/install/my_nav/share/my_nav/local_setup.sh
[10.803s] -- Up-to-date: /home/tofu/catkin_ws/install/my_nav/share/my_nav/local_setup.zsh
[10.803s] -- Up-to-date: /home/tofu/catkin_ws/install/my_nav/share/my_nav/local_setup.dsv
[10.803s] -- Installing: /home/tofu/catkin_ws/install/my_nav/share/my_nav/package.dsv
[10.803s] -- Up-to-date: /home/tofu/catkin_ws/install/my_nav/share/ament_index/resource_index/packages/my_nav
[10.803s] -- Up-to-date: /home/tofu/catkin_ws/install/my_nav/share/my_nav/cmake/my_navConfig.cmake
[10.803s] -- Up-to-date: /home/tofu/catkin_ws/install/my_nav/share/my_nav/cmake/my_navConfig-version.cmake
[10.803s] -- Up-to-date: /home/tofu/catkin_ws/install/my_nav/share/my_nav/package.xml
[10.806s] Invoked command in '/home/tofu/catkin_ws/build/my_nav' returned '0': CMAKE_PREFIX_PATH=${CMAKE_PREFIX_PATH}:/home/tofu/catkin_ws/install/py_test:/opt/ros/humble /usr/bin/cmake --install /home/tofu/catkin_ws/build/my_nav
