[35m[1mConsolidate compiler generated dependencies of target my_nav[0m
[ 25%] [32mBuilding CXX object CMakeFiles/my_nav.dir/src/diff_drive_controller.cpp.o[0m
[01m[K/home/tofu/catkin_ws/src/my_nav/src/diff_drive_controller.cpp:[m[K In member function ‘[01m[Kvoid diff_drive::Diffmove::pure_pursuit(diff_drive::RobotState, const SharedPtr&)[m[K’:
[01m[K/home/tofu/catkin_ws/src/my_nav/src/diff_drive_controller.cpp:155:16:[m[K [01;35m[Kwarning: [m[Kunused variable ‘[01m[Kangle_to_goal[m[K’ [[01;35m[K]8;;https://gcc.gnu.org/onlinedocs/gcc/Warning-Options.html#index-Wunused-variable-Wunused-variable]8;;[m[K]
  155 |         double [01;35m[Kangle_to_goal[m[K = std::atan2(robot_state.y, robot_state.x);
      |                [01;35m[K^~~~~~~~~~~~~[m[K
[ 50%] [32m[1mLinking CXX static library libmy_nav.a[0m
[ 50%] Built target my_nav
[35m[1mConsolidate compiler generated dependencies of target t_main[0m
[ 75%] [32m[1mLinking CXX executable t_main[0m
[100%] Built target t_main
-- Install configuration: ""
-- Installing: /home/tofu/catkin_ws/install/my_nav/lib/libmy_nav.a
-- Installing: /home/tofu/catkin_ws/install/my_nav/lib/my_nav/t_main
-- Set runtime path of "/home/tofu/catkin_ws/install/my_nav/lib/my_nav/t_main" to ""
-- Up-to-date: /home/tofu/catkin_ws/install/my_nav/include/my_nav
-- Up-to-date: /home/tofu/catkin_ws/install/my_nav/include/my_nav/my_nav
-- Up-to-date: /home/tofu/catkin_ws/install/my_nav/include/my_nav/diff_drive_controller.hpp
-- Up-to-date: /home/tofu/catkin_ws/install/my_nav/share/my_nav/launch
-- Up-to-date: /home/tofu/catkin_ws/install/my_nav/share/ament_index/resource_index/package_run_dependencies/my_nav
-- Up-to-date: /home/tofu/catkin_ws/install/my_nav/share/ament_index/resource_index/parent_prefix_path/my_nav
-- Up-to-date: /home/tofu/catkin_ws/install/my_nav/share/my_nav/environment/ament_prefix_path.sh
-- Up-to-date: /home/tofu/catkin_ws/install/my_nav/share/my_nav/environment/ament_prefix_path.dsv
-- Up-to-date: /home/tofu/catkin_ws/install/my_nav/share/my_nav/environment/path.sh
-- Up-to-date: /home/tofu/catkin_ws/install/my_nav/share/my_nav/environment/path.dsv
-- Up-to-date: /home/tofu/catkin_ws/install/my_nav/share/my_nav/local_setup.bash
-- Up-to-date: /home/tofu/catkin_ws/install/my_nav/share/my_nav/local_setup.sh
-- Up-to-date: /home/tofu/catkin_ws/install/my_nav/share/my_nav/local_setup.zsh
-- Up-to-date: /home/tofu/catkin_ws/install/my_nav/share/my_nav/local_setup.dsv
-- Installing: /home/tofu/catkin_ws/install/my_nav/share/my_nav/package.dsv
-- Up-to-date: /home/tofu/catkin_ws/install/my_nav/share/ament_index/resource_index/packages/my_nav
-- Up-to-date: /home/tofu/catkin_ws/install/my_nav/share/my_nav/cmake/my_navConfig.cmake
-- Up-to-date: /home/tofu/catkin_ws/install/my_nav/share/my_nav/cmake/my_navConfig-version.cmake
-- Up-to-date: /home/tofu/catkin_ws/install/my_nav/share/my_nav/package.xml
