[01m[K/home/tofu/catkin_ws/src/my_nav/src/diff_drive_controller.cpp:[m[K In constructor ‘[01m[Kdiff_drive::DiffDriveController::DiffDriveController(const rclcpp::NodeOptions&)[m[K’:
[01m[K/home/tofu/catkin_ws/src/my_nav/src/diff_drive_controller.cpp:8:20:[m[K [01;31m[Kerror: [m[K‘[01m[Krclcpp::Duration::Duration()[m[K’ is private within this context
    8 |       running_(true[01;31m[K)[m[K
      |                    [01;31m[K^[m[K
In file included from [01m[K/opt/ros/humble/include/rclcpp/rclcpp/qos.hpp:20[m[K,
                 from [01m[K/opt/ros/humble/include/rclcpp/rclcpp/node_interfaces/node_graph_interface.hpp:33[m[K,
                 from [01m[K/opt/ros/humble/include/rclcpp/rclcpp/client.hpp:42[m[K,
                 from [01m[K/opt/ros/humble/include/rclcpp/rclcpp/callback_group.hpp:24[m[K,
                 from [01m[K/opt/ros/humble/include/rclcpp/rclcpp/any_executable.hpp:20[m[K,
                 from [01m[K/opt/ros/humble/include/rclcpp/rclcpp/memory_strategy.hpp:25[m[K,
                 from [01m[K/opt/ros/humble/include/rclcpp/rclcpp/memory_strategies.hpp:18[m[K,
                 from [01m[K/opt/ros/humble/include/rclcpp/rclcpp/executor_options.hpp:20[m[K,
                 from [01m[K/opt/ros/humble/include/rclcpp/rclcpp/executor.hpp:37[m[K,
                 from [01m[K/opt/ros/humble/include/rclcpp/rclcpp/executors/multi_threaded_executor.hpp:25[m[K,
                 from [01m[K/opt/ros/humble/include/rclcpp/rclcpp/executors.hpp:21[m[K,
                 from [01m[K/opt/ros/humble/include/rclcpp/rclcpp/rclcpp.hpp:155[m[K,
                 from [01m[K/home/tofu/catkin_ws/src/my_nav/include/diff_drive_controller.hpp:10[m[K,
                 from [01m[K/home/tofu/catkin_ws/src/my_nav/src/diff_drive_controller.cpp:1[m[K:
[01m[K/opt/ros/humble/include/rclcpp/rclcpp/duration.hpp:151:3:[m[K [01;36m[Knote: [m[Kdeclared private here
  151 |   [01;36m[KDuration[m[K() = default;
      |   [01;36m[K^~~~~~~~[m[K
gmake[2]: *** [CMakeFiles/my_nav.dir/build.make:76：CMakeFiles/my_nav.dir/src/diff_drive_controller.cpp.o] 错误 1
gmake[1]: *** [CMakeFiles/Makefile2:137：CMakeFiles/my_nav.dir/all] 错误 2
gmake: *** [Makefile:146：all] 错误 2
