-- Found ament_cmake: 1.3.14 (/opt/ros/humble/share/ament_cmake/cmake)
-- Found rclcpp: 16.0.19 (/opt/ros/humble/share/rclcpp/cmake)
-- Found rosidl_generator_c: 3.1.8 (/opt/ros/humble/share/rosidl_generator_c/cmake)
-- Found rosidl_adapter: 3.1.8 (/opt/ros/humble/share/rosidl_adapter/cmake)
-- Found rosidl_generator_cpp: 3.1.8 (/opt/ros/humble/share/rosidl_generator_cpp/cmake)
-- Using all available rosidl_typesupport_c: rosidl_typesupport_fastrtps_c;rosidl_typesupport_introspection_c
-- Using all available rosidl_typesupport_cpp: rosidl_typesupport_fastrtps_cpp;rosidl_typesupport_introspection_cpp
-- Found rmw_implementation_cmake: 6.1.2 (/opt/ros/humble/share/rmw_implementation_cmake/cmake)
-- Found rmw_fastrtps_cpp: 6.2.10 (/opt/ros/humble/share/rmw_fastrtps_cpp/cmake)
-- Using RMW implementation 'rmw_fastrtps_cpp' as default
-- Found nav2_bringup: 1.1.20 (/opt/ros/humble/share/nav2_bringup/cmake)
-- Found ament_lint_auto: 0.12.15 (/opt/ros/humble/share/ament_lint_auto/cmake)
-- Added test 'lint_cmake' to check CMake code style
-- Added test 'xmllint' to check XML markup files
-- Configuring done
-- Generating done
-- Build files have been written to: /home/tofu/catkin_ws/build/my_nav
-- Install configuration: ""
-- Installing: /home/tofu/catkin_ws/install/my_nav/share/ament_index/resource_index/package_run_dependencies/my_nav
-- Installing: /home/tofu/catkin_ws/install/my_nav/share/ament_index/resource_index/parent_prefix_path/my_nav
-- Installing: /home/tofu/catkin_ws/install/my_nav/share/my_nav/environment/ament_prefix_path.sh
-- Installing: /home/tofu/catkin_ws/install/my_nav/share/my_nav/environment/ament_prefix_path.dsv
-- Installing: /home/tofu/catkin_ws/install/my_nav/share/my_nav/environment/path.sh
-- Installing: /home/tofu/catkin_ws/install/my_nav/share/my_nav/environment/path.dsv
-- Installing: /home/tofu/catkin_ws/install/my_nav/share/my_nav/local_setup.bash
-- Installing: /home/tofu/catkin_ws/install/my_nav/share/my_nav/local_setup.sh
-- Installing: /home/tofu/catkin_ws/install/my_nav/share/my_nav/local_setup.zsh
-- Installing: /home/tofu/catkin_ws/install/my_nav/share/my_nav/local_setup.dsv
-- Installing: /home/tofu/catkin_ws/install/my_nav/share/my_nav/package.dsv
-- Installing: /home/tofu/catkin_ws/install/my_nav/share/ament_index/resource_index/packages/my_nav
-- Installing: /home/tofu/catkin_ws/install/my_nav/share/my_nav/cmake/my_navConfig.cmake
-- Installing: /home/tofu/catkin_ws/install/my_nav/share/my_nav/cmake/my_navConfig-version.cmake
-- Installing: /home/tofu/catkin_ws/install/my_nav/share/my_nav/package.xml
