[0.019s] Invoking command in '/home/tofu/catkin_ws/build/my_nav': CMAKE_PREFIX_PATH=${CMAKE_PREFIX_PATH}:/home/tofu/catkin_ws/install/py_test:/opt/ros/humble /usr/bin/cmake --build /home/tofu/catkin_ws/build/my_nav -- -j16 -l16
[0.193s] [ 25%] [32mBuilding CXX object CMakeFiles/my_nav.dir/src/diff_drive_controller.cpp.o[0m
[1.968s] In file included from [01m[K/home/tofu/catkin_ws/src/my_nav/src/diff_drive_controller.cpp:1[m[K:
[1.968s] [01m[K/home/tofu/catkin_ws/src/my_nav/include/diff_drive_controller.hpp:45:13:[m[K [01;31m[Kerror: [m[K‘[01m[KDiffmove[m[K’ does not name a type
[1.968s]    45 |             [01;31m[KDiffmove[m[K diff_move_;
[1.968s]       |             [01;31m[K^~~~~~~~[m[K
[1.988s] [01m[K/home/tofu/catkin_ws/src/my_nav/src/diff_drive_controller.cpp:[m[K In member function ‘[01m[Kvoid diff_drive::Diffinit::controlCallback()[m[K’:
[1.988s] [01m[K/home/tofu/catkin_ws/src/my_nav/src/diff_drive_controller.cpp:49:30:[m[K [01;31m[Kerror: [m[K‘[01m[Kdiff_move_[m[K’ was not declared in this scope; did you mean ‘[01m[KDiffmove[m[K’?
[1.988s]    49 |             if (!is_arrived) [01;31m[Kdiff_move_[m[K.auto_move(this -> x, this -> y, this -> distance, this -> angle_to_goal, this -> goal_angle, is_arrived, cmd_vel_pub_);
[1.989s]       |                              [01;31m[K^~~~~~~~~~[m[K
[1.989s]       |                              [32m[KDiffmove[m[K
[1.990s] [01m[K/home/tofu/catkin_ws/src/my_nav/src/diff_drive_controller.cpp:[m[K In member function ‘[01m[Kvoid diff_drive::Diffmove::auto_move(const double&, const double&, const double&, const double&, const double&, bool&, const SharedPtr&)[m[K’:
[1.990s] [01m[K/home/tofu/catkin_ws/src/my_nav/src/diff_drive_controller.cpp:106:44:[m[K [01;35m[Kwarning: [m[Kunused parameter ‘[01m[Kdx[m[K’ [[01;35m[K]8;;https://gcc.gnu.org/onlinedocs/gcc/Warning-Options.html#index-Wunused-parameter-Wunused-parameter]8;;[m[K]
[1.990s]   106 |     void Diffmove::auto_move([01;35m[Kconst double &dx[m[K, const double &dy, const double &distance, const double &angle_to_goal, const double &goal_angle, bool &is_arrived, const rclcpp::Publisher<geometry_msgs::msg::Twist>::SharedPtr &cmd_vel_pub)
[1.990s]       |                              [01;35m[K~~~~~~~~~~~~~~^~[m[K
[1.990s] [01m[K/home/tofu/catkin_ws/src/my_nav/src/diff_drive_controller.cpp:106:62:[m[K [01;35m[Kwarning: [m[Kunused parameter ‘[01m[Kdy[m[K’ [[01;35m[K]8;;https://gcc.gnu.org/onlinedocs/gcc/Warning-Options.html#index-Wunused-parameter-Wunused-parameter]8;;[m[K]
[1.990s]   106 |    void Diffmove::auto_move(const double &dx, [01;35m[Kconst double &dy[m[K, const double &distance, const double &angle_to_goal, const double &goal_angle, bool &is_arrived, const rclcpp::Publisher<geometry_msgs::msg::Twist>::SharedPtr &cmd_vel_pub)
[1.990s]       |                                               [01;35m[K~~~~~~~~~~~~~~^~[m[K
[1.990s] 
[3.877s] gmake[2]: *** [CMakeFiles/my_nav.dir/build.make:76：CMakeFiles/my_nav.dir/src/diff_drive_controller.cpp.o] 错误 1
[3.878s] gmake[1]: *** [CMakeFiles/Makefile2:139：CMakeFiles/my_nav.dir/all] 错误 2
[3.878s] gmake: *** [Makefile:146：all] 错误 2
[3.880s] Invoked command in '/home/tofu/catkin_ws/build/my_nav' returned '2': CMAKE_PREFIX_PATH=${CMAKE_PREFIX_PATH}:/home/tofu/catkin_ws/install/py_test:/opt/ros/humble /usr/bin/cmake --build /home/tofu/catkin_ws/build/my_nav -- -j16 -l16
