[0.019s] Invoking command in '/home/tofu/catkin_ws/build/my_nav': CMAKE_PREFIX_PATH=${CMAKE_PREFIX_PATH}:/home/tofu/catkin_ws/install/py_test:/opt/ros/humble /usr/bin/cmake --build /home/tofu/catkin_ws/build/my_nav -- -j16 -l16
[0.188s] [35m[1mConsolidate compiler generated dependencies of target my_nav[0m
[0.188s] [ 25%] [32mBuilding CXX object CMakeFiles/my_nav.dir/src/diff_drive_controller.cpp.o[0m
[1.988s] In file included from [01m[K/home/tofu/catkin_ws/src/my_nav/src/diff_drive_controller.cpp:1[m[K:
[1.988s] [01m[K/home/tofu/catkin_ws/src/my_nav/include/diff_drive_controller.hpp:39:18:[m[K [01;31m[Kerror: [m[Kextra qualification ‘[01m[Kdiff_drive::Diffmove::[m[K’ on member ‘[01m[Kis_arrived[m[K’ [[01;31m[K]8;;https://gcc.gnu.org/onlinedocs/gcc/Warning-Options.html#index-fpermissive-fpermissive]8;;[m[K]
[1.988s]    39 |             bool [01;31m[KDiffmove[m[K::is_arrived(const RobotState robot_state, rclcpp::Publisher<geometry_msgs::msg::Twist>::SharedPtr &cmd_vel_pub);
[1.988s]       |                  [01;31m[K^~~~~~~~[m[K
[2.079s] [01m[K/home/tofu/catkin_ws/src/my_nav/src/diff_drive_controller.cpp:[m[K In member function ‘[01m[Kvoid diff_drive::Diffinit::goalCallback(geometry_msgs::msg::PoseStamped_<std::allocator<void> >::SharedPtr)[m[K’:
[2.079s] [01m[K/home/tofu/catkin_ws/src/my_nav/src/diff_drive_controller.cpp:37:17:[m[K [01;31m[Kerror: [m[K‘[01m[Kclass diff_drive::Diffinit[m[K’ has no member named ‘[01m[Kis_arrived[m[K’
[2.079s]    37 |         this -> [01;31m[Kis_arrived[m[K = false;
[2.079s]       |                 [01;31m[K^~~~~~~~~~[m[K
[2.085s] [01m[K/home/tofu/catkin_ws/src/my_nav/src/diff_drive_controller.cpp:[m[K In member function ‘[01m[Kvoid diff_drive::Diffinit::controlCallback()[m[K’:
[2.085s] [01m[K/home/tofu/catkin_ws/src/my_nav/src/diff_drive_controller.cpp:55:51:[m[K [01;31m[Kerror: [m[K‘[01m[Kis_arrived[m[K’ was not declared in this scope
[2.085s]    55 |                 diff_move_.auto_move(robot_state, [01;31m[Kis_arrived[m[K, cmd_vel_pub_);
[2.085s]       |                                                   [01;31m[K^~~~~~~~~~[m[K
[2.088s] [01m[K/home/tofu/catkin_ws/src/my_nav/src/diff_drive_controller.cpp:[m[K In member function ‘[01m[Kvoid diff_drive::Diffmove::auto_move(diff_drive::RobotState, bool&, const SharedPtr&)[m[K’:
[2.088s] [01m[K/home/tofu/catkin_ws/src/my_nav/src/diff_drive_controller.cpp:114:66:[m[K [01;35m[Kwarning: [m[Kunused parameter ‘[01m[Kis_arrived[m[K’ [[01;35m[K]8;;https://gcc.gnu.org/onlinedocs/gcc/Warning-Options.html#index-Wunused-parameter-Wunused-parameter]8;;[m[K]
[2.088s]   114 |     void Diffmove::auto_move(const RobotState robot_state, [01;35m[Kbool &is_arrived[m[K, const rclcpp::Publisher<geometry_msgs::msg::Twist>::SharedPtr &cmd_vel_pub)
[2.088s]       |                                                            [01;35m[K~~~~~~^~~~~~~~~~[m[K
[4.702s] gmake[2]: *** [CMakeFiles/my_nav.dir/build.make:76：CMakeFiles/my_nav.dir/src/diff_drive_controller.cpp.o] 错误 1
[4.703s] gmake[1]: *** [CMakeFiles/Makefile2:139：CMakeFiles/my_nav.dir/all] 错误 2
[4.703s] gmake: *** [Makefile:146：all] 错误 2
[4.705s] Invoked command in '/home/tofu/catkin_ws/build/my_nav' returned '2': CMAKE_PREFIX_PATH=${CMAKE_PREFIX_PATH}:/home/tofu/catkin_ws/install/py_test:/opt/ros/humble /usr/bin/cmake --build /home/tofu/catkin_ws/build/my_nav -- -j16 -l16
