[0.022s] Invoking command in '/home/tofu/catkin_ws/build/my_nav': CMAKE_PREFIX_PATH=${CMAKE_PREFIX_PATH}:/home/tofu/catkin_ws/install/py_test:/opt/ros/humble /usr/bin/cmake --build /home/tofu/catkin_ws/build/my_nav -- -j16 -l16
[0.210s] [35m[1mConsolidate compiler generated dependencies of target my_nav[0m
[0.210s] [ 25%] [32mBuilding CXX object CMakeFiles/my_nav.dir/src/diff_drive_controller.cpp.o[0m
[2.125s] [01m[K/home/tofu/catkin_ws/src/my_nav/src/diff_drive_controller.cpp:[m[K In member function ‘[01m[Kvoid diff_drive::Diffmove::auto_move(const double&, const double&, const double&, const double&, const double&, bool&, const SharedPtr&)[m[K’:
[2.125s] [01m[K/home/tofu/catkin_ws/src/my_nav/src/diff_drive_controller.cpp:115:62:[m[K [01;35m[Kwarning: [m[Kunused parameter ‘[01m[Kdy[m[K’ [[01;35m[K]8;;https://gcc.gnu.org/onlinedocs/gcc/Warning-Options.html#index-Wunused-parameter-Wunused-parameter]8;;[m[K]
[2.125s]   115 |     void Diffmove::auto_move(const double &dx, [01;35m[Kconst double &dy[m[K, const double &distance, const double &angle_to_goal, const double &goal_angle, bool &is_arrived, const rclcpp::Publisher<geometry_msgs::msg::Twist>::SharedPtr &cmd_vel_pub)
[2.125s]       |                                                [01;35m[K~~~~~~~~~~~~~~^~[m[K
[4.175s] [01m[K/home/tofu/catkin_ws/src/my_nav/src/diff_drive_controller.cpp:119:16:[m[K [01;35m[Kwarning: [m[K‘[01m[Kangle_diff[m[K’ is used uninitialized [[01;35m[K]8;;https://gcc.gnu.org/onlinedocs/gcc/Warning-Options.html#index-Wuninitialized-Wuninitialized]8;;[m[K]
[4.175s]   119 |         double [01;35m[Kvw[m[K = 1.0 * angle_diff; // 角速度与角度差成正比
[4.175s]       |                [01;35m[K^~[m[K
[4.175s] [01m[K/home/tofu/catkin_ws/src/my_nav/src/diff_drive_controller.cpp:117:16:[m[K [01;36m[Knote: [m[K‘[01m[Kangle_diff[m[K’ declared here
[4.176s]   117 |         double [01;36m[Kangle_diff[m[K;
[4.176s]       |                [01;36m[K^~~~~~~~~~[m[K
[6.643s] [ 50%] [32m[1mLinking CXX static library libmy_nav.a[0m
[6.848s] [ 50%] Built target my_nav
[6.876s] [ 75%] [32m[1mLinking CXX executable t_main[0m
[7.215s] [100%] Built target t_main
[7.227s] Invoked command in '/home/tofu/catkin_ws/build/my_nav' returned '0': CMAKE_PREFIX_PATH=${CMAKE_PREFIX_PATH}:/home/tofu/catkin_ws/install/py_test:/opt/ros/humble /usr/bin/cmake --build /home/tofu/catkin_ws/build/my_nav -- -j16 -l16
[7.229s] Invoking command in '/home/tofu/catkin_ws/build/my_nav': CMAKE_PREFIX_PATH=${CMAKE_PREFIX_PATH}:/home/tofu/catkin_ws/install/py_test:/opt/ros/humble /usr/bin/cmake --install /home/tofu/catkin_ws/build/my_nav
[7.236s] -- Install configuration: ""
[7.236s] -- Installing: /home/tofu/catkin_ws/install/my_nav/lib/libmy_nav.a
[7.254s] -- Installing: /home/tofu/catkin_ws/install/my_nav/lib/my_nav/t_main
[7.261s] -- Set runtime path of "/home/tofu/catkin_ws/install/my_nav/lib/my_nav/t_main" to ""
[7.261s] -- Up-to-date: /home/tofu/catkin_ws/install/my_nav/include/my_nav
[7.261s] -- Up-to-date: /home/tofu/catkin_ws/install/my_nav/include/my_nav/my_nav
[7.261s] -- Up-to-date: /home/tofu/catkin_ws/install/my_nav/include/my_nav/diff_drive_controller.hpp
[7.261s] -- Up-to-date: /home/tofu/catkin_ws/install/my_nav/share/my_nav/launch
[7.262s] -- Up-to-date: /home/tofu/catkin_ws/install/my_nav/share/ament_index/resource_index/package_run_dependencies/my_nav
[7.262s] -- Up-to-date: /home/tofu/catkin_ws/install/my_nav/share/ament_index/resource_index/parent_prefix_path/my_nav
[7.262s] -- Up-to-date: /home/tofu/catkin_ws/install/my_nav/share/my_nav/environment/ament_prefix_path.sh
[7.262s] -- Up-to-date: /home/tofu/catkin_ws/install/my_nav/share/my_nav/environment/ament_prefix_path.dsv
[7.262s] -- Up-to-date: /home/tofu/catkin_ws/install/my_nav/share/my_nav/environment/path.sh
[7.262s] -- Up-to-date: /home/tofu/catkin_ws/install/my_nav/share/my_nav/environment/path.dsv
[7.262s] -- Up-to-date: /home/tofu/catkin_ws/install/my_nav/share/my_nav/local_setup.bash
[7.262s] -- Up-to-date: /home/tofu/catkin_ws/install/my_nav/share/my_nav/local_setup.sh
[7.262s] -- Up-to-date: /home/tofu/catkin_ws/install/my_nav/share/my_nav/local_setup.zsh
[7.262s] -- Up-to-date: /home/tofu/catkin_ws/install/my_nav/share/my_nav/local_setup.dsv
[7.262s] -- Installing: /home/tofu/catkin_ws/install/my_nav/share/my_nav/package.dsv
[7.262s] -- Up-to-date: /home/tofu/catkin_ws/install/my_nav/share/ament_index/resource_index/packages/my_nav
[7.262s] -- Up-to-date: /home/tofu/catkin_ws/install/my_nav/share/my_nav/cmake/my_navConfig.cmake
[7.262s] -- Up-to-date: /home/tofu/catkin_ws/install/my_nav/share/my_nav/cmake/my_navConfig-version.cmake
[7.262s] -- Up-to-date: /home/tofu/catkin_ws/install/my_nav/share/my_nav/package.xml
[7.265s] Invoked command in '/home/tofu/catkin_ws/build/my_nav' returned '0': CMAKE_PREFIX_PATH=${CMAKE_PREFIX_PATH}:/home/tofu/catkin_ws/install/py_test:/opt/ros/humble /usr/bin/cmake --install /home/tofu/catkin_ws/build/my_nav
