[ 25%] [32mBuilding CXX object CMakeFiles/my_nav.dir/src/diff_drive_controller.cpp.o[0m
[01m[K/home/tofu/catkin_ws/src/my_nav/src/diff_drive_controller.cpp:[m[K In member function ‘[01m[Kvoid diff_drive::Diffmove::auto_move(const double&, const double&, const double&, const double&, const double&, bool&, const SharedPtr&)[m[K’:
[01m[K/home/tofu/catkin_ws/src/my_nav/src/diff_drive_controller.cpp:112:62:[m[K [01;35m[Kwarning: [m[Kunused parameter ‘[01m[Kdy[m[K’ [[01;35m[K]8;;https://gcc.gnu.org/onlinedocs/gcc/Warning-Options.html#index-Wunused-parameter-Wunused-parameter]8;;[m[K]
  112 |    void Diffmove::auto_move(const double &dx, [01;35m[Kconst double &dy[m[K, const double &distance, const double &angle_to_goal, const double &goal_angle, bool &is_arrived, const rclcpp::Publisher<geometry_msgs::msg::Twist>::SharedPtr &cmd_vel_pub)
      |                                               [01;35m[K~~~~~~~~~~~~~~^~[m[K

[01m[K/home/tofu/catkin_ws/src/my_nav/src/diff_drive_controller.cpp:116:16:[m[K [01;35m[Kwarning: [m[K‘[01m[Kangle_diff[m[K’ is used uninitialized [[01;35m[K]8;;https://gcc.gnu.org/onlinedocs/gcc/Warning-Options.html#index-Wuninitialized-Wuninitialized]8;;[m[K]
  116 |         double [01;35m[Kvw[m[K = 1.0 * angle_diff; // 角速度与角度差成正比
      |                [01;35m[K^~[m[K
[01m[K/home/tofu/catkin_ws/src/my_nav/src/diff_drive_controller.cpp:114:16:[m[K [01;36m[Knote: [m[K‘[01m[Kangle_diff[m[K’ declared here
  114 |         double [01;36m[Kangle_diff[m[K;
      |                [01;36m[K^~~~~~~~~~[m[K
[ 50%] [32m[1mLinking CXX static library libmy_nav.a[0m
[ 50%] Built target my_nav
[ 75%] [32mBuilding CXX object CMakeFiles/t_main.dir/src/t_main.cpp.o[0m
[100%] [32m[1mLinking CXX executable t_main[0m
/usr/bin/ld: libmy_nav.a(diff_drive_controller.cpp.o):(.bss+0x0): multiple definition of `diff_drive::is_arrived'; CMakeFiles/t_main.dir/src/t_main.cpp.o:(.bss+0x0): first defined here
/usr/bin/ld: libmy_nav.a(diff_drive_controller.cpp.o):(.bss+0x1): multiple definition of `diff_drive::is_goal_received'; CMakeFiles/t_main.dir/src/t_main.cpp.o:(.bss+0x1): first defined here
collect2: error: ld returned 1 exit status
gmake[2]: *** [CMakeFiles/t_main.dir/build.make:207：t_main] 错误 1
gmake[1]: *** [CMakeFiles/Makefile2:165：CMakeFiles/t_main.dir/all] 错误 2
gmake: *** [Makefile:146：all] 错误 2
